2024-05-06 10:06:58,098 [INFO] Activator:176 - 


2024-05-06 10:06:58,108 [INFO] Activator:177 - !SESSION log4j initialized
2024-05-06 10:07:02,532 [INFO] LogOutputStream:77 - [STDOUT_REDIRECT] 
2024-05-06 10:07:05,327 [INFO] ApplicationProperties:184 - Using Application install path: C:\ST\STM32CubeIDE_1.14.1\STM32CubeIDE\plugins\com.st.stm32cube.common.mx_6.11.1.202404110753
2024-05-06 10:07:05,352 [INFO] DbMcusXml:78 - Set database path to: C:\ST\STM32CubeIDE_1.14.1\STM32CubeIDE\plugins\com.st.stm32cube.common.mx_6.11.1.202404110753\\db\/mcu/
2024-05-06 10:07:05,353 [INFO] ApiDb:274 - Set plugin database path to: C:\ST\STM32CubeIDE_1.14.1\STM32CubeIDE\plugins\com.st.stm32cube.common.mx_6.11.1.202404110753\\db\/plugins/boardmanager/
2024-05-06 10:07:05,353 [WARN] ApiDb:259 - Overriding images path with different value:  => C:\ST\STM32CubeIDE_1.14.1\STM32CubeIDE\plugins\com.st.stm32cube.common.mx_6.11.1.202404110753\\db\/plugins/mcufinder/images/
2024-05-06 10:07:05,368 [INFO] ApiDb:250 - Set database path to: C:\Users\andre\.stmcufinder\plugins\mcufinder//mcu/
2024-05-06 10:07:05,369 [INFO] DbMcusAds:125 - Set database path to: C:\Users\andre\.stmcufinder\plugins\mcufinder//mcu/
2024-05-06 10:07:05,371 [INFO] CrossReferenceDbSqlite:203 - Set database path to: C:\Users\andre\.stmcufinder\plugins\mcufinder//mcu/cs/
2024-05-06 10:07:05,478 [INFO] RulesReader:64 - Compatibility file has been processed (297 Rules)
2024-05-06 10:07:05,554 [INFO] DbMcusXml:78 - Set database path to: C:\ST\STM32CubeIDE_1.14.1\STM32CubeIDE\plugins\com.st.stm32cube.common.mx_6.11.1.202404110753\\db\/mcu/
2024-05-06 10:07:05,554 [INFO] ApiDb:274 - Set plugin database path to: C:\ST\STM32CubeIDE_1.14.1\STM32CubeIDE\plugins\com.st.stm32cube.common.mx_6.11.1.202404110753\\db\/plugins/boardmanager/
2024-05-06 10:07:05,554 [INFO] ApiDb:261 - Set plugin images path to: C:\ST\STM32CubeIDE_1.14.1\STM32CubeIDE\plugins\com.st.stm32cube.common.mx_6.11.1.202404110753\\db\/plugins/mcufinder/images/
2024-05-06 10:07:05,554 [WARN] DbFile:41 - Overriding database path with different value: C:\Users\andre\.stmcufinder\plugins\mcufinder/ => C:\Users\andre\.stmcufinder\plugins\mcufinder
2024-05-06 10:07:05,554 [INFO] ApiDb:250 - Set database path to: C:\Users\andre\.stmcufinder\plugins\mcufinder//mcu/
2024-05-06 10:07:05,554 [WARN] DbFile:41 - Overriding database path with different value: C:\Users\andre\.stmcufinder\plugins\mcufinder/ => C:\Users\andre\.stmcufinder\plugins\mcufinder
2024-05-06 10:07:05,554 [INFO] DbMcusAds:125 - Set database path to: C:\Users\andre\.stmcufinder\plugins\mcufinder//mcu/
2024-05-06 10:07:05,554 [WARN] DbFile:41 - Overriding database path with different value: C:\Users\andre\.stmcufinder\plugins\mcufinder/ => C:\Users\andre\.stmcufinder\plugins\mcufinder
2024-05-06 10:07:05,556 [WARN] DbFile:41 - Overriding database path with different value: C:\Users\andre\.stmcufinder\plugins\mcufinder/ => C:\Users\andre\.stmcufinder\plugins\mcufinder
2024-05-06 10:07:05,556 [INFO] CrossReferenceDbSqlite:203 - Set database path to: C:\Users\andre\.stmcufinder\plugins\mcufinder//mcu/cs/
2024-05-06 10:07:05,621 [INFO] MainPanel:264 - HeapMemory: 268435456
2024-05-06 10:07:05,695 [INFO] DbMcusXml:78 - Set database path to: C:\ST\STM32CubeIDE_1.14.1\STM32CubeIDE\plugins\com.st.stm32cube.common.mx_6.11.1.202404110753\\db\/mcu/
2024-05-06 10:07:05,696 [INFO] ApiDb:274 - Set plugin database path to: C:\ST\STM32CubeIDE_1.14.1\STM32CubeIDE\plugins\com.st.stm32cube.common.mx_6.11.1.202404110753\\db\/plugins/boardmanager/
2024-05-06 10:07:05,696 [INFO] ApiDb:261 - Set plugin images path to: C:\ST\STM32CubeIDE_1.14.1\STM32CubeIDE\plugins\com.st.stm32cube.common.mx_6.11.1.202404110753\\db\/plugins/mcufinder/images/
2024-05-06 10:07:05,696 [WARN] DbFile:41 - Overriding database path with different value: C:\Users\andre\.stmcufinder\plugins\mcufinder/ => C:\Users\andre\.stmcufinder\plugins\mcufinder
2024-05-06 10:07:05,696 [INFO] ApiDb:250 - Set database path to: C:\Users\andre\.stmcufinder\plugins\mcufinder//mcu/
2024-05-06 10:07:05,696 [WARN] DbFile:41 - Overriding database path with different value: C:\Users\andre\.stmcufinder\plugins\mcufinder/ => C:\Users\andre\.stmcufinder\plugins\mcufinder
2024-05-06 10:07:05,696 [INFO] DbMcusAds:125 - Set database path to: C:\Users\andre\.stmcufinder\plugins\mcufinder//mcu/
2024-05-06 10:07:05,696 [WARN] DbFile:41 - Overriding database path with different value: C:\Users\andre\.stmcufinder\plugins\mcufinder/ => C:\Users\andre\.stmcufinder\plugins\mcufinder
2024-05-06 10:07:05,696 [WARN] DbFile:41 - Overriding database path with different value: C:\Users\andre\.stmcufinder\plugins\mcufinder/ => C:\Users\andre\.stmcufinder\plugins\mcufinder
2024-05-06 10:07:05,696 [INFO] CrossReferenceDbSqlite:203 - Set database path to: C:\Users\andre\.stmcufinder\plugins\mcufinder//mcu/cs/
2024-05-06 10:07:05,711 [INFO] ApplicationProperties:184 - Using Application install path: C:\ST\STM32CubeIDE_1.14.1\STM32CubeIDE\plugins\com.st.stm32cube.common.mx_6.11.1.202404110753
2024-05-06 10:07:05,712 [INFO] PluginManage:196 - Search for loadable plugins [exclusion list=, ]
2024-05-06 10:07:05,713 [INFO] PluginManage:310 - Check plugin analytics
2024-05-06 10:07:05,884 [INFO] AnalyticsPlugin:253 - Accepted Software Licenses: STM32CubeMX.6.10.0
2024-05-06 10:07:05,884 [INFO] AnalyticsPlugin:255 - Accepted CMSIS Pack Licenses: STMicroelectronics.X-CUBE-AZRTOS-H7.3.2.0
2024-05-06 10:07:05,885 [INFO] AnalyticsPlugin:257 - Accepted Firmware Licenses: FW.H7.1.11.0
2024-05-06 10:07:05,886 [INFO] PluginManage:359 - Loaded plugin analytics (category:tool,tabindex:-1)
2024-05-06 10:07:05,887 [INFO] PluginManage:310 - Check plugin cadmodel
2024-05-06 10:07:05,931 [INFO] CADModel:105 - Init CAD model plugin
2024-05-06 10:07:05,931 [INFO] PluginManage:359 - Loaded plugin cadmodel (category:power,tabindex:5)
2024-05-06 10:07:05,931 [INFO] PluginManage:310 - Check plugin clock
2024-05-06 10:07:05,949 [INFO] PluginManage:359 - Loaded plugin clock (category:base,tabindex:2)
2024-05-06 10:07:05,949 [INFO] PluginManage:310 - Check plugin ddr
2024-05-06 10:07:05,952 [INFO] PluginManage:359 - Loaded plugin ddr (category:tool,tabindex:6)
2024-05-06 10:07:05,952 [INFO] PluginManage:310 - Check plugin filemanager
2024-05-06 10:07:06,067 [INFO] PluginManage:359 - Loaded plugin filemanager (category:base,tabindex:10)
2024-05-06 10:07:06,067 [INFO] PluginManage:310 - Check plugin ipmanager
2024-05-06 10:07:06,073 [INFO] PluginManage:359 - Loaded plugin ipmanager (category:base,tabindex:5)
2024-05-06 10:07:06,073 [INFO] PluginManage:310 - Check plugin lpbam
2024-05-06 10:07:06,088 [INFO] PluginManage:359 - Loaded plugin lpbam (category:base,tabindex:0)
2024-05-06 10:07:06,088 [INFO] PluginManage:310 - Check plugin memorymap
2024-05-06 10:07:06,110 [INFO] PluginManage:359 - Loaded plugin memorymap (category:base,tabindex:4)
2024-05-06 10:07:06,110 [INFO] PluginManage:310 - Check plugin pinoutandconfiguration
2024-05-06 10:07:06,125 [INFO] PluginManage:359 - Loaded plugin pinoutandconfiguration (category:base,tabindex:1)
2024-05-06 10:07:06,125 [INFO] PluginManage:310 - Check plugin pinoutconfig
2024-05-06 10:07:06,223 [WARN] SupportedApi:132 - Cannot load RTOS API schema: s4s-elt-must-match.1: The content of 'definitions' must match (annotation?, (simpleType | complexType)?, (unique | key | keyref)*)). A problem was found starting at: attribute.
2024-05-06 10:07:06,345 [INFO] PluginManage:359 - Loaded plugin pinoutconfig (category:base,tabindex:0)
2024-05-06 10:07:06,345 [INFO] PluginManage:310 - Check plugin power
2024-05-06 10:07:06,363 [INFO] PluginManage:359 - Loaded plugin power (category:power,tabindex:4)
2024-05-06 10:07:06,363 [INFO] PluginManage:310 - Check plugin projectmanager
2024-05-06 10:07:06,378 [INFO] PluginManage:359 - Loaded plugin projectmanager (category:projectmanager,tabindex:3)
2024-05-06 10:07:06,378 [INFO] PluginManage:310 - Check plugin thirdparty
2024-05-06 10:07:06,612 [INFO] PluginManage:359 - Loaded plugin thirdparty (category:base,tabindex:-1)
2024-05-06 10:07:06,612 [INFO] PluginManage:310 - Check plugin tools
2024-05-06 10:07:06,612 [WARN] IntegrityCheckThread:84 - waiting for thirdparty lock release [integrity check]
2024-05-06 10:07:06,613 [INFO] IntegrityCheckThread:86 - entering critical section [integrity check]
2024-05-06 10:07:06,613 [INFO] ThirdPartyUpdaterWithRetryManager:70 - Updater plugin not ready yet. [1/15]
2024-05-06 10:07:06,639 [INFO] PluginManage:359 - Loaded plugin tools (category:base,tabindex:7)
2024-05-06 10:07:06,639 [INFO] PluginManage:310 - Check plugin tutovideos
2024-05-06 10:07:06,794 [INFO] PluginManage:359 - Loaded plugin tutovideos (category:base,tabindex:-1)
2024-05-06 10:07:06,794 [INFO] PluginManage:310 - Check plugin updater
2024-05-06 10:07:06,805 [INFO] PluginManage:359 - Loaded plugin updater (category:base,tabindex:12)
2024-05-06 10:07:06,805 [INFO] PluginManage:310 - Check plugin userauth
2024-05-06 10:07:06,810 [INFO] UserAuth:114 - Init User Auth plugin
2024-05-06 10:07:06,810 [INFO] PluginManage:359 - Loaded plugin userauth (category:base,tabindex:14)
2024-05-06 10:07:06,810 [INFO] PluginManage:283 - PluginManage : Loaded plugins [17]
2024-05-06 10:07:07,003 [INFO] PinOutPanel:1561 - setPackage(No Configuration,No Configuration)
2024-05-06 10:07:07,071 [INFO] CADModel:165 - CPN selected for project level
2024-05-06 10:07:07,071 [INFO] CADModel:114 - Register for checkConnection events
2024-05-06 10:07:07,093 [INFO] IPUIPlugin:80 - create IPUIPlugin
2024-05-06 10:07:07,094 [INFO] PluginManager:220 - loadIPPluginJar : add adc
2024-05-06 10:07:07,122 [INFO] IPUIPlugin:80 - create IPUIPlugin
2024-05-06 10:07:07,122 [INFO] PluginManager:220 - loadIPPluginJar : add aes
2024-05-06 10:07:07,153 [INFO] IPUIPlugin:80 - create IPUIPlugin
2024-05-06 10:07:07,153 [INFO] PluginManager:220 - loadIPPluginJar : add can
2024-05-06 10:07:07,171 [INFO] IPUIPlugin:80 - create IPUIPlugin
2024-05-06 10:07:07,172 [INFO] PluginManager:220 - loadIPPluginJar : add comp
2024-05-06 10:07:07,198 [INFO] IPUIPlugin:80 - create IPUIPlugin
2024-05-06 10:07:07,198 [INFO] PluginManager:220 - loadIPPluginJar : add cryp
2024-05-06 10:07:07,222 [INFO] IPUIPlugin:80 - create IPUIPlugin
2024-05-06 10:07:07,222 [INFO] PluginManager:220 - loadIPPluginJar : add dfsdm
2024-05-06 10:07:07,234 [INFO] IPUIPlugin:80 - create IPUIPlugin
2024-05-06 10:07:07,234 [INFO] PluginManager:220 - loadIPPluginJar : add dma
2024-05-06 10:07:07,267 [INFO] IPUIPlugin:80 - create IPUIPlugin
2024-05-06 10:07:07,267 [INFO] PluginManager:220 - loadIPPluginJar : add dma3
2024-05-06 10:07:07,302 [INFO] IPUIPlugin:80 - create IPUIPlugin
2024-05-06 10:07:07,302 [INFO] PluginManager:220 - loadIPPluginJar : add extmemmanager
2024-05-06 10:07:07,318 [INFO] IPUIPlugin:80 - create IPUIPlugin
2024-05-06 10:07:07,318 [INFO] PluginManager:220 - loadIPPluginJar : add fatfs
2024-05-06 10:07:07,366 [INFO] IPUIPlugin:80 - create IPUIPlugin
2024-05-06 10:07:07,366 [INFO] PluginManager:220 - loadIPPluginJar : add fmc
2024-05-06 10:07:07,379 [INFO] IPUIPlugin:80 - create IPUIPlugin
2024-05-06 10:07:07,379 [INFO] PluginManager:220 - loadIPPluginJar : add freertos
2024-05-06 10:07:07,395 [INFO] IPUIPlugin:80 - create IPUIPlugin
2024-05-06 10:07:07,395 [INFO] PluginManager:220 - loadIPPluginJar : add genericplugin
2024-05-06 10:07:07,464 [INFO] IPUIPlugin:80 - create IPUIPlugin
2024-05-06 10:07:07,465 [INFO] PluginManager:220 - loadIPPluginJar : add gfxmmu
2024-05-06 10:07:07,565 [INFO] IPUIPlugin:80 - create IPUIPlugin
2024-05-06 10:07:07,565 [INFO] PluginManager:220 - loadIPPluginJar : add gic
2024-05-06 10:07:07,576 [INFO] IPUIPlugin:80 - create IPUIPlugin
2024-05-06 10:07:07,576 [INFO] PluginManager:220 - loadIPPluginJar : add gpio
2024-05-06 10:07:07,645 [INFO] IPUIPlugin:80 - create IPUIPlugin
2024-05-06 10:07:07,645 [INFO] PluginManager:220 - loadIPPluginJar : add gtzc
2024-05-06 10:07:07,669 [INFO] IPUIPlugin:80 - create IPUIPlugin
2024-05-06 10:07:07,669 [INFO] PluginManager:220 - loadIPPluginJar : add hash
2024-05-06 10:07:07,709 [INFO] IPUIPlugin:80 - create IPUIPlugin
2024-05-06 10:07:07,710 [INFO] PluginManager:220 - loadIPPluginJar : add i2c
2024-05-06 10:07:07,744 [INFO] IPUIPlugin:80 - create IPUIPlugin
2024-05-06 10:07:07,744 [INFO] PluginManager:220 - loadIPPluginJar : add i2s
2024-05-06 10:07:07,775 [INFO] IPUIPlugin:80 - create IPUIPlugin
2024-05-06 10:07:07,775 [INFO] PluginManager:220 - loadIPPluginJar : add i3c
2024-05-06 10:07:07,859 [INFO] IPUIPlugin:80 - create IPUIPlugin
2024-05-06 10:07:07,859 [INFO] PluginManager:220 - loadIPPluginJar : add ipddr
2024-05-06 10:07:07,927 [INFO] IPUIPlugin:80 - create IPUIPlugin
2024-05-06 10:07:07,927 [INFO] PluginManager:220 - loadIPPluginJar : add linkedlist
2024-05-06 10:07:07,954 [INFO] IPUIPlugin:80 - create IPUIPlugin
2024-05-06 10:07:07,955 [INFO] PluginManager:220 - loadIPPluginJar : add lorawan
2024-05-06 10:07:07,981 [INFO] IPUIPlugin:80 - create IPUIPlugin
2024-05-06 10:07:07,981 [INFO] PluginManager:220 - loadIPPluginJar : add ltdc
2024-05-06 10:07:07,993 [INFO] IPUIPlugin:80 - create IPUIPlugin
2024-05-06 10:07:07,993 [INFO] PluginManager:220 - loadIPPluginJar : add mdma
2024-05-06 10:07:08,004 [INFO] IPUIPlugin:80 - create IPUIPlugin
2024-05-06 10:07:08,004 [INFO] PluginManager:220 - loadIPPluginJar : add nvic
2024-05-06 10:07:08,032 [INFO] IPUIPlugin:80 - create IPUIPlugin
2024-05-06 10:07:08,032 [INFO] PluginManager:220 - loadIPPluginJar : add opamp
2024-05-06 10:07:08,078 [INFO] IPUIPlugin:80 - create IPUIPlugin
2024-05-06 10:07:08,078 [INFO] PluginManager:220 - loadIPPluginJar : add openamp
2024-05-06 10:07:08,119 [INFO] IPUIPlugin:80 - create IPUIPlugin
2024-05-06 10:07:08,119 [INFO] PluginManager:220 - loadIPPluginJar : add pdm2pcm
2024-05-06 10:07:08,130 [INFO] IPUIPlugin:80 - create IPUIPlugin
2024-05-06 10:07:08,132 [INFO] PluginManager:220 - loadIPPluginJar : add plateformsettings
2024-05-06 10:07:08,148 [INFO] IPUIPlugin:80 - create IPUIPlugin
2024-05-06 10:07:08,148 [INFO] PluginManager:220 - loadIPPluginJar : add quadspi
2024-05-06 10:07:08,158 [INFO] IPUIPlugin:80 - create IPUIPlugin
2024-05-06 10:07:08,158 [INFO] PluginManager:220 - loadIPPluginJar : add resmgrutility
2024-05-06 10:07:08,195 [INFO] IPUIPlugin:80 - create IPUIPlugin
2024-05-06 10:07:08,196 [INFO] PluginManager:220 - loadIPPluginJar : add sai
2024-05-06 10:07:08,224 [INFO] IPUIPlugin:80 - create IPUIPlugin
2024-05-06 10:07:08,225 [INFO] PluginManager:220 - loadIPPluginJar : add spi
2024-05-06 10:07:08,278 [INFO] IPUIPlugin:80 - create IPUIPlugin
2024-05-06 10:07:08,278 [INFO] PluginManager:220 - loadIPPluginJar : add stm32_wpan
2024-05-06 10:07:08,296 [INFO] IPUIPlugin:80 - create IPUIPlugin
2024-05-06 10:07:08,297 [INFO] PluginManager:220 - loadIPPluginJar : add tim
2024-05-06 10:07:08,341 [INFO] IPUIPlugin:80 - create IPUIPlugin
2024-05-06 10:07:08,341 [INFO] PluginManager:220 - loadIPPluginJar : add touchsensing
2024-05-06 10:07:08,359 [INFO] IPUIPlugin:80 - create IPUIPlugin
2024-05-06 10:07:08,359 [INFO] PluginManager:220 - loadIPPluginJar : add tracer_emb
2024-05-06 10:07:08,381 [INFO] IPUIPlugin:80 - create IPUIPlugin
2024-05-06 10:07:08,381 [INFO] PluginManager:220 - loadIPPluginJar : add ts
2024-05-06 10:07:08,399 [INFO] IPUIPlugin:80 - create IPUIPlugin
2024-05-06 10:07:08,399 [INFO] PluginManager:220 - loadIPPluginJar : add tsc
2024-05-06 10:07:08,415 [INFO] IPUIPlugin:80 - create IPUIPlugin
2024-05-06 10:07:08,416 [INFO] PluginManager:220 - loadIPPluginJar : add ucpd
2024-05-06 10:07:08,448 [INFO] IPUIPlugin:80 - create IPUIPlugin
2024-05-06 10:07:08,449 [INFO] PluginManager:220 - loadIPPluginJar : add usart
2024-05-06 10:07:08,492 [INFO] IPUIPlugin:80 - create IPUIPlugin
2024-05-06 10:07:08,492 [INFO] PluginManager:220 - loadIPPluginJar : add usbx
2024-05-06 10:07:08,607 [INFO] CADModel:165 - CPN selected for project level
2024-05-06 10:07:08,607 [INFO] CADModel:114 - Register for checkConnection events
2024-05-06 10:07:08,608 [FATAL] Updater:308 - Updater called before beeing initialized
2024-05-06 10:07:08,608 [ERROR] CADModel:125 - Updater not yet initialized, retry later 
2024-05-06 10:07:08,725 [INFO] CADModel:165 - CPN selected for project level
2024-05-06 10:07:08,725 [INFO] CADModel:114 - Register for checkConnection events
2024-05-06 10:07:08,725 [FATAL] Updater:308 - Updater called before beeing initialized
2024-05-06 10:07:08,725 [ERROR] CADModel:125 - Updater not yet initialized, retry later 
2024-05-06 10:07:08,728 [FATAL] Updater:308 - Updater called before beeing initialized
2024-05-06 10:07:08,825 [FATAL] Updater:308 - Updater called before beeing initialized
2024-05-06 10:07:08,834 [INFO] DbMcusAds:53 - JSON generation date=Wed Nov 29 11:52:27 CET 2023 (1701255147349)
2024-05-06 10:07:08,834 [FATAL] Updater:308 - Updater called before beeing initialized
2024-05-06 10:07:08,872 [WARN] DetailPanel:346 - Failed to get advertising image, set to default
2024-05-06 10:07:08,948 [FATAL] Updater:308 - Updater called before beeing initialized
2024-05-06 10:07:08,950 [FATAL] Updater:308 - Updater called before beeing initialized
2024-05-06 10:07:08,950 [FATAL] Updater:308 - Updater called before beeing initialized
2024-05-06 10:07:08,950 [WARN] DetailPanel:346 - Failed to get advertising image, set to default
2024-05-06 10:07:08,951 [FATAL] Updater:308 - Updater called before beeing initialized
2024-05-06 10:07:08,996 [ERROR] Updater:1120 - MainUpdater not yet initialized. External WinMGr cannot be set.
2024-05-06 10:07:09,005 [INFO] Updater:1056 - Updater Version found : 6.11.1
2024-05-06 10:07:09,020 [INFO] ApplicationProperties:184 - Using Application install path: C:\ST\STM32CubeIDE_1.14.1\STM32CubeIDE\plugins\com.st.stm32cube.common.mx_6.11.1.202404110753
2024-05-06 10:07:09,615 [INFO] ThirdPartyUpdaterWithRetryManager:70 - Updater plugin not ready yet. [2/15]
2024-05-06 10:07:10,598 [ERROR] LogOutputStream:75 - [STDERR_REDIRECT] May 06, 2024 10:07:10 AM java.util.prefs.WindowsPreferences <init>
2024-05-06 10:07:10,600 [ERROR] LogOutputStream:75 - [STDERR_REDIRECT] WARNING: Could not open/create prefs root node Software\JavaSoft\Prefs at root 0xffffffff80000002. Windows RegCreateKeyEx(...) returned error code 5.
2024-05-06 10:07:10,601 [ERROR] LogOutputStream:75 - [STDERR_REDIRECT] 
2024-05-06 10:07:10,935 [INFO] MainUpdater:2873 - connection check result : 10
2024-05-06 10:07:10,935 [INFO] MainUpdater:290 - Updater Check For Update Now.
2024-05-06 10:07:10,935 [INFO] MicroXplorer:498 - Change Database Version : DB.6.0.111
2024-05-06 10:07:10,950 [INFO] McuFinderGlobals:63 - Set McuFinder mode to 2 (CubeIDE integrated)
2024-05-06 10:07:10,963 [INFO] UserAuth:415 - Internet connection configuration mode: 1
2024-05-06 10:07:11,006 [INFO] JxBrowserEngine:152 - Initiate JxBrowser Engine with user profile folder
2024-05-06 10:07:11,174 [INFO] CheckServerUpdateThread:120 - End of CheckServer Thread
2024-05-06 10:07:12,757 [WARN] PackLoader:240 - Cannot read IP mode file for STMicroelectronics.FP-SNS-MOTENVWB1.1.4.0
2024-05-06 10:07:12,772 [WARN] PackLoader:240 - Cannot read IP mode file for STMicroelectronics.X-CUBE-SMBUS.2.1.0
2024-05-06 10:07:12,783 [WARN] PackLoader:240 - Cannot read IP mode file for STMicroelectronics.X-CUBE-TOUCHGFX.4.23.1
2024-05-06 10:07:12,793 [WARN] PackLoader:240 - Cannot read IP mode file for STMicroelectronics.X-CUBE-TOUCHGFX.4.23.0
2024-05-06 10:07:12,801 [WARN] PackLoader:240 - Cannot read IP mode file for STMicroelectronics.X-CUBE-TOUCHGFX.4.23.2
2024-05-06 10:07:12,841 [WARN] PackLoader:240 - Cannot read IP mode file for STMicroelectronics.X-CUBE-AZRTOS-F7.1.1.0
2024-05-06 10:07:12,857 [WARN] PackLoader:240 - Cannot read IP mode file for STMicroelectronics.FP-SNS-MOTENV1.4.3.2
2024-05-06 10:07:12,873 [WARN] PackLoader:240 - Cannot read IP mode file for STMicroelectronics.FP-SNS-FLIGHT1.5.0.2
2024-05-06 10:07:12,888 [WARN] PackLoader:240 - Cannot read IP mode file for STMicroelectronics.X-CUBE-DISPLAY.3.0.0
2024-05-06 10:07:12,904 [WARN] PackLoader:240 - Cannot read IP mode file for STMicroelectronics.X-CUBE-BLE1.7.0.0
2024-05-06 10:07:12,916 [WARN] PackLoader:240 - Cannot read IP mode file for emotas.I-CUBE-CANOPEN.1.3.0
2024-05-06 10:07:12,934 [WARN] PackLoader:240 - Cannot read IP mode file for STMicroelectronics.X-CUBE-BLEMGR.3.1.0
2024-05-06 10:07:12,952 [WARN] PackLoader:240 - Cannot read IP mode file for STMicroelectronics.FP-SNS-SMARTAG2.1.2.0
2024-05-06 10:07:12,971 [INFO] LogOutputStream:77 - [STDOUT_REDIRECT] 1 : Invalid condition id : UX_CORESTACK_Condition cause : null
2024-05-06 10:07:12,972 [INFO] LogOutputStream:77 - [STDOUT_REDIRECT] 1 : Invalid condition id : UX_CORESTACK_Condition cause : null
2024-05-06 10:07:12,973 [INFO] LogOutputStream:77 - [STDOUT_REDIRECT] 1 : Invalid condition id : UX_CORESTACK_Condition cause : null
2024-05-06 10:07:12,974 [INFO] LogOutputStream:77 - [STDOUT_REDIRECT] 1 : Invalid condition id : UX_CORESTACK_Condition cause : null
2024-05-06 10:07:12,975 [INFO] LogOutputStream:77 - [STDOUT_REDIRECT] 1 : Invalid condition id : UX_CORESTACK_Condition cause : null
2024-05-06 10:07:12,978 [WARN] PackLoader:240 - Cannot read IP mode file for STMicroelectronics.X-CUBE-AZRTOS-WL.2.0.0
2024-05-06 10:07:12,991 [WARN] PackLoader:240 - Cannot read IP mode file for STMicroelectronics.FP-SNS-MOTENV1.5.0.0
2024-05-06 10:07:13,005 [WARN] PackLoader:240 - Cannot read IP mode file for WES.I-CUBE-Cesium.1.3.0
2024-05-06 10:07:13,015 [WARN] PackLoader:240 - Cannot read IP mode file for STMicroelectronics.X-CUBE-BLE2.3.3.0
2024-05-06 10:07:13,028 [WARN] PackLoader:240 - Cannot read IP mode file for STMicroelectronics.X-CUBE-TCPP.4.1.0
2024-05-06 10:07:13,042 [WARN] PackLoader:240 - Cannot read IP mode file for STMicroelectronics.X-CUBE-ALGOBUILD.1.3.0
2024-05-06 10:07:13,065 [WARN] PackLoader:240 - Cannot read IP mode file for STMicroelectronics.X-CUBE-AZRTOS-G0.1.1.0
2024-05-06 10:07:13,081 [WARN] PackLoader:240 - Cannot read IP mode file for STMicroelectronics.X-CUBE-SAFEA1.1.2.2
2024-05-06 10:07:13,094 [WARN] PackLoader:240 - Cannot read IP mode file for STMicroelectronics.X-CUBE-NFC4.3.0.0
2024-05-06 10:07:13,108 [WARN] PackLoader:240 - Cannot read IP mode file for STMicroelectronics.FP-ATR-SIGFOX1.3.2.0
2024-05-06 10:07:13,120 [WARN] PackLoader:240 - Cannot read IP mode file for STMicroelectronics.X-CUBE-EEPRMA1.5.1.0
2024-05-06 10:07:13,160 [WARN] PackLoader:240 - Cannot read IP mode file for SEGGER.I-CUBE-embOS.1.3.1
2024-05-06 10:07:13,212 [WARN] PackLoader:240 - Cannot read IP mode file for STMicroelectronics.X-CUBE-GNSS1.6.0.0
2024-05-06 10:07:13,239 [WARN] PackLoader:240 - Cannot read IP mode file for STMicroelectronics.X-CUBE-AZRTOS-F4.1.1.0
2024-05-06 10:07:13,256 [WARN] PackLoader:240 - Cannot read IP mode file for STMicroelectronics.X-CUBE-FREERTOS.1.2.0
2024-05-06 10:07:13,267 [WARN] PackLoader:240 - Cannot read IP mode file for wolfSSL.I-CUBE-wolfSSL.5.6.6
2024-05-06 10:07:13,292 [WARN] PackLoader:240 - Cannot read IP mode file for STMicroelectronics.X-CUBE-AZRTOS-L5.2.0.0
2024-05-06 10:07:13,311 [WARN] PackLoader:240 - Cannot read IP mode file for STMicroelectronics.X-CUBE-NFC6.3.1.0
2024-05-06 10:07:13,329 [WARN] PackLoader:240 - Cannot read IP mode file for ITTIA_DB.I-CUBE-ITTIADB.8.8.0
2024-05-06 10:07:13,342 [WARN] PackLoader:240 - Cannot read IP mode file for STMicroelectronics.X-CUBE-AI.9.0.0
2024-05-06 10:07:13,352 [WARN] PackLoader:240 - Cannot read IP mode file for STMicroelectronics.X-CUBE-NFC7.1.0.1
2024-05-06 10:07:13,365 [WARN] PackLoader:240 - Cannot read IP mode file for STMicroelectronics.X-CUBE-NFC6.3.0.0
2024-05-06 10:07:13,377 [WARN] PackLoader:240 - Cannot read IP mode file for STMicroelectronics.X-CUBE-AI.8.1.0
2024-05-06 10:07:13,406 [WARN] ConditionMgr:438 - getConditionDescription Invalid condition id : LAN8742 Phy interface Condition cause : null
2024-05-06 10:07:13,407 [WARN] PackLoader:240 - Cannot read IP mode file for STMicroelectronics.X-CUBE-AZRTOS-L4.2.0.0
2024-05-06 10:07:13,408 [WARN] ConditionMgr:1039 - genDependencies : Invalid condition id : LAN8742 Phy interface Condition cause : null
2024-05-06 10:07:13,409 [WARN] ConditionMgr:1039 - genDependencies : Invalid condition id : LAN8742 Phy interface Condition cause : null
2024-05-06 10:07:13,409 [WARN] ConditionMgr:1039 - genDependencies : Invalid condition id : LAN8742 Phy interface Condition cause : null
2024-05-06 10:07:13,426 [WARN] PackLoader:240 - Cannot read IP mode file for STMicroelectronics.X-CUBE-SFXS2LP1.4.0.0
2024-05-06 10:07:13,451 [WARN] ConditionMgr:438 - getConditionDescription Invalid condition id : UX DEVICE CLASS RTOS Condition cause : null
2024-05-06 10:07:13,451 [WARN] ConditionMgr:438 - getConditionDescription Invalid condition id : UX DEVICE CLASS RTOS Condition cause : null
2024-05-06 10:07:13,452 [WARN] PackLoader:240 - Cannot read IP mode file for STMicroelectronics.X-CUBE-AZRTOS-WB.2.0.0
2024-05-06 10:07:13,452 [WARN] ConditionMgr:1039 - genDependencies : Invalid condition id : UX DEVICE CLASS RTOS Condition cause : null
2024-05-06 10:07:13,452 [WARN] ConditionMgr:1039 - genDependencies : Invalid condition id : UX DEVICE CLASS RTOS Condition cause : null
2024-05-06 10:07:13,453 [WARN] ConditionMgr:1039 - genDependencies : Invalid condition id : UX DEVICE CLASS RTOS Condition cause : null
2024-05-06 10:07:13,453 [WARN] ConditionMgr:1039 - genDependencies : Invalid condition id : UX DEVICE CLASS RTOS Condition cause : null
2024-05-06 10:07:13,453 [WARN] ConditionMgr:1039 - genDependencies : Invalid condition id : UX DEVICE CLASS RTOS Condition cause : null
2024-05-06 10:07:13,469 [WARN] PackLoader:240 - Cannot read IP mode file for STMicroelectronics.X-CUBE-SUBG2.5.0.0
2024-05-06 10:07:13,494 [WARN] PackLoader:240 - Cannot read IP mode file for STMicroelectronics.X-CUBE-AZRTOS-G4.2.0.0
2024-05-06 10:07:13,514 [WARN] PackLoader:240 - Cannot read IP mode file for Infineon.AIROC-Wi-Fi-Bluetooth-STM32.1.5.1
2024-05-06 10:07:13,527 [WARN] PackLoader:240 - Cannot read IP mode file for STMicroelectronics.FP-SNS-MOTENVWB1.1.3.1
2024-05-06 10:07:13,542 [WARN] PackLoader:240 - Cannot read IP mode file for STMicroelectronics.X-CUBE-ISPU.2.0.0
2024-05-06 10:07:13,588 [WARN] PackLoader:240 - Cannot read IP mode file for STMicroelectronics.X-CUBE-MEMS1.10.0.0
2024-05-06 10:07:13,712 [WARN] PackLoader:240 - Cannot read IP mode file for STMicroelectronics.X-CUBE-FREERTOS.1.1.0
2024-05-06 10:07:13,728 [WARN] PackLoader:240 - Cannot read IP mode file for portGmbH.I-Cube-SoM-uGOAL.1.1.0
2024-05-06 10:07:13,742 [WARN] PackLoader:240 - Cannot read IP mode file for STMicroelectronics.X-CUBE-ALS.1.0.1
2024-05-06 10:07:13,772 [WARN] PackLoader:240 - Cannot read IP mode file for STMicroelectronics.X-CUBE-AZRTOS-H7RS.1.0.0
2024-05-06 10:07:13,787 [WARN] PackLoader:240 - Cannot read IP mode file for STMicroelectronics.FP-ATR-ASTRA1.2.0.0
2024-05-06 10:07:13,809 [WARN] PackLoader:240 - Cannot read IP mode file for STMicroelectronics.X-CUBE-TOF1.3.4.1
2024-05-06 10:07:13,847 [WARN] PackLoader:240 - Cannot read IP mode file for STMicroelectronics.X-CUBE-AZRTOS-H7.3.2.0
2024-05-06 10:07:14,081 [INFO] ThirdParty:978 - Integrity check success = true
2024-05-06 10:07:14,081 [INFO] IntegrityCheckThread:100 - exiting critical section [integrity check]
2024-05-06 10:07:14,081 [INFO] IntegrityCheckThread:103 - End integrity checks thread
2024-05-06 10:07:15,084 [INFO] WebApp:161 - Instantiating new browser for Auth
2024-05-06 10:07:15,791 [INFO] WebApp:779 - Register for checkConnection events
2024-05-06 10:07:15,791 [INFO] WebApp:414 - Apply proxy settings
2024-05-06 10:07:15,792 [INFO] WebApp:499 - Chromium requires no authentication
2024-05-06 10:07:15,798 [INFO] WebApp:442 - Direct internet connection detected
2024-05-06 10:07:15,955 [INFO] WebApp:192 - Starting web application
2024-05-06 10:07:15,955 [INFO] WebApp:544 - Web application path used C:\ST\STM32CubeIDE_1.14.1\STM32CubeIDE\plugins\com.st.stm32cube.common.mx_6.11.1.202404110753\db\plugins\mcufinder\reactClient1\index.html
2024-05-06 18:33:23,333 [ERROR] LogOutputStream:75 - [STDERR_REDIRECT] 
