2024-06-03 14:16:40,768 [INFO] Activator:176 - 


2024-06-03 14:16:40,778 [INFO] Activator:177 - !SESSION log4j initialized
2024-06-03 14:16:45,351 [INFO] LogOutputStream:77 - [STDOUT_REDIRECT] 
2024-06-03 14:16:47,935 [INFO] ApplicationProperties:184 - Using Application install path: C:\ST\STM32CubeIDE_1.14.1\STM32CubeIDE\plugins\com.st.stm32cube.common.mx_6.11.1.202404110753
2024-06-03 14:16:47,949 [INFO] DbMcusXml:78 - Set database path to: C:\ST\STM32CubeIDE_1.14.1\STM32CubeIDE\plugins\com.st.stm32cube.common.mx_6.11.1.202404110753\\db\/mcu/
2024-06-03 14:16:47,949 [INFO] ApiDb:274 - Set plugin database path to: C:\ST\STM32CubeIDE_1.14.1\STM32CubeIDE\plugins\com.st.stm32cube.common.mx_6.11.1.202404110753\\db\/plugins/boardmanager/
2024-06-03 14:16:47,950 [WARN] ApiDb:259 - Overriding images path with different value:  => C:\ST\STM32CubeIDE_1.14.1\STM32CubeIDE\plugins\com.st.stm32cube.common.mx_6.11.1.202404110753\\db\/plugins/mcufinder/images/
2024-06-03 14:16:47,963 [INFO] ApiDb:250 - Set database path to: C:\Users\andre\.stmcufinder\plugins\mcufinder//mcu/
2024-06-03 14:16:47,964 [INFO] DbMcusAds:125 - Set database path to: C:\Users\andre\.stmcufinder\plugins\mcufinder//mcu/
2024-06-03 14:16:47,965 [INFO] CrossReferenceDbSqlite:203 - Set database path to: C:\Users\andre\.stmcufinder\plugins\mcufinder//mcu/cs/
2024-06-03 14:16:48,060 [INFO] RulesReader:64 - Compatibility file has been processed (297 Rules)
2024-06-03 14:16:48,144 [INFO] DbMcusXml:78 - Set database path to: C:\ST\STM32CubeIDE_1.14.1\STM32CubeIDE\plugins\com.st.stm32cube.common.mx_6.11.1.202404110753\\db\/mcu/
2024-06-03 14:16:48,144 [INFO] ApiDb:274 - Set plugin database path to: C:\ST\STM32CubeIDE_1.14.1\STM32CubeIDE\plugins\com.st.stm32cube.common.mx_6.11.1.202404110753\\db\/plugins/boardmanager/
2024-06-03 14:16:48,145 [INFO] ApiDb:261 - Set plugin images path to: C:\ST\STM32CubeIDE_1.14.1\STM32CubeIDE\plugins\com.st.stm32cube.common.mx_6.11.1.202404110753\\db\/plugins/mcufinder/images/
2024-06-03 14:16:48,145 [WARN] DbFile:41 - Overriding database path with different value: C:\Users\andre\.stmcufinder\plugins\mcufinder/ => C:\Users\andre\.stmcufinder\plugins\mcufinder
2024-06-03 14:16:48,145 [INFO] ApiDb:250 - Set database path to: C:\Users\andre\.stmcufinder\plugins\mcufinder//mcu/
2024-06-03 14:16:48,145 [WARN] DbFile:41 - Overriding database path with different value: C:\Users\andre\.stmcufinder\plugins\mcufinder/ => C:\Users\andre\.stmcufinder\plugins\mcufinder
2024-06-03 14:16:48,145 [INFO] DbMcusAds:125 - Set database path to: C:\Users\andre\.stmcufinder\plugins\mcufinder//mcu/
2024-06-03 14:16:48,145 [WARN] DbFile:41 - Overriding database path with different value: C:\Users\andre\.stmcufinder\plugins\mcufinder/ => C:\Users\andre\.stmcufinder\plugins\mcufinder
2024-06-03 14:16:48,145 [WARN] DbFile:41 - Overriding database path with different value: C:\Users\andre\.stmcufinder\plugins\mcufinder/ => C:\Users\andre\.stmcufinder\plugins\mcufinder
2024-06-03 14:16:48,145 [INFO] CrossReferenceDbSqlite:203 - Set database path to: C:\Users\andre\.stmcufinder\plugins\mcufinder//mcu/cs/
2024-06-03 14:16:48,230 [INFO] MainPanel:264 - HeapMemory: 268435456
2024-06-03 14:16:48,308 [INFO] DbMcusXml:78 - Set database path to: C:\ST\STM32CubeIDE_1.14.1\STM32CubeIDE\plugins\com.st.stm32cube.common.mx_6.11.1.202404110753\\db\/mcu/
2024-06-03 14:16:48,308 [INFO] ApiDb:274 - Set plugin database path to: C:\ST\STM32CubeIDE_1.14.1\STM32CubeIDE\plugins\com.st.stm32cube.common.mx_6.11.1.202404110753\\db\/plugins/boardmanager/
2024-06-03 14:16:48,308 [INFO] ApiDb:261 - Set plugin images path to: C:\ST\STM32CubeIDE_1.14.1\STM32CubeIDE\plugins\com.st.stm32cube.common.mx_6.11.1.202404110753\\db\/plugins/mcufinder/images/
2024-06-03 14:16:48,308 [WARN] DbFile:41 - Overriding database path with different value: C:\Users\andre\.stmcufinder\plugins\mcufinder/ => C:\Users\andre\.stmcufinder\plugins\mcufinder
2024-06-03 14:16:48,308 [INFO] ApiDb:250 - Set database path to: C:\Users\andre\.stmcufinder\plugins\mcufinder//mcu/
2024-06-03 14:16:48,308 [WARN] DbFile:41 - Overriding database path with different value: C:\Users\andre\.stmcufinder\plugins\mcufinder/ => C:\Users\andre\.stmcufinder\plugins\mcufinder
2024-06-03 14:16:48,308 [INFO] DbMcusAds:125 - Set database path to: C:\Users\andre\.stmcufinder\plugins\mcufinder//mcu/
2024-06-03 14:16:48,308 [WARN] DbFile:41 - Overriding database path with different value: C:\Users\andre\.stmcufinder\plugins\mcufinder/ => C:\Users\andre\.stmcufinder\plugins\mcufinder
2024-06-03 14:16:48,308 [WARN] DbFile:41 - Overriding database path with different value: C:\Users\andre\.stmcufinder\plugins\mcufinder/ => C:\Users\andre\.stmcufinder\plugins\mcufinder
2024-06-03 14:16:48,309 [INFO] CrossReferenceDbSqlite:203 - Set database path to: C:\Users\andre\.stmcufinder\plugins\mcufinder//mcu/cs/
2024-06-03 14:16:48,322 [INFO] ApplicationProperties:184 - Using Application install path: C:\ST\STM32CubeIDE_1.14.1\STM32CubeIDE\plugins\com.st.stm32cube.common.mx_6.11.1.202404110753
2024-06-03 14:16:48,324 [INFO] PluginManage:196 - Search for loadable plugins [exclusion list=, ]
2024-06-03 14:16:48,325 [INFO] PluginManage:310 - Check plugin analytics
2024-06-03 14:16:48,474 [INFO] AnalyticsPlugin:253 - Accepted Software Licenses: STM32CubeMX.6.10.0
2024-06-03 14:16:48,474 [INFO] AnalyticsPlugin:255 - Accepted CMSIS Pack Licenses: STMicroelectronics.X-CUBE-AZRTOS-H7.3.2.0
2024-06-03 14:16:48,474 [INFO] AnalyticsPlugin:257 - Accepted Firmware Licenses: FW.H7.1.11.0
2024-06-03 14:16:48,476 [INFO] PluginManage:359 - Loaded plugin analytics (category:tool,tabindex:-1)
2024-06-03 14:16:48,477 [INFO] PluginManage:310 - Check plugin cadmodel
2024-06-03 14:16:48,516 [INFO] CADModel:105 - Init CAD model plugin
2024-06-03 14:16:48,516 [INFO] PluginManage:359 - Loaded plugin cadmodel (category:power,tabindex:5)
2024-06-03 14:16:48,516 [INFO] PluginManage:310 - Check plugin clock
2024-06-03 14:16:48,533 [INFO] PluginManage:359 - Loaded plugin clock (category:base,tabindex:2)
2024-06-03 14:16:48,533 [INFO] PluginManage:310 - Check plugin ddr
2024-06-03 14:16:48,535 [INFO] PluginManage:359 - Loaded plugin ddr (category:tool,tabindex:6)
2024-06-03 14:16:48,536 [INFO] PluginManage:310 - Check plugin filemanager
2024-06-03 14:16:48,653 [INFO] PluginManage:359 - Loaded plugin filemanager (category:base,tabindex:10)
2024-06-03 14:16:48,653 [INFO] PluginManage:310 - Check plugin ipmanager
2024-06-03 14:16:48,659 [INFO] PluginManage:359 - Loaded plugin ipmanager (category:base,tabindex:5)
2024-06-03 14:16:48,659 [INFO] PluginManage:310 - Check plugin lpbam
2024-06-03 14:16:48,674 [INFO] PluginManage:359 - Loaded plugin lpbam (category:base,tabindex:0)
2024-06-03 14:16:48,674 [INFO] PluginManage:310 - Check plugin memorymap
2024-06-03 14:16:48,695 [INFO] PluginManage:359 - Loaded plugin memorymap (category:base,tabindex:4)
2024-06-03 14:16:48,695 [INFO] PluginManage:310 - Check plugin pinoutandconfiguration
2024-06-03 14:16:48,709 [INFO] PluginManage:359 - Loaded plugin pinoutandconfiguration (category:base,tabindex:1)
2024-06-03 14:16:48,709 [INFO] PluginManage:310 - Check plugin pinoutconfig
2024-06-03 14:16:48,790 [WARN] SupportedApi:132 - Cannot load RTOS API schema: s4s-elt-must-match.1: The content of 'definitions' must match (annotation?, (simpleType | complexType)?, (unique | key | keyref)*)). A problem was found starting at: attribute.
2024-06-03 14:16:48,904 [INFO] PluginManage:359 - Loaded plugin pinoutconfig (category:base,tabindex:0)
2024-06-03 14:16:48,904 [INFO] PluginManage:310 - Check plugin power
2024-06-03 14:16:48,922 [INFO] PluginManage:359 - Loaded plugin power (category:power,tabindex:4)
2024-06-03 14:16:48,922 [INFO] PluginManage:310 - Check plugin projectmanager
2024-06-03 14:16:48,939 [INFO] PluginManage:359 - Loaded plugin projectmanager (category:projectmanager,tabindex:3)
2024-06-03 14:16:48,939 [INFO] PluginManage:310 - Check plugin thirdparty
2024-06-03 14:16:49,169 [INFO] PluginManage:359 - Loaded plugin thirdparty (category:base,tabindex:-1)
2024-06-03 14:16:49,169 [INFO] PluginManage:310 - Check plugin tools
2024-06-03 14:16:49,169 [WARN] IntegrityCheckThread:84 - waiting for thirdparty lock release [integrity check]
2024-06-03 14:16:49,169 [INFO] IntegrityCheckThread:86 - entering critical section [integrity check]
2024-06-03 14:16:49,169 [INFO] ThirdPartyUpdaterWithRetryManager:70 - Updater plugin not ready yet. [1/15]
2024-06-03 14:16:49,196 [INFO] PluginManage:359 - Loaded plugin tools (category:base,tabindex:7)
2024-06-03 14:16:49,197 [INFO] PluginManage:310 - Check plugin tutovideos
2024-06-03 14:16:49,339 [INFO] PluginManage:359 - Loaded plugin tutovideos (category:base,tabindex:-1)
2024-06-03 14:16:49,339 [INFO] PluginManage:310 - Check plugin updater
2024-06-03 14:16:49,349 [INFO] PluginManage:359 - Loaded plugin updater (category:base,tabindex:12)
2024-06-03 14:16:49,349 [INFO] PluginManage:310 - Check plugin userauth
2024-06-03 14:16:49,353 [INFO] UserAuth:114 - Init User Auth plugin
2024-06-03 14:16:49,354 [INFO] PluginManage:359 - Loaded plugin userauth (category:base,tabindex:14)
2024-06-03 14:16:49,355 [INFO] PluginManage:283 - PluginManage : Loaded plugins [17]
2024-06-03 14:16:49,552 [INFO] PinOutPanel:1561 - setPackage(No Configuration,No Configuration)
2024-06-03 14:16:49,617 [INFO] CADModel:165 - CPN selected for project level
2024-06-03 14:16:49,618 [INFO] CADModel:114 - Register for checkConnection events
2024-06-03 14:16:49,639 [INFO] IPUIPlugin:80 - create IPUIPlugin
2024-06-03 14:16:49,639 [INFO] PluginManager:220 - loadIPPluginJar : add adc
2024-06-03 14:16:49,667 [INFO] IPUIPlugin:80 - create IPUIPlugin
2024-06-03 14:16:49,668 [INFO] PluginManager:220 - loadIPPluginJar : add aes
2024-06-03 14:16:49,699 [INFO] IPUIPlugin:80 - create IPUIPlugin
2024-06-03 14:16:49,699 [INFO] PluginManager:220 - loadIPPluginJar : add can
2024-06-03 14:16:49,718 [INFO] IPUIPlugin:80 - create IPUIPlugin
2024-06-03 14:16:49,718 [INFO] PluginManager:220 - loadIPPluginJar : add comp
2024-06-03 14:16:49,745 [INFO] IPUIPlugin:80 - create IPUIPlugin
2024-06-03 14:16:49,745 [INFO] PluginManager:220 - loadIPPluginJar : add cryp
2024-06-03 14:16:49,768 [INFO] IPUIPlugin:80 - create IPUIPlugin
2024-06-03 14:16:49,768 [INFO] PluginManager:220 - loadIPPluginJar : add dfsdm
2024-06-03 14:16:49,778 [INFO] IPUIPlugin:80 - create IPUIPlugin
2024-06-03 14:16:49,779 [INFO] PluginManager:220 - loadIPPluginJar : add dma
2024-06-03 14:16:49,809 [INFO] IPUIPlugin:80 - create IPUIPlugin
2024-06-03 14:16:49,809 [INFO] PluginManager:220 - loadIPPluginJar : add dma3
2024-06-03 14:16:49,843 [INFO] IPUIPlugin:80 - create IPUIPlugin
2024-06-03 14:16:49,843 [INFO] PluginManager:220 - loadIPPluginJar : add extmemmanager
2024-06-03 14:16:49,859 [INFO] IPUIPlugin:80 - create IPUIPlugin
2024-06-03 14:16:49,859 [INFO] PluginManager:220 - loadIPPluginJar : add fatfs
2024-06-03 14:16:49,896 [INFO] IPUIPlugin:80 - create IPUIPlugin
2024-06-03 14:16:49,897 [INFO] PluginManager:220 - loadIPPluginJar : add fmc
2024-06-03 14:16:49,907 [INFO] IPUIPlugin:80 - create IPUIPlugin
2024-06-03 14:16:49,908 [INFO] PluginManager:220 - loadIPPluginJar : add freertos
2024-06-03 14:16:49,924 [INFO] IPUIPlugin:80 - create IPUIPlugin
2024-06-03 14:16:49,924 [INFO] PluginManager:220 - loadIPPluginJar : add genericplugin
2024-06-03 14:16:49,995 [INFO] IPUIPlugin:80 - create IPUIPlugin
2024-06-03 14:16:49,995 [INFO] PluginManager:220 - loadIPPluginJar : add gfxmmu
2024-06-03 14:16:50,102 [INFO] IPUIPlugin:80 - create IPUIPlugin
2024-06-03 14:16:50,102 [INFO] PluginManager:220 - loadIPPluginJar : add gic
2024-06-03 14:16:50,112 [INFO] IPUIPlugin:80 - create IPUIPlugin
2024-06-03 14:16:50,112 [INFO] PluginManager:220 - loadIPPluginJar : add gpio
2024-06-03 14:16:50,179 [INFO] IPUIPlugin:80 - create IPUIPlugin
2024-06-03 14:16:50,179 [INFO] PluginManager:220 - loadIPPluginJar : add gtzc
2024-06-03 14:16:50,205 [INFO] IPUIPlugin:80 - create IPUIPlugin
2024-06-03 14:16:50,206 [INFO] PluginManager:220 - loadIPPluginJar : add hash
2024-06-03 14:16:50,262 [INFO] IPUIPlugin:80 - create IPUIPlugin
2024-06-03 14:16:50,263 [INFO] PluginManager:220 - loadIPPluginJar : add i2c
2024-06-03 14:16:50,291 [INFO] IPUIPlugin:80 - create IPUIPlugin
2024-06-03 14:16:50,291 [INFO] PluginManager:220 - loadIPPluginJar : add i2s
2024-06-03 14:16:50,322 [INFO] IPUIPlugin:80 - create IPUIPlugin
2024-06-03 14:16:50,323 [INFO] PluginManager:220 - loadIPPluginJar : add i3c
2024-06-03 14:16:50,404 [INFO] IPUIPlugin:80 - create IPUIPlugin
2024-06-03 14:16:50,404 [INFO] PluginManager:220 - loadIPPluginJar : add ipddr
2024-06-03 14:16:50,474 [INFO] IPUIPlugin:80 - create IPUIPlugin
2024-06-03 14:16:50,474 [INFO] PluginManager:220 - loadIPPluginJar : add linkedlist
2024-06-03 14:16:50,502 [INFO] IPUIPlugin:80 - create IPUIPlugin
2024-06-03 14:16:50,502 [INFO] PluginManager:220 - loadIPPluginJar : add lorawan
2024-06-03 14:16:50,529 [INFO] IPUIPlugin:80 - create IPUIPlugin
2024-06-03 14:16:50,530 [INFO] PluginManager:220 - loadIPPluginJar : add ltdc
2024-06-03 14:16:50,540 [INFO] IPUIPlugin:80 - create IPUIPlugin
2024-06-03 14:16:50,540 [INFO] PluginManager:220 - loadIPPluginJar : add mdma
2024-06-03 14:16:50,549 [INFO] IPUIPlugin:80 - create IPUIPlugin
2024-06-03 14:16:50,550 [INFO] PluginManager:220 - loadIPPluginJar : add nvic
2024-06-03 14:16:50,577 [INFO] IPUIPlugin:80 - create IPUIPlugin
2024-06-03 14:16:50,577 [INFO] PluginManager:220 - loadIPPluginJar : add opamp
2024-06-03 14:16:50,622 [INFO] IPUIPlugin:80 - create IPUIPlugin
2024-06-03 14:16:50,623 [INFO] PluginManager:220 - loadIPPluginJar : add openamp
2024-06-03 14:16:50,656 [INFO] IPUIPlugin:80 - create IPUIPlugin
2024-06-03 14:16:50,656 [INFO] PluginManager:220 - loadIPPluginJar : add pdm2pcm
2024-06-03 14:16:50,667 [INFO] IPUIPlugin:80 - create IPUIPlugin
2024-06-03 14:16:50,669 [INFO] PluginManager:220 - loadIPPluginJar : add plateformsettings
2024-06-03 14:16:50,687 [INFO] IPUIPlugin:80 - create IPUIPlugin
2024-06-03 14:16:50,687 [INFO] PluginManager:220 - loadIPPluginJar : add quadspi
2024-06-03 14:16:50,695 [INFO] IPUIPlugin:80 - create IPUIPlugin
2024-06-03 14:16:50,695 [INFO] PluginManager:220 - loadIPPluginJar : add resmgrutility
2024-06-03 14:16:50,733 [INFO] IPUIPlugin:80 - create IPUIPlugin
2024-06-03 14:16:50,733 [INFO] PluginManager:220 - loadIPPluginJar : add sai
2024-06-03 14:16:50,760 [INFO] IPUIPlugin:80 - create IPUIPlugin
2024-06-03 14:16:50,760 [INFO] PluginManager:220 - loadIPPluginJar : add spi
2024-06-03 14:16:50,812 [INFO] IPUIPlugin:80 - create IPUIPlugin
2024-06-03 14:16:50,812 [INFO] PluginManager:220 - loadIPPluginJar : add stm32_wpan
2024-06-03 14:16:50,830 [INFO] IPUIPlugin:80 - create IPUIPlugin
2024-06-03 14:16:50,830 [INFO] PluginManager:220 - loadIPPluginJar : add tim
2024-06-03 14:16:50,875 [INFO] IPUIPlugin:80 - create IPUIPlugin
2024-06-03 14:16:50,875 [INFO] PluginManager:220 - loadIPPluginJar : add touchsensing
2024-06-03 14:16:50,892 [INFO] IPUIPlugin:80 - create IPUIPlugin
2024-06-03 14:16:50,893 [INFO] PluginManager:220 - loadIPPluginJar : add tracer_emb
2024-06-03 14:16:50,911 [INFO] IPUIPlugin:80 - create IPUIPlugin
2024-06-03 14:16:50,911 [INFO] PluginManager:220 - loadIPPluginJar : add ts
2024-06-03 14:16:50,927 [INFO] IPUIPlugin:80 - create IPUIPlugin
2024-06-03 14:16:50,927 [INFO] PluginManager:220 - loadIPPluginJar : add tsc
2024-06-03 14:16:50,945 [INFO] IPUIPlugin:80 - create IPUIPlugin
2024-06-03 14:16:50,945 [INFO] PluginManager:220 - loadIPPluginJar : add ucpd
2024-06-03 14:16:50,980 [INFO] IPUIPlugin:80 - create IPUIPlugin
2024-06-03 14:16:50,980 [INFO] PluginManager:220 - loadIPPluginJar : add usart
2024-06-03 14:16:51,012 [INFO] IPUIPlugin:80 - create IPUIPlugin
2024-06-03 14:16:51,013 [INFO] PluginManager:220 - loadIPPluginJar : add usbx
2024-06-03 14:16:51,129 [INFO] CADModel:165 - CPN selected for project level
2024-06-03 14:16:51,129 [INFO] CADModel:114 - Register for checkConnection events
2024-06-03 14:16:51,129 [FATAL] Updater:308 - Updater called before beeing initialized
2024-06-03 14:16:51,129 [ERROR] CADModel:125 - Updater not yet initialized, retry later 
2024-06-03 14:16:51,228 [INFO] CADModel:165 - CPN selected for project level
2024-06-03 14:16:51,228 [INFO] CADModel:114 - Register for checkConnection events
2024-06-03 14:16:51,228 [FATAL] Updater:308 - Updater called before beeing initialized
2024-06-03 14:16:51,228 [ERROR] CADModel:125 - Updater not yet initialized, retry later 
2024-06-03 14:16:51,230 [FATAL] Updater:308 - Updater called before beeing initialized
2024-06-03 14:16:51,312 [FATAL] Updater:308 - Updater called before beeing initialized
2024-06-03 14:16:51,320 [INFO] DbMcusAds:53 - JSON generation date=Thu May 16 11:22:00 CEST 2024 (1715851320852)
2024-06-03 14:16:51,321 [FATAL] Updater:308 - Updater called before beeing initialized
2024-06-03 14:16:51,352 [WARN] DetailPanel:346 - Failed to get advertising image, set to default
2024-06-03 14:16:51,444 [FATAL] Updater:308 - Updater called before beeing initialized
2024-06-03 14:16:51,446 [FATAL] Updater:308 - Updater called before beeing initialized
2024-06-03 14:16:51,446 [FATAL] Updater:308 - Updater called before beeing initialized
2024-06-03 14:16:51,447 [WARN] DetailPanel:346 - Failed to get advertising image, set to default
2024-06-03 14:16:51,447 [FATAL] Updater:308 - Updater called before beeing initialized
2024-06-03 14:16:51,507 [ERROR] Updater:1120 - MainUpdater not yet initialized. External WinMGr cannot be set.
2024-06-03 14:16:51,516 [INFO] Updater:1056 - Updater Version found : 6.11.1
2024-06-03 14:16:51,532 [INFO] ApplicationProperties:184 - Using Application install path: C:\ST\STM32CubeIDE_1.14.1\STM32CubeIDE\plugins\com.st.stm32cube.common.mx_6.11.1.202404110753
2024-06-03 14:16:52,171 [INFO] ThirdPartyUpdaterWithRetryManager:70 - Updater plugin not ready yet. [2/15]
2024-06-03 14:16:53,111 [ERROR] LogOutputStream:75 - [STDERR_REDIRECT] Jun 03, 2024 2:16:53 PM java.util.prefs.WindowsPreferences <init>
2024-06-03 14:16:53,113 [ERROR] LogOutputStream:75 - [STDERR_REDIRECT] WARNING: Could not open/create prefs root node Software\JavaSoft\Prefs at root 0xffffffff80000002. Windows RegCreateKeyEx(...) returned error code 5.
2024-06-03 14:16:53,113 [ERROR] LogOutputStream:75 - [STDERR_REDIRECT] 
2024-06-03 14:16:53,578 [INFO] MainUpdater:2873 - connection check result : 10
2024-06-03 14:16:53,579 [INFO] MainUpdater:290 - Updater Check For Update Now.
2024-06-03 14:16:53,579 [INFO] MicroXplorer:498 - Change Database Version : DB.6.0.111
2024-06-03 14:16:53,594 [INFO] McuFinderGlobals:63 - Set McuFinder mode to 2 (CubeIDE integrated)
2024-06-03 14:16:53,606 [INFO] UserAuth:415 - Internet connection configuration mode: 1
2024-06-03 14:16:53,629 [INFO] JxBrowserEngine:152 - Initiate JxBrowser Engine with user profile folder
2024-06-03 14:16:53,768 [INFO] CheckServerUpdateThread:120 - End of CheckServer Thread
2024-06-03 14:16:55,320 [WARN] PackLoader:240 - Cannot read IP mode file for STMicroelectronics.FP-SNS-MOTENVWB1.1.4.0
2024-06-03 14:16:55,334 [WARN] PackLoader:240 - Cannot read IP mode file for STMicroelectronics.X-CUBE-SMBUS.2.1.0
2024-06-03 14:16:55,347 [WARN] PackLoader:240 - Cannot read IP mode file for STMicroelectronics.X-CUBE-TOUCHGFX.4.23.1
2024-06-03 14:16:55,357 [WARN] PackLoader:240 - Cannot read IP mode file for STMicroelectronics.X-CUBE-TOUCHGFX.4.23.0
2024-06-03 14:16:55,366 [WARN] PackLoader:240 - Cannot read IP mode file for STMicroelectronics.X-CUBE-TOUCHGFX.4.23.2
2024-06-03 14:16:55,403 [WARN] PackLoader:240 - Cannot read IP mode file for STMicroelectronics.X-CUBE-AZRTOS-F7.1.1.0
2024-06-03 14:16:55,421 [WARN] PackLoader:240 - Cannot read IP mode file for STMicroelectronics.FP-SNS-MOTENV1.4.3.2
2024-06-03 14:16:55,435 [WARN] PackLoader:240 - Cannot read IP mode file for STMicroelectronics.FP-SNS-FLIGHT1.5.0.2
2024-06-03 14:16:55,451 [WARN] PackLoader:240 - Cannot read IP mode file for STMicroelectronics.X-CUBE-DISPLAY.3.0.0
2024-06-03 14:16:55,470 [WARN] PackLoader:240 - Cannot read IP mode file for STMicroelectronics.X-CUBE-BLE1.7.0.0
2024-06-03 14:16:55,481 [WARN] PackLoader:240 - Cannot read IP mode file for emotas.I-CUBE-CANOPEN.1.3.0
2024-06-03 14:16:55,500 [WARN] PackLoader:240 - Cannot read IP mode file for STMicroelectronics.X-CUBE-BLEMGR.3.1.0
2024-06-03 14:16:55,514 [WARN] PackLoader:240 - Cannot read IP mode file for STMicroelectronics.FP-SNS-SMARTAG2.1.2.0
2024-06-03 14:16:55,534 [INFO] LogOutputStream:77 - [STDOUT_REDIRECT] 1 : Invalid condition id : UX_CORESTACK_Condition cause : null
2024-06-03 14:16:55,534 [INFO] LogOutputStream:77 - [STDOUT_REDIRECT] 1 : Invalid condition id : UX_CORESTACK_Condition cause : null
2024-06-03 14:16:55,535 [INFO] LogOutputStream:77 - [STDOUT_REDIRECT] 1 : Invalid condition id : UX_CORESTACK_Condition cause : null
2024-06-03 14:16:55,536 [INFO] LogOutputStream:77 - [STDOUT_REDIRECT] 1 : Invalid condition id : UX_CORESTACK_Condition cause : null
2024-06-03 14:16:55,536 [INFO] LogOutputStream:77 - [STDOUT_REDIRECT] 1 : Invalid condition id : UX_CORESTACK_Condition cause : null
2024-06-03 14:16:55,538 [WARN] PackLoader:240 - Cannot read IP mode file for STMicroelectronics.X-CUBE-AZRTOS-WL.2.0.0
2024-06-03 14:16:55,550 [WARN] PackLoader:240 - Cannot read IP mode file for STMicroelectronics.FP-SNS-MOTENV1.5.0.0
2024-06-03 14:16:55,563 [WARN] PackLoader:240 - Cannot read IP mode file for WES.I-CUBE-Cesium.1.3.0
2024-06-03 14:16:55,573 [WARN] PackLoader:240 - Cannot read IP mode file for STMicroelectronics.X-CUBE-BLE2.3.3.0
2024-06-03 14:16:55,584 [WARN] PackLoader:240 - Cannot read IP mode file for STMicroelectronics.X-CUBE-TCPP.4.1.0
2024-06-03 14:16:55,597 [WARN] PackLoader:240 - Cannot read IP mode file for STMicroelectronics.X-CUBE-ALGOBUILD.1.3.0
2024-06-03 14:16:55,632 [WARN] PackLoader:240 - Cannot read IP mode file for STMicroelectronics.X-CUBE-AZRTOS-G0.1.1.0
2024-06-03 14:16:55,651 [WARN] PackLoader:240 - Cannot read IP mode file for STMicroelectronics.X-CUBE-SAFEA1.1.2.2
2024-06-03 14:16:55,667 [WARN] PackLoader:240 - Cannot read IP mode file for STMicroelectronics.X-CUBE-NFC4.3.0.0
2024-06-03 14:16:55,679 [WARN] PackLoader:240 - Cannot read IP mode file for wolfSSL.I-CUBE-wolfMQTT.1.18.0
2024-06-03 14:16:55,693 [WARN] PackLoader:240 - Cannot read IP mode file for STMicroelectronics.FP-ATR-SIGFOX1.3.2.0
2024-06-03 14:16:55,705 [WARN] PackLoader:240 - Cannot read IP mode file for STMicroelectronics.X-CUBE-EEPRMA1.5.1.0
2024-06-03 14:16:55,746 [WARN] PackLoader:240 - Cannot read IP mode file for SEGGER.I-CUBE-embOS.1.3.1
2024-06-03 14:16:55,787 [WARN] PackLoader:240 - Cannot read IP mode file for STMicroelectronics.X-CUBE-ALGOBUILD.1.4.0
2024-06-03 14:16:55,801 [WARN] PackLoader:240 - Cannot read IP mode file for STMicroelectronics.X-CUBE-GNSS1.6.0.0
2024-06-03 14:16:55,830 [WARN] PackLoader:240 - Cannot read IP mode file for STMicroelectronics.X-CUBE-AZRTOS-F4.1.1.0
2024-06-03 14:16:55,845 [WARN] PackLoader:240 - Cannot read IP mode file for STMicroelectronics.X-CUBE-FREERTOS.1.2.0
2024-06-03 14:16:55,857 [WARN] PackLoader:240 - Cannot read IP mode file for wolfSSL.I-CUBE-wolfSSL.5.6.6
2024-06-03 14:16:55,881 [WARN] PackLoader:240 - Cannot read IP mode file for STMicroelectronics.X-CUBE-AZRTOS-L5.2.0.0
2024-06-03 14:16:55,898 [WARN] PackLoader:240 - Cannot read IP mode file for STMicroelectronics.X-CUBE-NFC6.3.1.0
2024-06-03 14:16:55,915 [WARN] PackLoader:240 - Cannot read IP mode file for ITTIA_DB.I-CUBE-ITTIADB.8.8.0
2024-06-03 14:16:55,926 [WARN] PackLoader:240 - Cannot read IP mode file for STMicroelectronics.X-CUBE-AI.9.0.0
2024-06-03 14:16:55,940 [WARN] PackLoader:240 - Cannot read IP mode file for STMicroelectronics.X-CUBE-NFC7.1.0.1
2024-06-03 14:16:55,958 [WARN] PackLoader:240 - Cannot read IP mode file for STMicroelectronics.X-CUBE-NFC6.3.0.0
2024-06-03 14:16:55,974 [WARN] PackLoader:240 - Cannot read IP mode file for STMicroelectronics.X-CUBE-AI.8.1.0
2024-06-03 14:16:56,011 [WARN] ConditionMgr:438 - getConditionDescription Invalid condition id : LAN8742 Phy interface Condition cause : null
2024-06-03 14:16:56,011 [WARN] PackLoader:240 - Cannot read IP mode file for STMicroelectronics.X-CUBE-AZRTOS-L4.2.0.0
2024-06-03 14:16:56,013 [WARN] ConditionMgr:1039 - genDependencies : Invalid condition id : LAN8742 Phy interface Condition cause : null
2024-06-03 14:16:56,013 [WARN] ConditionMgr:1039 - genDependencies : Invalid condition id : LAN8742 Phy interface Condition cause : null
2024-06-03 14:16:56,014 [WARN] ConditionMgr:1039 - genDependencies : Invalid condition id : LAN8742 Phy interface Condition cause : null
2024-06-03 14:16:56,034 [WARN] PackLoader:240 - Cannot read IP mode file for STMicroelectronics.X-CUBE-SFXS2LP1.4.0.0
2024-06-03 14:16:56,089 [WARN] ConditionMgr:438 - getConditionDescription Invalid condition id : UX DEVICE CLASS RTOS Condition cause : null
2024-06-03 14:16:56,089 [WARN] ConditionMgr:438 - getConditionDescription Invalid condition id : UX DEVICE CLASS RTOS Condition cause : null
2024-06-03 14:16:56,091 [WARN] PackLoader:240 - Cannot read IP mode file for STMicroelectronics.X-CUBE-AZRTOS-WB.2.0.0
2024-06-03 14:16:56,092 [WARN] ConditionMgr:1039 - genDependencies : Invalid condition id : UX DEVICE CLASS RTOS Condition cause : null
2024-06-03 14:16:56,092 [WARN] ConditionMgr:1039 - genDependencies : Invalid condition id : UX DEVICE CLASS RTOS Condition cause : null
2024-06-03 14:16:56,093 [WARN] ConditionMgr:1039 - genDependencies : Invalid condition id : UX DEVICE CLASS RTOS Condition cause : null
2024-06-03 14:16:56,093 [WARN] ConditionMgr:1039 - genDependencies : Invalid condition id : UX DEVICE CLASS RTOS Condition cause : null
2024-06-03 14:16:56,093 [WARN] ConditionMgr:1039 - genDependencies : Invalid condition id : UX DEVICE CLASS RTOS Condition cause : null
2024-06-03 14:16:56,116 [WARN] PackLoader:240 - Cannot read IP mode file for STMicroelectronics.X-CUBE-SUBG2.5.0.0
2024-06-03 14:16:56,150 [WARN] PackLoader:240 - Cannot read IP mode file for STMicroelectronics.X-CUBE-AZRTOS-G4.2.0.0
2024-06-03 14:16:56,170 [WARN] PackLoader:240 - Cannot read IP mode file for Infineon.AIROC-Wi-Fi-Bluetooth-STM32.1.5.1
2024-06-03 14:16:56,184 [WARN] PackLoader:240 - Cannot read IP mode file for STMicroelectronics.FP-SNS-MOTENVWB1.1.3.1
2024-06-03 14:16:56,197 [WARN] PackLoader:240 - Cannot read IP mode file for STMicroelectronics.X-CUBE-ISPU.2.0.0
2024-06-03 14:16:56,211 [WARN] PackLoader:240 - Cannot read IP mode file for STMicroelectronics.X-CUBE-ALS.1.0.2
2024-06-03 14:16:56,258 [WARN] PackLoader:240 - Cannot read IP mode file for STMicroelectronics.X-CUBE-MEMS1.10.0.0
2024-06-03 14:16:56,366 [WARN] PackLoader:240 - Cannot read IP mode file for STMicroelectronics.X-CUBE-FREERTOS.1.1.0
2024-06-03 14:16:56,379 [WARN] PackLoader:240 - Cannot read IP mode file for portGmbH.I-Cube-SoM-uGOAL.1.1.0
2024-06-03 14:16:56,390 [WARN] PackLoader:240 - Cannot read IP mode file for STMicroelectronics.X-CUBE-ALS.1.0.1
2024-06-03 14:16:56,419 [WARN] PackLoader:240 - Cannot read IP mode file for STMicroelectronics.X-CUBE-AZRTOS-H7RS.1.0.0
2024-06-03 14:16:56,436 [WARN] PackLoader:240 - Cannot read IP mode file for STMicroelectronics.FP-ATR-ASTRA1.2.0.0
2024-06-03 14:16:56,457 [WARN] PackLoader:240 - Cannot read IP mode file for STMicroelectronics.X-CUBE-TOF1.3.4.1
2024-06-03 14:16:56,501 [WARN] PackLoader:240 - Cannot read IP mode file for STMicroelectronics.X-CUBE-AZRTOS-H7.3.2.0
2024-06-03 14:16:56,800 [INFO] ThirdParty:978 - Integrity check success = true
2024-06-03 14:16:56,800 [INFO] IntegrityCheckThread:100 - exiting critical section [integrity check]
2024-06-03 14:16:56,800 [INFO] IntegrityCheckThread:103 - End integrity checks thread
2024-06-03 14:16:57,654 [INFO] WebApp:161 - Instantiating new browser for Auth
2024-06-03 14:16:58,309 [INFO] WebApp:779 - Register for checkConnection events
2024-06-03 14:16:58,309 [INFO] WebApp:414 - Apply proxy settings
2024-06-03 14:16:58,309 [INFO] WebApp:499 - Chromium requires no authentication
2024-06-03 14:16:58,315 [INFO] WebApp:442 - Direct internet connection detected
2024-06-03 14:16:58,475 [INFO] WebApp:192 - Starting web application
2024-06-03 14:16:58,476 [INFO] WebApp:544 - Web application path used C:\ST\STM32CubeIDE_1.14.1\STM32CubeIDE\plugins\com.st.stm32cube.common.mx_6.11.1.202404110753\db\plugins\mcufinder\reactClient1\index.html
2024-06-03 17:40:39,226 [ERROR] LogOutputStream:75 - [STDERR_REDIRECT] 
2024-06-03 17:40:39,236 [ERROR] LogOutputStream:75 - [STDERR_REDIRECT] 
