2024-05-16 15:11:39,814 [INFO] Activator:176 - 


2024-05-16 15:11:39,814 [INFO] Activator:177 - !SESSION log4j initialized
2024-05-16 15:11:44,444 [INFO] LogOutputStream:77 - [STDOUT_REDIRECT] 
2024-05-16 15:11:47,141 [INFO] ApplicationProperties:184 - Using Application install path: C:\ST\STM32CubeIDE_1.14.1\STM32CubeIDE\plugins\com.st.stm32cube.common.mx_6.11.1.202404110753
2024-05-16 15:11:47,155 [INFO] DbMcusXml:78 - Set database path to: C:\ST\STM32CubeIDE_1.14.1\STM32CubeIDE\plugins\com.st.stm32cube.common.mx_6.11.1.202404110753\\db\/mcu/
2024-05-16 15:11:47,155 [INFO] ApiDb:274 - Set plugin database path to: C:\ST\STM32CubeIDE_1.14.1\STM32CubeIDE\plugins\com.st.stm32cube.common.mx_6.11.1.202404110753\\db\/plugins/boardmanager/
2024-05-16 15:11:47,156 [WARN] ApiDb:259 - Overriding images path with different value:  => C:\ST\STM32CubeIDE_1.14.1\STM32CubeIDE\plugins\com.st.stm32cube.common.mx_6.11.1.202404110753\\db\/plugins/mcufinder/images/
2024-05-16 15:11:47,172 [INFO] ApiDb:250 - Set database path to: C:\Users\andre\.stmcufinder\plugins\mcufinder//mcu/
2024-05-16 15:11:47,173 [INFO] DbMcusAds:125 - Set database path to: C:\Users\andre\.stmcufinder\plugins\mcufinder//mcu/
2024-05-16 15:11:47,176 [INFO] CrossReferenceDbSqlite:203 - Set database path to: C:\Users\andre\.stmcufinder\plugins\mcufinder//mcu/cs/
2024-05-16 15:11:47,269 [INFO] RulesReader:64 - Compatibility file has been processed (297 Rules)
2024-05-16 15:11:47,331 [INFO] DbMcusXml:78 - Set database path to: C:\ST\STM32CubeIDE_1.14.1\STM32CubeIDE\plugins\com.st.stm32cube.common.mx_6.11.1.202404110753\\db\/mcu/
2024-05-16 15:11:47,331 [INFO] ApiDb:274 - Set plugin database path to: C:\ST\STM32CubeIDE_1.14.1\STM32CubeIDE\plugins\com.st.stm32cube.common.mx_6.11.1.202404110753\\db\/plugins/boardmanager/
2024-05-16 15:11:47,331 [INFO] ApiDb:261 - Set plugin images path to: C:\ST\STM32CubeIDE_1.14.1\STM32CubeIDE\plugins\com.st.stm32cube.common.mx_6.11.1.202404110753\\db\/plugins/mcufinder/images/
2024-05-16 15:11:47,332 [WARN] DbFile:41 - Overriding database path with different value: C:\Users\andre\.stmcufinder\plugins\mcufinder/ => C:\Users\andre\.stmcufinder\plugins\mcufinder
2024-05-16 15:11:47,332 [INFO] ApiDb:250 - Set database path to: C:\Users\andre\.stmcufinder\plugins\mcufinder//mcu/
2024-05-16 15:11:47,332 [WARN] DbFile:41 - Overriding database path with different value: C:\Users\andre\.stmcufinder\plugins\mcufinder/ => C:\Users\andre\.stmcufinder\plugins\mcufinder
2024-05-16 15:11:47,332 [INFO] DbMcusAds:125 - Set database path to: C:\Users\andre\.stmcufinder\plugins\mcufinder//mcu/
2024-05-16 15:11:47,332 [WARN] DbFile:41 - Overriding database path with different value: C:\Users\andre\.stmcufinder\plugins\mcufinder/ => C:\Users\andre\.stmcufinder\plugins\mcufinder
2024-05-16 15:11:47,332 [WARN] DbFile:41 - Overriding database path with different value: C:\Users\andre\.stmcufinder\plugins\mcufinder/ => C:\Users\andre\.stmcufinder\plugins\mcufinder
2024-05-16 15:11:47,332 [INFO] CrossReferenceDbSqlite:203 - Set database path to: C:\Users\andre\.stmcufinder\plugins\mcufinder//mcu/cs/
2024-05-16 15:11:47,397 [INFO] MainPanel:264 - HeapMemory: 268435456
2024-05-16 15:11:47,487 [INFO] DbMcusXml:78 - Set database path to: C:\ST\STM32CubeIDE_1.14.1\STM32CubeIDE\plugins\com.st.stm32cube.common.mx_6.11.1.202404110753\\db\/mcu/
2024-05-16 15:11:47,488 [INFO] ApiDb:274 - Set plugin database path to: C:\ST\STM32CubeIDE_1.14.1\STM32CubeIDE\plugins\com.st.stm32cube.common.mx_6.11.1.202404110753\\db\/plugins/boardmanager/
2024-05-16 15:11:47,488 [INFO] ApiDb:261 - Set plugin images path to: C:\ST\STM32CubeIDE_1.14.1\STM32CubeIDE\plugins\com.st.stm32cube.common.mx_6.11.1.202404110753\\db\/plugins/mcufinder/images/
2024-05-16 15:11:47,488 [WARN] DbFile:41 - Overriding database path with different value: C:\Users\andre\.stmcufinder\plugins\mcufinder/ => C:\Users\andre\.stmcufinder\plugins\mcufinder
2024-05-16 15:11:47,488 [INFO] ApiDb:250 - Set database path to: C:\Users\andre\.stmcufinder\plugins\mcufinder//mcu/
2024-05-16 15:11:47,488 [WARN] DbFile:41 - Overriding database path with different value: C:\Users\andre\.stmcufinder\plugins\mcufinder/ => C:\Users\andre\.stmcufinder\plugins\mcufinder
2024-05-16 15:11:47,488 [INFO] DbMcusAds:125 - Set database path to: C:\Users\andre\.stmcufinder\plugins\mcufinder//mcu/
2024-05-16 15:11:47,488 [WARN] DbFile:41 - Overriding database path with different value: C:\Users\andre\.stmcufinder\plugins\mcufinder/ => C:\Users\andre\.stmcufinder\plugins\mcufinder
2024-05-16 15:11:47,488 [WARN] DbFile:41 - Overriding database path with different value: C:\Users\andre\.stmcufinder\plugins\mcufinder/ => C:\Users\andre\.stmcufinder\plugins\mcufinder
2024-05-16 15:11:47,488 [INFO] CrossReferenceDbSqlite:203 - Set database path to: C:\Users\andre\.stmcufinder\plugins\mcufinder//mcu/cs/
2024-05-16 15:11:47,506 [INFO] ApplicationProperties:184 - Using Application install path: C:\ST\STM32CubeIDE_1.14.1\STM32CubeIDE\plugins\com.st.stm32cube.common.mx_6.11.1.202404110753
2024-05-16 15:11:47,507 [INFO] PluginManage:196 - Search for loadable plugins [exclusion list=, ]
2024-05-16 15:11:47,509 [INFO] PluginManage:310 - Check plugin analytics
2024-05-16 15:11:47,665 [INFO] AnalyticsPlugin:253 - Accepted Software Licenses: STM32CubeMX.6.10.0
2024-05-16 15:11:47,666 [INFO] AnalyticsPlugin:255 - Accepted CMSIS Pack Licenses: STMicroelectronics.X-CUBE-AZRTOS-H7.3.2.0
2024-05-16 15:11:47,666 [INFO] AnalyticsPlugin:257 - Accepted Firmware Licenses: FW.H7.1.11.0
2024-05-16 15:11:47,668 [INFO] PluginManage:359 - Loaded plugin analytics (category:tool,tabindex:-1)
2024-05-16 15:11:47,669 [INFO] PluginManage:310 - Check plugin cadmodel
2024-05-16 15:11:47,710 [INFO] CADModel:105 - Init CAD model plugin
2024-05-16 15:11:47,710 [INFO] PluginManage:359 - Loaded plugin cadmodel (category:power,tabindex:5)
2024-05-16 15:11:47,710 [INFO] PluginManage:310 - Check plugin clock
2024-05-16 15:11:47,727 [INFO] PluginManage:359 - Loaded plugin clock (category:base,tabindex:2)
2024-05-16 15:11:47,727 [INFO] PluginManage:310 - Check plugin ddr
2024-05-16 15:11:47,729 [INFO] PluginManage:359 - Loaded plugin ddr (category:tool,tabindex:6)
2024-05-16 15:11:47,730 [INFO] PluginManage:310 - Check plugin filemanager
2024-05-16 15:11:47,849 [INFO] PluginManage:359 - Loaded plugin filemanager (category:base,tabindex:10)
2024-05-16 15:11:47,849 [INFO] PluginManage:310 - Check plugin ipmanager
2024-05-16 15:11:47,854 [INFO] PluginManage:359 - Loaded plugin ipmanager (category:base,tabindex:5)
2024-05-16 15:11:47,854 [INFO] PluginManage:310 - Check plugin lpbam
2024-05-16 15:11:47,869 [INFO] PluginManage:359 - Loaded plugin lpbam (category:base,tabindex:0)
2024-05-16 15:11:47,869 [INFO] PluginManage:310 - Check plugin memorymap
2024-05-16 15:11:47,892 [INFO] PluginManage:359 - Loaded plugin memorymap (category:base,tabindex:4)
2024-05-16 15:11:47,892 [INFO] PluginManage:310 - Check plugin pinoutandconfiguration
2024-05-16 15:11:47,905 [INFO] PluginManage:359 - Loaded plugin pinoutandconfiguration (category:base,tabindex:1)
2024-05-16 15:11:47,905 [INFO] PluginManage:310 - Check plugin pinoutconfig
2024-05-16 15:11:47,979 [WARN] SupportedApi:132 - Cannot load RTOS API schema: s4s-elt-must-match.1: The content of 'definitions' must match (annotation?, (simpleType | complexType)?, (unique | key | keyref)*)). A problem was found starting at: attribute.
2024-05-16 15:11:48,088 [INFO] PluginManage:359 - Loaded plugin pinoutconfig (category:base,tabindex:0)
2024-05-16 15:11:48,089 [INFO] PluginManage:310 - Check plugin power
2024-05-16 15:11:48,107 [INFO] PluginManage:359 - Loaded plugin power (category:power,tabindex:4)
2024-05-16 15:11:48,107 [INFO] PluginManage:310 - Check plugin projectmanager
2024-05-16 15:11:48,119 [INFO] PluginManage:359 - Loaded plugin projectmanager (category:projectmanager,tabindex:3)
2024-05-16 15:11:48,119 [INFO] PluginManage:310 - Check plugin thirdparty
2024-05-16 15:11:48,358 [INFO] PluginManage:359 - Loaded plugin thirdparty (category:base,tabindex:-1)
2024-05-16 15:11:48,359 [INFO] PluginManage:310 - Check plugin tools
2024-05-16 15:11:48,358 [WARN] IntegrityCheckThread:84 - waiting for thirdparty lock release [integrity check]
2024-05-16 15:11:48,359 [INFO] IntegrityCheckThread:86 - entering critical section [integrity check]
2024-05-16 15:11:48,359 [INFO] ThirdPartyUpdaterWithRetryManager:70 - Updater plugin not ready yet. [1/15]
2024-05-16 15:11:48,389 [INFO] PluginManage:359 - Loaded plugin tools (category:base,tabindex:7)
2024-05-16 15:11:48,389 [INFO] PluginManage:310 - Check plugin tutovideos
2024-05-16 15:11:48,535 [INFO] PluginManage:359 - Loaded plugin tutovideos (category:base,tabindex:-1)
2024-05-16 15:11:48,535 [INFO] PluginManage:310 - Check plugin updater
2024-05-16 15:11:48,544 [INFO] PluginManage:359 - Loaded plugin updater (category:base,tabindex:12)
2024-05-16 15:11:48,544 [INFO] PluginManage:310 - Check plugin userauth
2024-05-16 15:11:48,548 [INFO] UserAuth:114 - Init User Auth plugin
2024-05-16 15:11:48,548 [INFO] PluginManage:359 - Loaded plugin userauth (category:base,tabindex:14)
2024-05-16 15:11:48,548 [INFO] PluginManage:283 - PluginManage : Loaded plugins [17]
2024-05-16 15:11:48,726 [INFO] PinOutPanel:1561 - setPackage(No Configuration,No Configuration)
2024-05-16 15:11:48,786 [INFO] CADModel:165 - CPN selected for project level
2024-05-16 15:11:48,786 [INFO] CADModel:114 - Register for checkConnection events
2024-05-16 15:11:48,810 [INFO] IPUIPlugin:80 - create IPUIPlugin
2024-05-16 15:11:48,811 [INFO] PluginManager:220 - loadIPPluginJar : add adc
2024-05-16 15:11:48,835 [INFO] IPUIPlugin:80 - create IPUIPlugin
2024-05-16 15:11:48,836 [INFO] PluginManager:220 - loadIPPluginJar : add aes
2024-05-16 15:11:48,865 [INFO] IPUIPlugin:80 - create IPUIPlugin
2024-05-16 15:11:48,865 [INFO] PluginManager:220 - loadIPPluginJar : add can
2024-05-16 15:11:48,882 [INFO] IPUIPlugin:80 - create IPUIPlugin
2024-05-16 15:11:48,882 [INFO] PluginManager:220 - loadIPPluginJar : add comp
2024-05-16 15:11:48,906 [INFO] IPUIPlugin:80 - create IPUIPlugin
2024-05-16 15:11:48,906 [INFO] PluginManager:220 - loadIPPluginJar : add cryp
2024-05-16 15:11:48,926 [INFO] IPUIPlugin:80 - create IPUIPlugin
2024-05-16 15:11:48,926 [INFO] PluginManager:220 - loadIPPluginJar : add dfsdm
2024-05-16 15:11:48,937 [INFO] IPUIPlugin:80 - create IPUIPlugin
2024-05-16 15:11:48,938 [INFO] PluginManager:220 - loadIPPluginJar : add dma
2024-05-16 15:11:48,968 [INFO] IPUIPlugin:80 - create IPUIPlugin
2024-05-16 15:11:48,968 [INFO] PluginManager:220 - loadIPPluginJar : add dma3
2024-05-16 15:11:48,999 [INFO] IPUIPlugin:80 - create IPUIPlugin
2024-05-16 15:11:48,999 [INFO] PluginManager:220 - loadIPPluginJar : add extmemmanager
2024-05-16 15:11:49,015 [INFO] IPUIPlugin:80 - create IPUIPlugin
2024-05-16 15:11:49,015 [INFO] PluginManager:220 - loadIPPluginJar : add fatfs
2024-05-16 15:11:49,049 [INFO] IPUIPlugin:80 - create IPUIPlugin
2024-05-16 15:11:49,049 [INFO] PluginManager:220 - loadIPPluginJar : add fmc
2024-05-16 15:11:49,060 [INFO] IPUIPlugin:80 - create IPUIPlugin
2024-05-16 15:11:49,060 [INFO] PluginManager:220 - loadIPPluginJar : add freertos
2024-05-16 15:11:49,075 [INFO] IPUIPlugin:80 - create IPUIPlugin
2024-05-16 15:11:49,075 [INFO] PluginManager:220 - loadIPPluginJar : add genericplugin
2024-05-16 15:11:49,145 [INFO] IPUIPlugin:80 - create IPUIPlugin
2024-05-16 15:11:49,145 [INFO] PluginManager:220 - loadIPPluginJar : add gfxmmu
2024-05-16 15:11:49,234 [INFO] IPUIPlugin:80 - create IPUIPlugin
2024-05-16 15:11:49,234 [INFO] PluginManager:220 - loadIPPluginJar : add gic
2024-05-16 15:11:49,247 [INFO] IPUIPlugin:80 - create IPUIPlugin
2024-05-16 15:11:49,247 [INFO] PluginManager:220 - loadIPPluginJar : add gpio
2024-05-16 15:11:49,325 [INFO] IPUIPlugin:80 - create IPUIPlugin
2024-05-16 15:11:49,325 [INFO] PluginManager:220 - loadIPPluginJar : add gtzc
2024-05-16 15:11:49,350 [INFO] IPUIPlugin:80 - create IPUIPlugin
2024-05-16 15:11:49,350 [INFO] PluginManager:220 - loadIPPluginJar : add hash
2024-05-16 15:11:49,385 [INFO] IPUIPlugin:80 - create IPUIPlugin
2024-05-16 15:11:49,385 [INFO] PluginManager:220 - loadIPPluginJar : add i2c
2024-05-16 15:11:49,413 [INFO] IPUIPlugin:80 - create IPUIPlugin
2024-05-16 15:11:49,413 [INFO] PluginManager:220 - loadIPPluginJar : add i2s
2024-05-16 15:11:49,441 [INFO] IPUIPlugin:80 - create IPUIPlugin
2024-05-16 15:11:49,441 [INFO] PluginManager:220 - loadIPPluginJar : add i3c
2024-05-16 15:11:49,516 [INFO] IPUIPlugin:80 - create IPUIPlugin
2024-05-16 15:11:49,516 [INFO] PluginManager:220 - loadIPPluginJar : add ipddr
2024-05-16 15:11:49,580 [INFO] IPUIPlugin:80 - create IPUIPlugin
2024-05-16 15:11:49,580 [INFO] PluginManager:220 - loadIPPluginJar : add linkedlist
2024-05-16 15:11:49,605 [INFO] IPUIPlugin:80 - create IPUIPlugin
2024-05-16 15:11:49,605 [INFO] PluginManager:220 - loadIPPluginJar : add lorawan
2024-05-16 15:11:49,632 [INFO] IPUIPlugin:80 - create IPUIPlugin
2024-05-16 15:11:49,632 [INFO] PluginManager:220 - loadIPPluginJar : add ltdc
2024-05-16 15:11:49,643 [INFO] IPUIPlugin:80 - create IPUIPlugin
2024-05-16 15:11:49,643 [INFO] PluginManager:220 - loadIPPluginJar : add mdma
2024-05-16 15:11:49,652 [INFO] IPUIPlugin:80 - create IPUIPlugin
2024-05-16 15:11:49,652 [INFO] PluginManager:220 - loadIPPluginJar : add nvic
2024-05-16 15:11:49,679 [INFO] IPUIPlugin:80 - create IPUIPlugin
2024-05-16 15:11:49,679 [INFO] PluginManager:220 - loadIPPluginJar : add opamp
2024-05-16 15:11:49,721 [INFO] IPUIPlugin:80 - create IPUIPlugin
2024-05-16 15:11:49,721 [INFO] PluginManager:220 - loadIPPluginJar : add openamp
2024-05-16 15:11:49,750 [INFO] IPUIPlugin:80 - create IPUIPlugin
2024-05-16 15:11:49,752 [INFO] PluginManager:220 - loadIPPluginJar : add pdm2pcm
2024-05-16 15:11:49,762 [INFO] IPUIPlugin:80 - create IPUIPlugin
2024-05-16 15:11:49,764 [INFO] PluginManager:220 - loadIPPluginJar : add plateformsettings
2024-05-16 15:11:49,779 [INFO] IPUIPlugin:80 - create IPUIPlugin
2024-05-16 15:11:49,779 [INFO] PluginManager:220 - loadIPPluginJar : add quadspi
2024-05-16 15:11:49,788 [INFO] IPUIPlugin:80 - create IPUIPlugin
2024-05-16 15:11:49,788 [INFO] PluginManager:220 - loadIPPluginJar : add resmgrutility
2024-05-16 15:11:49,823 [INFO] IPUIPlugin:80 - create IPUIPlugin
2024-05-16 15:11:49,823 [INFO] PluginManager:220 - loadIPPluginJar : add sai
2024-05-16 15:11:49,848 [INFO] IPUIPlugin:80 - create IPUIPlugin
2024-05-16 15:11:49,849 [INFO] PluginManager:220 - loadIPPluginJar : add spi
2024-05-16 15:11:49,896 [INFO] IPUIPlugin:80 - create IPUIPlugin
2024-05-16 15:11:49,896 [INFO] PluginManager:220 - loadIPPluginJar : add stm32_wpan
2024-05-16 15:11:49,912 [INFO] IPUIPlugin:80 - create IPUIPlugin
2024-05-16 15:11:49,912 [INFO] PluginManager:220 - loadIPPluginJar : add tim
2024-05-16 15:11:49,954 [INFO] IPUIPlugin:80 - create IPUIPlugin
2024-05-16 15:11:49,954 [INFO] PluginManager:220 - loadIPPluginJar : add touchsensing
2024-05-16 15:11:49,971 [INFO] IPUIPlugin:80 - create IPUIPlugin
2024-05-16 15:11:49,971 [INFO] PluginManager:220 - loadIPPluginJar : add tracer_emb
2024-05-16 15:11:49,987 [INFO] IPUIPlugin:80 - create IPUIPlugin
2024-05-16 15:11:49,987 [INFO] PluginManager:220 - loadIPPluginJar : add ts
2024-05-16 15:11:50,003 [INFO] IPUIPlugin:80 - create IPUIPlugin
2024-05-16 15:11:50,003 [INFO] PluginManager:220 - loadIPPluginJar : add tsc
2024-05-16 15:11:50,021 [INFO] IPUIPlugin:80 - create IPUIPlugin
2024-05-16 15:11:50,021 [INFO] PluginManager:220 - loadIPPluginJar : add ucpd
2024-05-16 15:11:50,051 [INFO] IPUIPlugin:80 - create IPUIPlugin
2024-05-16 15:11:50,051 [INFO] PluginManager:220 - loadIPPluginJar : add usart
2024-05-16 15:11:50,082 [INFO] IPUIPlugin:80 - create IPUIPlugin
2024-05-16 15:11:50,082 [INFO] PluginManager:220 - loadIPPluginJar : add usbx
2024-05-16 15:11:50,201 [INFO] CADModel:165 - CPN selected for project level
2024-05-16 15:11:50,201 [INFO] CADModel:114 - Register for checkConnection events
2024-05-16 15:11:50,201 [FATAL] Updater:308 - Updater called before beeing initialized
2024-05-16 15:11:50,202 [ERROR] CADModel:125 - Updater not yet initialized, retry later 
2024-05-16 15:11:50,322 [INFO] CADModel:165 - CPN selected for project level
2024-05-16 15:11:50,322 [INFO] CADModel:114 - Register for checkConnection events
2024-05-16 15:11:50,322 [FATAL] Updater:308 - Updater called before beeing initialized
2024-05-16 15:11:50,322 [ERROR] CADModel:125 - Updater not yet initialized, retry later 
2024-05-16 15:11:50,325 [FATAL] Updater:308 - Updater called before beeing initialized
2024-05-16 15:11:50,417 [FATAL] Updater:308 - Updater called before beeing initialized
2024-05-16 15:11:50,426 [INFO] DbMcusAds:53 - JSON generation date=Wed Nov 29 11:52:27 CET 2023 (1701255147349)
2024-05-16 15:11:50,427 [FATAL] Updater:308 - Updater called before beeing initialized
2024-05-16 15:11:50,456 [WARN] DetailPanel:346 - Failed to get advertising image, set to default
2024-05-16 15:11:50,556 [FATAL] Updater:308 - Updater called before beeing initialized
2024-05-16 15:11:50,559 [FATAL] Updater:308 - Updater called before beeing initialized
2024-05-16 15:11:50,559 [FATAL] Updater:308 - Updater called before beeing initialized
2024-05-16 15:11:50,559 [WARN] DetailPanel:346 - Failed to get advertising image, set to default
2024-05-16 15:11:50,560 [FATAL] Updater:308 - Updater called before beeing initialized
2024-05-16 15:11:50,612 [ERROR] Updater:1120 - MainUpdater not yet initialized. External WinMGr cannot be set.
2024-05-16 15:11:50,622 [INFO] Updater:1056 - Updater Version found : 6.11.1
2024-05-16 15:11:50,639 [INFO] ApplicationProperties:184 - Using Application install path: C:\ST\STM32CubeIDE_1.14.1\STM32CubeIDE\plugins\com.st.stm32cube.common.mx_6.11.1.202404110753
2024-05-16 15:11:51,360 [INFO] ThirdPartyUpdaterWithRetryManager:70 - Updater plugin not ready yet. [2/15]
2024-05-16 15:11:52,219 [ERROR] LogOutputStream:75 - [STDERR_REDIRECT] May 16, 2024 3:11:52 PM java.util.prefs.WindowsPreferences <init>
2024-05-16 15:11:52,220 [ERROR] LogOutputStream:75 - [STDERR_REDIRECT] WARNING: Could not open/create prefs root node Software\JavaSoft\Prefs at root 0xffffffff80000002. Windows RegCreateKeyEx(...) returned error code 5.
2024-05-16 15:11:52,220 [ERROR] LogOutputStream:75 - [STDERR_REDIRECT] 
2024-05-16 15:11:52,590 [INFO] MainUpdater:2873 - connection check result : 10
2024-05-16 15:11:52,590 [INFO] MainUpdater:290 - Updater Check For Update Now.
2024-05-16 15:11:52,590 [INFO] MicroXplorer:498 - Change Database Version : DB.6.0.111
2024-05-16 15:11:52,607 [INFO] McuFinderGlobals:63 - Set McuFinder mode to 2 (CubeIDE integrated)
2024-05-16 15:11:52,618 [INFO] UserAuth:415 - Internet connection configuration mode: 1
2024-05-16 15:11:52,650 [INFO] JxBrowserEngine:152 - Initiate JxBrowser Engine with user profile folder
2024-05-16 15:11:52,781 [INFO] CheckServerUpdateThread:120 - End of CheckServer Thread
2024-05-16 15:11:54,539 [WARN] PackLoader:240 - Cannot read IP mode file for STMicroelectronics.FP-SNS-MOTENVWB1.1.4.0
2024-05-16 15:11:54,553 [WARN] PackLoader:240 - Cannot read IP mode file for STMicroelectronics.X-CUBE-SMBUS.2.1.0
2024-05-16 15:11:54,565 [WARN] PackLoader:240 - Cannot read IP mode file for STMicroelectronics.X-CUBE-TOUCHGFX.4.23.1
2024-05-16 15:11:54,575 [WARN] PackLoader:240 - Cannot read IP mode file for STMicroelectronics.X-CUBE-TOUCHGFX.4.23.0
2024-05-16 15:11:54,583 [WARN] PackLoader:240 - Cannot read IP mode file for STMicroelectronics.X-CUBE-TOUCHGFX.4.23.2
2024-05-16 15:11:54,617 [WARN] PackLoader:240 - Cannot read IP mode file for STMicroelectronics.X-CUBE-AZRTOS-F7.1.1.0
2024-05-16 15:11:54,637 [WARN] PackLoader:240 - Cannot read IP mode file for STMicroelectronics.FP-SNS-MOTENV1.4.3.2
2024-05-16 15:11:54,653 [WARN] PackLoader:240 - Cannot read IP mode file for STMicroelectronics.FP-SNS-FLIGHT1.5.0.2
2024-05-16 15:11:54,669 [WARN] PackLoader:240 - Cannot read IP mode file for STMicroelectronics.X-CUBE-DISPLAY.3.0.0
2024-05-16 15:11:54,688 [WARN] PackLoader:240 - Cannot read IP mode file for STMicroelectronics.X-CUBE-BLE1.7.0.0
2024-05-16 15:11:54,701 [WARN] PackLoader:240 - Cannot read IP mode file for emotas.I-CUBE-CANOPEN.1.3.0
2024-05-16 15:11:54,721 [WARN] PackLoader:240 - Cannot read IP mode file for STMicroelectronics.X-CUBE-BLEMGR.3.1.0
2024-05-16 15:11:54,739 [WARN] PackLoader:240 - Cannot read IP mode file for STMicroelectronics.FP-SNS-SMARTAG2.1.2.0
2024-05-16 15:11:54,756 [INFO] LogOutputStream:77 - [STDOUT_REDIRECT] 1 : Invalid condition id : UX_CORESTACK_Condition cause : null
2024-05-16 15:11:54,757 [INFO] LogOutputStream:77 - [STDOUT_REDIRECT] 1 : Invalid condition id : UX_CORESTACK_Condition cause : null
2024-05-16 15:11:54,758 [INFO] LogOutputStream:77 - [STDOUT_REDIRECT] 1 : Invalid condition id : UX_CORESTACK_Condition cause : null
2024-05-16 15:11:54,759 [INFO] LogOutputStream:77 - [STDOUT_REDIRECT] 1 : Invalid condition id : UX_CORESTACK_Condition cause : null
2024-05-16 15:11:54,759 [INFO] LogOutputStream:77 - [STDOUT_REDIRECT] 1 : Invalid condition id : UX_CORESTACK_Condition cause : null
2024-05-16 15:11:54,762 [WARN] PackLoader:240 - Cannot read IP mode file for STMicroelectronics.X-CUBE-AZRTOS-WL.2.0.0
2024-05-16 15:11:54,773 [WARN] PackLoader:240 - Cannot read IP mode file for STMicroelectronics.FP-SNS-MOTENV1.5.0.0
2024-05-16 15:11:54,786 [WARN] PackLoader:240 - Cannot read IP mode file for WES.I-CUBE-Cesium.1.3.0
2024-05-16 15:11:54,795 [WARN] PackLoader:240 - Cannot read IP mode file for STMicroelectronics.X-CUBE-BLE2.3.3.0
2024-05-16 15:11:54,805 [WARN] PackLoader:240 - Cannot read IP mode file for STMicroelectronics.X-CUBE-TCPP.4.1.0
2024-05-16 15:11:54,824 [WARN] PackLoader:240 - Cannot read IP mode file for STMicroelectronics.X-CUBE-ALGOBUILD.1.3.0
2024-05-16 15:11:54,852 [WARN] PackLoader:240 - Cannot read IP mode file for STMicroelectronics.X-CUBE-AZRTOS-G0.1.1.0
2024-05-16 15:11:54,872 [WARN] PackLoader:240 - Cannot read IP mode file for STMicroelectronics.X-CUBE-SAFEA1.1.2.2
2024-05-16 15:11:54,889 [WARN] PackLoader:240 - Cannot read IP mode file for STMicroelectronics.X-CUBE-NFC4.3.0.0
2024-05-16 15:11:54,903 [WARN] PackLoader:240 - Cannot read IP mode file for STMicroelectronics.FP-ATR-SIGFOX1.3.2.0
2024-05-16 15:11:54,919 [WARN] PackLoader:240 - Cannot read IP mode file for STMicroelectronics.X-CUBE-EEPRMA1.5.1.0
2024-05-16 15:11:54,962 [WARN] PackLoader:240 - Cannot read IP mode file for SEGGER.I-CUBE-embOS.1.3.1
2024-05-16 15:11:55,007 [WARN] PackLoader:240 - Cannot read IP mode file for STMicroelectronics.X-CUBE-ALGOBUILD.1.4.0
2024-05-16 15:11:55,022 [WARN] PackLoader:240 - Cannot read IP mode file for STMicroelectronics.X-CUBE-GNSS1.6.0.0
2024-05-16 15:11:55,056 [WARN] PackLoader:240 - Cannot read IP mode file for STMicroelectronics.X-CUBE-AZRTOS-F4.1.1.0
2024-05-16 15:11:55,070 [WARN] PackLoader:240 - Cannot read IP mode file for STMicroelectronics.X-CUBE-FREERTOS.1.2.0
2024-05-16 15:11:55,080 [WARN] PackLoader:240 - Cannot read IP mode file for wolfSSL.I-CUBE-wolfSSL.5.6.6
2024-05-16 15:11:55,105 [WARN] PackLoader:240 - Cannot read IP mode file for STMicroelectronics.X-CUBE-AZRTOS-L5.2.0.0
2024-05-16 15:11:55,123 [WARN] PackLoader:240 - Cannot read IP mode file for STMicroelectronics.X-CUBE-NFC6.3.1.0
2024-05-16 15:11:55,138 [WARN] PackLoader:240 - Cannot read IP mode file for ITTIA_DB.I-CUBE-ITTIADB.8.8.0
2024-05-16 15:11:55,152 [WARN] PackLoader:240 - Cannot read IP mode file for STMicroelectronics.X-CUBE-AI.9.0.0
2024-05-16 15:11:55,168 [WARN] PackLoader:240 - Cannot read IP mode file for STMicroelectronics.X-CUBE-NFC7.1.0.1
2024-05-16 15:11:55,185 [WARN] PackLoader:240 - Cannot read IP mode file for STMicroelectronics.X-CUBE-NFC6.3.0.0
2024-05-16 15:11:55,200 [WARN] PackLoader:240 - Cannot read IP mode file for STMicroelectronics.X-CUBE-AI.8.1.0
2024-05-16 15:11:55,247 [WARN] ConditionMgr:438 - getConditionDescription Invalid condition id : LAN8742 Phy interface Condition cause : null
2024-05-16 15:11:55,248 [WARN] PackLoader:240 - Cannot read IP mode file for STMicroelectronics.X-CUBE-AZRTOS-L4.2.0.0
2024-05-16 15:11:55,250 [WARN] ConditionMgr:1039 - genDependencies : Invalid condition id : LAN8742 Phy interface Condition cause : null
2024-05-16 15:11:55,251 [WARN] ConditionMgr:1039 - genDependencies : Invalid condition id : LAN8742 Phy interface Condition cause : null
2024-05-16 15:11:55,251 [WARN] ConditionMgr:1039 - genDependencies : Invalid condition id : LAN8742 Phy interface Condition cause : null
2024-05-16 15:11:55,268 [WARN] PackLoader:240 - Cannot read IP mode file for STMicroelectronics.X-CUBE-SFXS2LP1.4.0.0
2024-05-16 15:11:55,289 [WARN] ConditionMgr:438 - getConditionDescription Invalid condition id : UX DEVICE CLASS RTOS Condition cause : null
2024-05-16 15:11:55,290 [WARN] ConditionMgr:438 - getConditionDescription Invalid condition id : UX DEVICE CLASS RTOS Condition cause : null
2024-05-16 15:11:55,292 [WARN] PackLoader:240 - Cannot read IP mode file for STMicroelectronics.X-CUBE-AZRTOS-WB.2.0.0
2024-05-16 15:11:55,292 [WARN] ConditionMgr:1039 - genDependencies : Invalid condition id : UX DEVICE CLASS RTOS Condition cause : null
2024-05-16 15:11:55,293 [WARN] ConditionMgr:1039 - genDependencies : Invalid condition id : UX DEVICE CLASS RTOS Condition cause : null
2024-05-16 15:11:55,293 [WARN] ConditionMgr:1039 - genDependencies : Invalid condition id : UX DEVICE CLASS RTOS Condition cause : null
2024-05-16 15:11:55,293 [WARN] ConditionMgr:1039 - genDependencies : Invalid condition id : UX DEVICE CLASS RTOS Condition cause : null
2024-05-16 15:11:55,293 [WARN] ConditionMgr:1039 - genDependencies : Invalid condition id : UX DEVICE CLASS RTOS Condition cause : null
2024-05-16 15:11:55,309 [WARN] PackLoader:240 - Cannot read IP mode file for STMicroelectronics.X-CUBE-SUBG2.5.0.0
2024-05-16 15:11:55,331 [WARN] PackLoader:240 - Cannot read IP mode file for STMicroelectronics.X-CUBE-AZRTOS-G4.2.0.0
2024-05-16 15:11:55,350 [WARN] PackLoader:240 - Cannot read IP mode file for Infineon.AIROC-Wi-Fi-Bluetooth-STM32.1.5.1
2024-05-16 15:11:55,366 [WARN] PackLoader:240 - Cannot read IP mode file for STMicroelectronics.FP-SNS-MOTENVWB1.1.3.1
2024-05-16 15:11:55,376 [WARN] PackLoader:240 - Cannot read IP mode file for STMicroelectronics.X-CUBE-ISPU.2.0.0
2024-05-16 15:11:55,423 [WARN] PackLoader:240 - Cannot read IP mode file for STMicroelectronics.X-CUBE-MEMS1.10.0.0
2024-05-16 15:11:55,528 [WARN] PackLoader:240 - Cannot read IP mode file for STMicroelectronics.X-CUBE-FREERTOS.1.1.0
2024-05-16 15:11:55,540 [WARN] PackLoader:240 - Cannot read IP mode file for portGmbH.I-Cube-SoM-uGOAL.1.1.0
2024-05-16 15:11:55,555 [WARN] PackLoader:240 - Cannot read IP mode file for STMicroelectronics.X-CUBE-ALS.1.0.1
2024-05-16 15:11:55,578 [WARN] PackLoader:240 - Cannot read IP mode file for STMicroelectronics.X-CUBE-AZRTOS-H7RS.1.0.0
2024-05-16 15:11:55,595 [WARN] PackLoader:240 - Cannot read IP mode file for STMicroelectronics.FP-ATR-ASTRA1.2.0.0
2024-05-16 15:11:55,751 [WARN] PackLoader:240 - Cannot read IP mode file for STMicroelectronics.X-CUBE-TOF1.3.4.1
2024-05-16 15:11:55,800 [WARN] PackLoader:240 - Cannot read IP mode file for STMicroelectronics.X-CUBE-AZRTOS-H7.3.2.0
2024-05-16 15:11:56,163 [INFO] ThirdParty:978 - Integrity check success = true
2024-05-16 15:11:56,163 [INFO] IntegrityCheckThread:100 - exiting critical section [integrity check]
2024-05-16 15:11:56,163 [INFO] IntegrityCheckThread:103 - End integrity checks thread
2024-05-16 15:11:56,447 [INFO] WebApp:161 - Instantiating new browser for Auth
2024-05-16 15:11:57,083 [INFO] WebApp:779 - Register for checkConnection events
2024-05-16 15:11:57,083 [INFO] WebApp:414 - Apply proxy settings
2024-05-16 15:11:57,083 [INFO] WebApp:499 - Chromium requires no authentication
2024-05-16 15:11:57,089 [INFO] WebApp:442 - Direct internet connection detected
2024-05-16 15:11:57,221 [INFO] WebApp:192 - Starting web application
2024-05-16 15:11:57,221 [INFO] WebApp:544 - Web application path used C:\ST\STM32CubeIDE_1.14.1\STM32CubeIDE\plugins\com.st.stm32cube.common.mx_6.11.1.202404110753\db\plugins\mcufinder\reactClient1\index.html
2024-05-16 18:09:34,947 [ERROR] LogOutputStream:75 - [STDERR_REDIRECT] 
2024-05-16 18:09:34,948 [ERROR] LogOutputStream:75 - [STDERR_REDIRECT] 
