2024-05-14 11:04:16,620 [INFO] Activator:176 - 


2024-05-14 11:04:16,620 [INFO] Activator:177 - !SESSION log4j initialized
2024-05-14 11:04:22,317 [INFO] LogOutputStream:77 - [STDOUT_REDIRECT] 
2024-05-14 11:04:25,050 [INFO] ApplicationProperties:184 - Using Application install path: C:\ST\STM32CubeIDE_1.14.1\STM32CubeIDE\plugins\com.st.stm32cube.common.mx_6.11.1.202404110753
2024-05-14 11:04:25,065 [INFO] DbMcusXml:78 - Set database path to: C:\ST\STM32CubeIDE_1.14.1\STM32CubeIDE\plugins\com.st.stm32cube.common.mx_6.11.1.202404110753\\db\/mcu/
2024-05-14 11:04:25,065 [INFO] ApiDb:274 - Set plugin database path to: C:\ST\STM32CubeIDE_1.14.1\STM32CubeIDE\plugins\com.st.stm32cube.common.mx_6.11.1.202404110753\\db\/plugins/boardmanager/
2024-05-14 11:04:25,065 [WARN] ApiDb:259 - Overriding images path with different value:  => C:\ST\STM32CubeIDE_1.14.1\STM32CubeIDE\plugins\com.st.stm32cube.common.mx_6.11.1.202404110753\\db\/plugins/mcufinder/images/
2024-05-14 11:04:25,080 [INFO] ApiDb:250 - Set database path to: C:\Users\andre\.stmcufinder\plugins\mcufinder//mcu/
2024-05-14 11:04:25,081 [INFO] DbMcusAds:125 - Set database path to: C:\Users\andre\.stmcufinder\plugins\mcufinder//mcu/
2024-05-14 11:04:25,082 [INFO] CrossReferenceDbSqlite:203 - Set database path to: C:\Users\andre\.stmcufinder\plugins\mcufinder//mcu/cs/
2024-05-14 11:04:25,183 [INFO] RulesReader:64 - Compatibility file has been processed (297 Rules)
2024-05-14 11:04:25,251 [INFO] DbMcusXml:78 - Set database path to: C:\ST\STM32CubeIDE_1.14.1\STM32CubeIDE\plugins\com.st.stm32cube.common.mx_6.11.1.202404110753\\db\/mcu/
2024-05-14 11:04:25,251 [INFO] ApiDb:274 - Set plugin database path to: C:\ST\STM32CubeIDE_1.14.1\STM32CubeIDE\plugins\com.st.stm32cube.common.mx_6.11.1.202404110753\\db\/plugins/boardmanager/
2024-05-14 11:04:25,252 [INFO] ApiDb:261 - Set plugin images path to: C:\ST\STM32CubeIDE_1.14.1\STM32CubeIDE\plugins\com.st.stm32cube.common.mx_6.11.1.202404110753\\db\/plugins/mcufinder/images/
2024-05-14 11:04:25,252 [WARN] DbFile:41 - Overriding database path with different value: C:\Users\andre\.stmcufinder\plugins\mcufinder/ => C:\Users\andre\.stmcufinder\plugins\mcufinder
2024-05-14 11:04:25,252 [INFO] ApiDb:250 - Set database path to: C:\Users\andre\.stmcufinder\plugins\mcufinder//mcu/
2024-05-14 11:04:25,252 [WARN] DbFile:41 - Overriding database path with different value: C:\Users\andre\.stmcufinder\plugins\mcufinder/ => C:\Users\andre\.stmcufinder\plugins\mcufinder
2024-05-14 11:04:25,252 [INFO] DbMcusAds:125 - Set database path to: C:\Users\andre\.stmcufinder\plugins\mcufinder//mcu/
2024-05-14 11:04:25,252 [WARN] DbFile:41 - Overriding database path with different value: C:\Users\andre\.stmcufinder\plugins\mcufinder/ => C:\Users\andre\.stmcufinder\plugins\mcufinder
2024-05-14 11:04:25,252 [WARN] DbFile:41 - Overriding database path with different value: C:\Users\andre\.stmcufinder\plugins\mcufinder/ => C:\Users\andre\.stmcufinder\plugins\mcufinder
2024-05-14 11:04:25,252 [INFO] CrossReferenceDbSqlite:203 - Set database path to: C:\Users\andre\.stmcufinder\plugins\mcufinder//mcu/cs/
2024-05-14 11:04:25,321 [INFO] MainPanel:264 - HeapMemory: 268435456
2024-05-14 11:04:25,396 [INFO] DbMcusXml:78 - Set database path to: C:\ST\STM32CubeIDE_1.14.1\STM32CubeIDE\plugins\com.st.stm32cube.common.mx_6.11.1.202404110753\\db\/mcu/
2024-05-14 11:04:25,396 [INFO] ApiDb:274 - Set plugin database path to: C:\ST\STM32CubeIDE_1.14.1\STM32CubeIDE\plugins\com.st.stm32cube.common.mx_6.11.1.202404110753\\db\/plugins/boardmanager/
2024-05-14 11:04:25,396 [INFO] ApiDb:261 - Set plugin images path to: C:\ST\STM32CubeIDE_1.14.1\STM32CubeIDE\plugins\com.st.stm32cube.common.mx_6.11.1.202404110753\\db\/plugins/mcufinder/images/
2024-05-14 11:04:25,396 [WARN] DbFile:41 - Overriding database path with different value: C:\Users\andre\.stmcufinder\plugins\mcufinder/ => C:\Users\andre\.stmcufinder\plugins\mcufinder
2024-05-14 11:04:25,396 [INFO] ApiDb:250 - Set database path to: C:\Users\andre\.stmcufinder\plugins\mcufinder//mcu/
2024-05-14 11:04:25,396 [WARN] DbFile:41 - Overriding database path with different value: C:\Users\andre\.stmcufinder\plugins\mcufinder/ => C:\Users\andre\.stmcufinder\plugins\mcufinder
2024-05-14 11:04:25,396 [INFO] DbMcusAds:125 - Set database path to: C:\Users\andre\.stmcufinder\plugins\mcufinder//mcu/
2024-05-14 11:04:25,396 [WARN] DbFile:41 - Overriding database path with different value: C:\Users\andre\.stmcufinder\plugins\mcufinder/ => C:\Users\andre\.stmcufinder\plugins\mcufinder
2024-05-14 11:04:25,396 [WARN] DbFile:41 - Overriding database path with different value: C:\Users\andre\.stmcufinder\plugins\mcufinder/ => C:\Users\andre\.stmcufinder\plugins\mcufinder
2024-05-14 11:04:25,396 [INFO] CrossReferenceDbSqlite:203 - Set database path to: C:\Users\andre\.stmcufinder\plugins\mcufinder//mcu/cs/
2024-05-14 11:04:25,410 [INFO] ApplicationProperties:184 - Using Application install path: C:\ST\STM32CubeIDE_1.14.1\STM32CubeIDE\plugins\com.st.stm32cube.common.mx_6.11.1.202404110753
2024-05-14 11:04:25,412 [INFO] PluginManage:196 - Search for loadable plugins [exclusion list=, ]
2024-05-14 11:04:25,413 [INFO] PluginManage:310 - Check plugin analytics
2024-05-14 11:04:25,559 [INFO] AnalyticsPlugin:253 - Accepted Software Licenses: STM32CubeMX.6.10.0
2024-05-14 11:04:25,560 [INFO] AnalyticsPlugin:255 - Accepted CMSIS Pack Licenses: STMicroelectronics.X-CUBE-AZRTOS-H7.3.2.0
2024-05-14 11:04:25,560 [INFO] AnalyticsPlugin:257 - Accepted Firmware Licenses: FW.H7.1.11.0
2024-05-14 11:04:25,563 [INFO] PluginManage:359 - Loaded plugin analytics (category:tool,tabindex:-1)
2024-05-14 11:04:25,564 [INFO] PluginManage:310 - Check plugin cadmodel
2024-05-14 11:04:25,608 [INFO] CADModel:105 - Init CAD model plugin
2024-05-14 11:04:25,608 [INFO] PluginManage:359 - Loaded plugin cadmodel (category:power,tabindex:5)
2024-05-14 11:04:25,609 [INFO] PluginManage:310 - Check plugin clock
2024-05-14 11:04:25,626 [INFO] PluginManage:359 - Loaded plugin clock (category:base,tabindex:2)
2024-05-14 11:04:25,626 [INFO] PluginManage:310 - Check plugin ddr
2024-05-14 11:04:25,628 [INFO] PluginManage:359 - Loaded plugin ddr (category:tool,tabindex:6)
2024-05-14 11:04:25,628 [INFO] PluginManage:310 - Check plugin filemanager
2024-05-14 11:04:25,754 [INFO] PluginManage:359 - Loaded plugin filemanager (category:base,tabindex:10)
2024-05-14 11:04:25,754 [INFO] PluginManage:310 - Check plugin ipmanager
2024-05-14 11:04:25,759 [INFO] PluginManage:359 - Loaded plugin ipmanager (category:base,tabindex:5)
2024-05-14 11:04:25,760 [INFO] PluginManage:310 - Check plugin lpbam
2024-05-14 11:04:25,775 [INFO] PluginManage:359 - Loaded plugin lpbam (category:base,tabindex:0)
2024-05-14 11:04:25,775 [INFO] PluginManage:310 - Check plugin memorymap
2024-05-14 11:04:25,795 [INFO] PluginManage:359 - Loaded plugin memorymap (category:base,tabindex:4)
2024-05-14 11:04:25,795 [INFO] PluginManage:310 - Check plugin pinoutandconfiguration
2024-05-14 11:04:25,808 [INFO] PluginManage:359 - Loaded plugin pinoutandconfiguration (category:base,tabindex:1)
2024-05-14 11:04:25,808 [INFO] PluginManage:310 - Check plugin pinoutconfig
2024-05-14 11:04:25,892 [WARN] SupportedApi:132 - Cannot load RTOS API schema: s4s-elt-must-match.1: The content of 'definitions' must match (annotation?, (simpleType | complexType)?, (unique | key | keyref)*)). A problem was found starting at: attribute.
2024-05-14 11:04:26,011 [INFO] PluginManage:359 - Loaded plugin pinoutconfig (category:base,tabindex:0)
2024-05-14 11:04:26,011 [INFO] PluginManage:310 - Check plugin power
2024-05-14 11:04:26,028 [INFO] PluginManage:359 - Loaded plugin power (category:power,tabindex:4)
2024-05-14 11:04:26,028 [INFO] PluginManage:310 - Check plugin projectmanager
2024-05-14 11:04:26,043 [INFO] PluginManage:359 - Loaded plugin projectmanager (category:projectmanager,tabindex:3)
2024-05-14 11:04:26,043 [INFO] PluginManage:310 - Check plugin thirdparty
2024-05-14 11:04:26,277 [INFO] PluginManage:359 - Loaded plugin thirdparty (category:base,tabindex:-1)
2024-05-14 11:04:26,277 [INFO] PluginManage:310 - Check plugin tools
2024-05-14 11:04:26,277 [WARN] IntegrityCheckThread:84 - waiting for thirdparty lock release [integrity check]
2024-05-14 11:04:26,277 [INFO] IntegrityCheckThread:86 - entering critical section [integrity check]
2024-05-14 11:04:26,277 [INFO] ThirdPartyUpdaterWithRetryManager:70 - Updater plugin not ready yet. [1/15]
2024-05-14 11:04:26,303 [INFO] PluginManage:359 - Loaded plugin tools (category:base,tabindex:7)
2024-05-14 11:04:26,303 [INFO] PluginManage:310 - Check plugin tutovideos
2024-05-14 11:04:26,484 [INFO] PluginManage:359 - Loaded plugin tutovideos (category:base,tabindex:-1)
2024-05-14 11:04:26,484 [INFO] PluginManage:310 - Check plugin updater
2024-05-14 11:04:26,508 [INFO] PluginManage:359 - Loaded plugin updater (category:base,tabindex:12)
2024-05-14 11:04:26,508 [INFO] PluginManage:310 - Check plugin userauth
2024-05-14 11:04:26,514 [INFO] UserAuth:114 - Init User Auth plugin
2024-05-14 11:04:26,514 [INFO] PluginManage:359 - Loaded plugin userauth (category:base,tabindex:14)
2024-05-14 11:04:26,514 [INFO] PluginManage:283 - PluginManage : Loaded plugins [17]
2024-05-14 11:04:26,719 [INFO] PinOutPanel:1561 - setPackage(No Configuration,No Configuration)
2024-05-14 11:04:26,787 [INFO] CADModel:165 - CPN selected for project level
2024-05-14 11:04:26,787 [INFO] CADModel:114 - Register for checkConnection events
2024-05-14 11:04:26,814 [INFO] IPUIPlugin:80 - create IPUIPlugin
2024-05-14 11:04:26,814 [INFO] PluginManager:220 - loadIPPluginJar : add adc
2024-05-14 11:04:26,842 [INFO] IPUIPlugin:80 - create IPUIPlugin
2024-05-14 11:04:26,842 [INFO] PluginManager:220 - loadIPPluginJar : add aes
2024-05-14 11:04:26,872 [INFO] IPUIPlugin:80 - create IPUIPlugin
2024-05-14 11:04:26,872 [INFO] PluginManager:220 - loadIPPluginJar : add can
2024-05-14 11:04:26,890 [INFO] IPUIPlugin:80 - create IPUIPlugin
2024-05-14 11:04:26,890 [INFO] PluginManager:220 - loadIPPluginJar : add comp
2024-05-14 11:04:26,917 [INFO] IPUIPlugin:80 - create IPUIPlugin
2024-05-14 11:04:26,917 [INFO] PluginManager:220 - loadIPPluginJar : add cryp
2024-05-14 11:04:26,945 [INFO] IPUIPlugin:80 - create IPUIPlugin
2024-05-14 11:04:26,945 [INFO] PluginManager:220 - loadIPPluginJar : add dfsdm
2024-05-14 11:04:26,958 [INFO] IPUIPlugin:80 - create IPUIPlugin
2024-05-14 11:04:26,958 [INFO] PluginManager:220 - loadIPPluginJar : add dma
2024-05-14 11:04:26,991 [INFO] IPUIPlugin:80 - create IPUIPlugin
2024-05-14 11:04:26,991 [INFO] PluginManager:220 - loadIPPluginJar : add dma3
2024-05-14 11:04:27,025 [INFO] IPUIPlugin:80 - create IPUIPlugin
2024-05-14 11:04:27,025 [INFO] PluginManager:220 - loadIPPluginJar : add extmemmanager
2024-05-14 11:04:27,040 [INFO] IPUIPlugin:80 - create IPUIPlugin
2024-05-14 11:04:27,041 [INFO] PluginManager:220 - loadIPPluginJar : add fatfs
2024-05-14 11:04:27,077 [INFO] IPUIPlugin:80 - create IPUIPlugin
2024-05-14 11:04:27,077 [INFO] PluginManager:220 - loadIPPluginJar : add fmc
2024-05-14 11:04:27,091 [INFO] IPUIPlugin:80 - create IPUIPlugin
2024-05-14 11:04:27,091 [INFO] PluginManager:220 - loadIPPluginJar : add freertos
2024-05-14 11:04:27,107 [INFO] IPUIPlugin:80 - create IPUIPlugin
2024-05-14 11:04:27,108 [INFO] PluginManager:220 - loadIPPluginJar : add genericplugin
2024-05-14 11:04:27,175 [INFO] IPUIPlugin:80 - create IPUIPlugin
2024-05-14 11:04:27,175 [INFO] PluginManager:220 - loadIPPluginJar : add gfxmmu
2024-05-14 11:04:27,269 [INFO] IPUIPlugin:80 - create IPUIPlugin
2024-05-14 11:04:27,270 [INFO] PluginManager:220 - loadIPPluginJar : add gic
2024-05-14 11:04:27,283 [INFO] IPUIPlugin:80 - create IPUIPlugin
2024-05-14 11:04:27,283 [INFO] PluginManager:220 - loadIPPluginJar : add gpio
2024-05-14 11:04:27,348 [INFO] IPUIPlugin:80 - create IPUIPlugin
2024-05-14 11:04:27,348 [INFO] PluginManager:220 - loadIPPluginJar : add gtzc
2024-05-14 11:04:27,372 [INFO] IPUIPlugin:80 - create IPUIPlugin
2024-05-14 11:04:27,373 [INFO] PluginManager:220 - loadIPPluginJar : add hash
2024-05-14 11:04:27,411 [INFO] IPUIPlugin:80 - create IPUIPlugin
2024-05-14 11:04:27,411 [INFO] PluginManager:220 - loadIPPluginJar : add i2c
2024-05-14 11:04:27,439 [INFO] IPUIPlugin:80 - create IPUIPlugin
2024-05-14 11:04:27,439 [INFO] PluginManager:220 - loadIPPluginJar : add i2s
2024-05-14 11:04:27,470 [INFO] IPUIPlugin:80 - create IPUIPlugin
2024-05-14 11:04:27,470 [INFO] PluginManager:220 - loadIPPluginJar : add i3c
2024-05-14 11:04:27,556 [INFO] IPUIPlugin:80 - create IPUIPlugin
2024-05-14 11:04:27,556 [INFO] PluginManager:220 - loadIPPluginJar : add ipddr
2024-05-14 11:04:27,628 [INFO] IPUIPlugin:80 - create IPUIPlugin
2024-05-14 11:04:27,628 [INFO] PluginManager:220 - loadIPPluginJar : add linkedlist
2024-05-14 11:04:27,655 [INFO] IPUIPlugin:80 - create IPUIPlugin
2024-05-14 11:04:27,655 [INFO] PluginManager:220 - loadIPPluginJar : add lorawan
2024-05-14 11:04:27,680 [INFO] IPUIPlugin:80 - create IPUIPlugin
2024-05-14 11:04:27,680 [INFO] PluginManager:220 - loadIPPluginJar : add ltdc
2024-05-14 11:04:27,692 [INFO] IPUIPlugin:80 - create IPUIPlugin
2024-05-14 11:04:27,692 [INFO] PluginManager:220 - loadIPPluginJar : add mdma
2024-05-14 11:04:27,702 [INFO] IPUIPlugin:80 - create IPUIPlugin
2024-05-14 11:04:27,702 [INFO] PluginManager:220 - loadIPPluginJar : add nvic
2024-05-14 11:04:27,729 [INFO] IPUIPlugin:80 - create IPUIPlugin
2024-05-14 11:04:27,729 [INFO] PluginManager:220 - loadIPPluginJar : add opamp
2024-05-14 11:04:27,772 [INFO] IPUIPlugin:80 - create IPUIPlugin
2024-05-14 11:04:27,772 [INFO] PluginManager:220 - loadIPPluginJar : add openamp
2024-05-14 11:04:27,804 [INFO] IPUIPlugin:80 - create IPUIPlugin
2024-05-14 11:04:27,805 [INFO] PluginManager:220 - loadIPPluginJar : add pdm2pcm
2024-05-14 11:04:27,815 [INFO] IPUIPlugin:80 - create IPUIPlugin
2024-05-14 11:04:27,817 [INFO] PluginManager:220 - loadIPPluginJar : add plateformsettings
2024-05-14 11:04:27,834 [INFO] IPUIPlugin:80 - create IPUIPlugin
2024-05-14 11:04:27,834 [INFO] PluginManager:220 - loadIPPluginJar : add quadspi
2024-05-14 11:04:27,844 [INFO] IPUIPlugin:80 - create IPUIPlugin
2024-05-14 11:04:27,844 [INFO] PluginManager:220 - loadIPPluginJar : add resmgrutility
2024-05-14 11:04:27,879 [INFO] IPUIPlugin:80 - create IPUIPlugin
2024-05-14 11:04:27,879 [INFO] PluginManager:220 - loadIPPluginJar : add sai
2024-05-14 11:04:27,906 [INFO] IPUIPlugin:80 - create IPUIPlugin
2024-05-14 11:04:27,907 [INFO] PluginManager:220 - loadIPPluginJar : add spi
2024-05-14 11:04:27,958 [INFO] IPUIPlugin:80 - create IPUIPlugin
2024-05-14 11:04:27,958 [INFO] PluginManager:220 - loadIPPluginJar : add stm32_wpan
2024-05-14 11:04:27,975 [INFO] IPUIPlugin:80 - create IPUIPlugin
2024-05-14 11:04:27,975 [INFO] PluginManager:220 - loadIPPluginJar : add tim
2024-05-14 11:04:28,021 [INFO] IPUIPlugin:80 - create IPUIPlugin
2024-05-14 11:04:28,021 [INFO] PluginManager:220 - loadIPPluginJar : add touchsensing
2024-05-14 11:04:28,039 [INFO] IPUIPlugin:80 - create IPUIPlugin
2024-05-14 11:04:28,039 [INFO] PluginManager:220 - loadIPPluginJar : add tracer_emb
2024-05-14 11:04:28,056 [INFO] IPUIPlugin:80 - create IPUIPlugin
2024-05-14 11:04:28,056 [INFO] PluginManager:220 - loadIPPluginJar : add ts
2024-05-14 11:04:28,073 [INFO] IPUIPlugin:80 - create IPUIPlugin
2024-05-14 11:04:28,073 [INFO] PluginManager:220 - loadIPPluginJar : add tsc
2024-05-14 11:04:28,090 [INFO] IPUIPlugin:80 - create IPUIPlugin
2024-05-14 11:04:28,090 [INFO] PluginManager:220 - loadIPPluginJar : add ucpd
2024-05-14 11:04:28,121 [INFO] IPUIPlugin:80 - create IPUIPlugin
2024-05-14 11:04:28,122 [INFO] PluginManager:220 - loadIPPluginJar : add usart
2024-05-14 11:04:28,154 [INFO] IPUIPlugin:80 - create IPUIPlugin
2024-05-14 11:04:28,154 [INFO] PluginManager:220 - loadIPPluginJar : add usbx
2024-05-14 11:04:28,272 [INFO] CADModel:165 - CPN selected for project level
2024-05-14 11:04:28,272 [INFO] CADModel:114 - Register for checkConnection events
2024-05-14 11:04:28,273 [FATAL] Updater:308 - Updater called before beeing initialized
2024-05-14 11:04:28,273 [ERROR] CADModel:125 - Updater not yet initialized, retry later 
2024-05-14 11:04:28,385 [INFO] CADModel:165 - CPN selected for project level
2024-05-14 11:04:28,385 [INFO] CADModel:114 - Register for checkConnection events
2024-05-14 11:04:28,385 [FATAL] Updater:308 - Updater called before beeing initialized
2024-05-14 11:04:28,385 [ERROR] CADModel:125 - Updater not yet initialized, retry later 
2024-05-14 11:04:28,389 [FATAL] Updater:308 - Updater called before beeing initialized
2024-05-14 11:04:28,476 [FATAL] Updater:308 - Updater called before beeing initialized
2024-05-14 11:04:28,486 [INFO] DbMcusAds:53 - JSON generation date=Wed Nov 29 11:52:27 CET 2023 (1701255147349)
2024-05-14 11:04:28,486 [FATAL] Updater:308 - Updater called before beeing initialized
2024-05-14 11:04:28,522 [WARN] DetailPanel:346 - Failed to get advertising image, set to default
2024-05-14 11:04:28,618 [FATAL] Updater:308 - Updater called before beeing initialized
2024-05-14 11:04:28,620 [FATAL] Updater:308 - Updater called before beeing initialized
2024-05-14 11:04:28,621 [FATAL] Updater:308 - Updater called before beeing initialized
2024-05-14 11:04:28,621 [WARN] DetailPanel:346 - Failed to get advertising image, set to default
2024-05-14 11:04:28,621 [FATAL] Updater:308 - Updater called before beeing initialized
2024-05-14 11:04:28,684 [ERROR] Updater:1120 - MainUpdater not yet initialized. External WinMGr cannot be set.
2024-05-14 11:04:28,693 [INFO] Updater:1056 - Updater Version found : 6.11.1
2024-05-14 11:04:28,712 [INFO] ApplicationProperties:184 - Using Application install path: C:\ST\STM32CubeIDE_1.14.1\STM32CubeIDE\plugins\com.st.stm32cube.common.mx_6.11.1.202404110753
2024-05-14 11:04:29,278 [INFO] ThirdPartyUpdaterWithRetryManager:70 - Updater plugin not ready yet. [2/15]
2024-05-14 11:04:30,289 [ERROR] LogOutputStream:75 - [STDERR_REDIRECT] May 14, 2024 11:04:30 AM java.util.prefs.WindowsPreferences <init>
2024-05-14 11:04:30,291 [ERROR] LogOutputStream:75 - [STDERR_REDIRECT] WARNING: Could not open/create prefs root node Software\JavaSoft\Prefs at root 0xffffffff80000002. Windows RegCreateKeyEx(...) returned error code 5.
2024-05-14 11:04:30,291 [ERROR] LogOutputStream:75 - [STDERR_REDIRECT] 
2024-05-14 11:04:30,628 [INFO] MainUpdater:2873 - connection check result : 10
2024-05-14 11:04:30,629 [INFO] MainUpdater:290 - Updater Check For Update Now.
2024-05-14 11:04:30,629 [INFO] MicroXplorer:498 - Change Database Version : DB.6.0.111
2024-05-14 11:04:30,644 [INFO] McuFinderGlobals:63 - Set McuFinder mode to 2 (CubeIDE integrated)
2024-05-14 11:04:30,660 [INFO] UserAuth:415 - Internet connection configuration mode: 1
2024-05-14 11:04:30,687 [INFO] JxBrowserEngine:152 - Initiate JxBrowser Engine with user profile folder
2024-05-14 11:04:30,819 [INFO] CheckServerUpdateThread:120 - End of CheckServer Thread
2024-05-14 11:04:32,435 [WARN] PackLoader:240 - Cannot read IP mode file for STMicroelectronics.FP-SNS-MOTENVWB1.1.4.0
2024-05-14 11:04:32,454 [WARN] PackLoader:240 - Cannot read IP mode file for STMicroelectronics.X-CUBE-SMBUS.2.1.0
2024-05-14 11:04:32,465 [WARN] PackLoader:240 - Cannot read IP mode file for STMicroelectronics.X-CUBE-TOUCHGFX.4.23.1
2024-05-14 11:04:32,474 [WARN] PackLoader:240 - Cannot read IP mode file for STMicroelectronics.X-CUBE-TOUCHGFX.4.23.0
2024-05-14 11:04:32,484 [WARN] PackLoader:240 - Cannot read IP mode file for STMicroelectronics.X-CUBE-TOUCHGFX.4.23.2
2024-05-14 11:04:32,521 [WARN] PackLoader:240 - Cannot read IP mode file for STMicroelectronics.X-CUBE-AZRTOS-F7.1.1.0
2024-05-14 11:04:32,535 [WARN] PackLoader:240 - Cannot read IP mode file for STMicroelectronics.FP-SNS-MOTENV1.4.3.2
2024-05-14 11:04:32,548 [WARN] PackLoader:240 - Cannot read IP mode file for STMicroelectronics.FP-SNS-FLIGHT1.5.0.2
2024-05-14 11:04:32,563 [WARN] PackLoader:240 - Cannot read IP mode file for STMicroelectronics.X-CUBE-DISPLAY.3.0.0
2024-05-14 11:04:32,581 [WARN] PackLoader:240 - Cannot read IP mode file for STMicroelectronics.X-CUBE-BLE1.7.0.0
2024-05-14 11:04:32,596 [WARN] PackLoader:240 - Cannot read IP mode file for emotas.I-CUBE-CANOPEN.1.3.0
2024-05-14 11:04:32,616 [WARN] PackLoader:240 - Cannot read IP mode file for STMicroelectronics.X-CUBE-BLEMGR.3.1.0
2024-05-14 11:04:32,634 [WARN] PackLoader:240 - Cannot read IP mode file for STMicroelectronics.FP-SNS-SMARTAG2.1.2.0
2024-05-14 11:04:32,652 [INFO] LogOutputStream:77 - [STDOUT_REDIRECT] 1 : Invalid condition id : UX_CORESTACK_Condition cause : null
2024-05-14 11:04:32,653 [INFO] LogOutputStream:77 - [STDOUT_REDIRECT] 1 : Invalid condition id : UX_CORESTACK_Condition cause : null
2024-05-14 11:04:32,653 [INFO] LogOutputStream:77 - [STDOUT_REDIRECT] 1 : Invalid condition id : UX_CORESTACK_Condition cause : null
2024-05-14 11:04:32,654 [INFO] LogOutputStream:77 - [STDOUT_REDIRECT] 1 : Invalid condition id : UX_CORESTACK_Condition cause : null
2024-05-14 11:04:32,655 [INFO] LogOutputStream:77 - [STDOUT_REDIRECT] 1 : Invalid condition id : UX_CORESTACK_Condition cause : null
2024-05-14 11:04:32,657 [WARN] PackLoader:240 - Cannot read IP mode file for STMicroelectronics.X-CUBE-AZRTOS-WL.2.0.0
2024-05-14 11:04:32,671 [WARN] PackLoader:240 - Cannot read IP mode file for STMicroelectronics.FP-SNS-MOTENV1.5.0.0
2024-05-14 11:04:32,684 [WARN] PackLoader:240 - Cannot read IP mode file for WES.I-CUBE-Cesium.1.3.0
2024-05-14 11:04:32,698 [WARN] PackLoader:240 - Cannot read IP mode file for STMicroelectronics.X-CUBE-BLE2.3.3.0
2024-05-14 11:04:32,712 [WARN] PackLoader:240 - Cannot read IP mode file for STMicroelectronics.X-CUBE-TCPP.4.1.0
2024-05-14 11:04:32,732 [WARN] PackLoader:240 - Cannot read IP mode file for STMicroelectronics.X-CUBE-ALGOBUILD.1.3.0
2024-05-14 11:04:32,764 [WARN] PackLoader:240 - Cannot read IP mode file for STMicroelectronics.X-CUBE-AZRTOS-G0.1.1.0
2024-05-14 11:04:32,779 [WARN] PackLoader:240 - Cannot read IP mode file for STMicroelectronics.X-CUBE-SAFEA1.1.2.2
2024-05-14 11:04:32,792 [WARN] PackLoader:240 - Cannot read IP mode file for STMicroelectronics.X-CUBE-NFC4.3.0.0
2024-05-14 11:04:32,806 [WARN] PackLoader:240 - Cannot read IP mode file for STMicroelectronics.FP-ATR-SIGFOX1.3.2.0
2024-05-14 11:04:32,820 [WARN] PackLoader:240 - Cannot read IP mode file for STMicroelectronics.X-CUBE-EEPRMA1.5.1.0
2024-05-14 11:04:32,856 [WARN] PackLoader:240 - Cannot read IP mode file for SEGGER.I-CUBE-embOS.1.3.1
2024-05-14 11:04:32,901 [WARN] PackLoader:240 - Cannot read IP mode file for STMicroelectronics.X-CUBE-ALGOBUILD.1.4.0
2024-05-14 11:04:32,915 [WARN] PackLoader:240 - Cannot read IP mode file for STMicroelectronics.X-CUBE-GNSS1.6.0.0
2024-05-14 11:04:32,945 [WARN] PackLoader:240 - Cannot read IP mode file for STMicroelectronics.X-CUBE-AZRTOS-F4.1.1.0
2024-05-14 11:04:32,963 [WARN] PackLoader:240 - Cannot read IP mode file for STMicroelectronics.X-CUBE-FREERTOS.1.2.0
2024-05-14 11:04:32,977 [WARN] PackLoader:240 - Cannot read IP mode file for wolfSSL.I-CUBE-wolfSSL.5.6.6
2024-05-14 11:04:33,014 [WARN] PackLoader:240 - Cannot read IP mode file for STMicroelectronics.X-CUBE-AZRTOS-L5.2.0.0
2024-05-14 11:04:33,048 [WARN] PackLoader:240 - Cannot read IP mode file for STMicroelectronics.X-CUBE-NFC6.3.1.0
2024-05-14 11:04:33,067 [WARN] PackLoader:240 - Cannot read IP mode file for ITTIA_DB.I-CUBE-ITTIADB.8.8.0
2024-05-14 11:04:33,083 [WARN] PackLoader:240 - Cannot read IP mode file for STMicroelectronics.X-CUBE-AI.9.0.0
2024-05-14 11:04:33,101 [WARN] PackLoader:240 - Cannot read IP mode file for STMicroelectronics.X-CUBE-NFC7.1.0.1
2024-05-14 11:04:33,117 [WARN] PackLoader:240 - Cannot read IP mode file for STMicroelectronics.X-CUBE-NFC6.3.0.0
2024-05-14 11:04:33,148 [WARN] PackLoader:240 - Cannot read IP mode file for STMicroelectronics.X-CUBE-AI.8.1.0
2024-05-14 11:04:33,183 [WARN] ConditionMgr:438 - getConditionDescription Invalid condition id : LAN8742 Phy interface Condition cause : null
2024-05-14 11:04:33,183 [WARN] PackLoader:240 - Cannot read IP mode file for STMicroelectronics.X-CUBE-AZRTOS-L4.2.0.0
2024-05-14 11:04:33,184 [WARN] ConditionMgr:1039 - genDependencies : Invalid condition id : LAN8742 Phy interface Condition cause : null
2024-05-14 11:04:33,185 [WARN] ConditionMgr:1039 - genDependencies : Invalid condition id : LAN8742 Phy interface Condition cause : null
2024-05-14 11:04:33,185 [WARN] ConditionMgr:1039 - genDependencies : Invalid condition id : LAN8742 Phy interface Condition cause : null
2024-05-14 11:04:33,199 [WARN] PackLoader:240 - Cannot read IP mode file for STMicroelectronics.X-CUBE-SFXS2LP1.4.0.0
2024-05-14 11:04:33,218 [WARN] ConditionMgr:438 - getConditionDescription Invalid condition id : UX DEVICE CLASS RTOS Condition cause : null
2024-05-14 11:04:33,219 [WARN] ConditionMgr:438 - getConditionDescription Invalid condition id : UX DEVICE CLASS RTOS Condition cause : null
2024-05-14 11:04:33,220 [WARN] PackLoader:240 - Cannot read IP mode file for STMicroelectronics.X-CUBE-AZRTOS-WB.2.0.0
2024-05-14 11:04:33,220 [WARN] ConditionMgr:1039 - genDependencies : Invalid condition id : UX DEVICE CLASS RTOS Condition cause : null
2024-05-14 11:04:33,220 [WARN] ConditionMgr:1039 - genDependencies : Invalid condition id : UX DEVICE CLASS RTOS Condition cause : null
2024-05-14 11:04:33,221 [WARN] ConditionMgr:1039 - genDependencies : Invalid condition id : UX DEVICE CLASS RTOS Condition cause : null
2024-05-14 11:04:33,221 [WARN] ConditionMgr:1039 - genDependencies : Invalid condition id : UX DEVICE CLASS RTOS Condition cause : null
2024-05-14 11:04:33,221 [WARN] ConditionMgr:1039 - genDependencies : Invalid condition id : UX DEVICE CLASS RTOS Condition cause : null
2024-05-14 11:04:33,239 [WARN] PackLoader:240 - Cannot read IP mode file for STMicroelectronics.X-CUBE-SUBG2.5.0.0
2024-05-14 11:04:33,271 [WARN] PackLoader:240 - Cannot read IP mode file for STMicroelectronics.X-CUBE-AZRTOS-G4.2.0.0
2024-05-14 11:04:33,290 [WARN] PackLoader:240 - Cannot read IP mode file for Infineon.AIROC-Wi-Fi-Bluetooth-STM32.1.5.1
2024-05-14 11:04:33,306 [WARN] PackLoader:240 - Cannot read IP mode file for STMicroelectronics.FP-SNS-MOTENVWB1.1.3.1
2024-05-14 11:04:33,320 [WARN] PackLoader:240 - Cannot read IP mode file for STMicroelectronics.X-CUBE-ISPU.2.0.0
2024-05-14 11:04:33,362 [WARN] PackLoader:240 - Cannot read IP mode file for STMicroelectronics.X-CUBE-MEMS1.10.0.0
2024-05-14 11:04:33,488 [WARN] PackLoader:240 - Cannot read IP mode file for STMicroelectronics.X-CUBE-FREERTOS.1.1.0
2024-05-14 11:04:33,502 [WARN] PackLoader:240 - Cannot read IP mode file for portGmbH.I-Cube-SoM-uGOAL.1.1.0
2024-05-14 11:04:33,517 [WARN] PackLoader:240 - Cannot read IP mode file for STMicroelectronics.X-CUBE-ALS.1.0.1
2024-05-14 11:04:33,540 [WARN] PackLoader:240 - Cannot read IP mode file for STMicroelectronics.X-CUBE-AZRTOS-H7RS.1.0.0
2024-05-14 11:04:33,553 [WARN] PackLoader:240 - Cannot read IP mode file for STMicroelectronics.FP-ATR-ASTRA1.2.0.0
2024-05-14 11:04:33,574 [WARN] PackLoader:240 - Cannot read IP mode file for STMicroelectronics.X-CUBE-TOF1.3.4.1
2024-05-14 11:04:33,620 [WARN] PackLoader:240 - Cannot read IP mode file for STMicroelectronics.X-CUBE-AZRTOS-H7.3.2.0
2024-05-14 11:04:33,904 [INFO] ThirdParty:978 - Integrity check success = true
2024-05-14 11:04:33,905 [INFO] IntegrityCheckThread:100 - exiting critical section [integrity check]
2024-05-14 11:04:33,905 [INFO] IntegrityCheckThread:103 - End integrity checks thread
2024-05-14 11:04:34,890 [INFO] WebApp:161 - Instantiating new browser for Auth
2024-05-14 11:04:35,610 [INFO] WebApp:779 - Register for checkConnection events
2024-05-14 11:04:35,610 [INFO] WebApp:414 - Apply proxy settings
2024-05-14 11:04:35,611 [INFO] WebApp:499 - Chromium requires no authentication
2024-05-14 11:04:35,618 [INFO] WebApp:442 - Direct internet connection detected
2024-05-14 11:04:35,762 [INFO] WebApp:192 - Starting web application
2024-05-14 11:04:35,762 [INFO] WebApp:544 - Web application path used C:\ST\STM32CubeIDE_1.14.1\STM32CubeIDE\plugins\com.st.stm32cube.common.mx_6.11.1.202404110753\db\plugins\mcufinder\reactClient1\index.html
2024-05-14 17:46:17,524 [ERROR] LogOutputStream:75 - [STDERR_REDIRECT] 
