2024-05-10 09:53:20,573 [INFO] Activator:176 - 


2024-05-10 09:53:20,583 [INFO] Activator:177 - !SESSION log4j initialized
2024-05-10 09:53:24,845 [INFO] LogOutputStream:77 - [STDOUT_REDIRECT] 
2024-05-10 09:53:27,373 [INFO] ApplicationProperties:184 - Using Application install path: C:\ST\STM32CubeIDE_1.14.1\STM32CubeIDE\plugins\com.st.stm32cube.common.mx_6.11.1.202404110753
2024-05-10 09:53:27,391 [INFO] DbMcusXml:78 - Set database path to: C:\ST\STM32CubeIDE_1.14.1\STM32CubeIDE\plugins\com.st.stm32cube.common.mx_6.11.1.202404110753\\db\/mcu/
2024-05-10 09:53:27,391 [INFO] ApiDb:274 - Set plugin database path to: C:\ST\STM32CubeIDE_1.14.1\STM32CubeIDE\plugins\com.st.stm32cube.common.mx_6.11.1.202404110753\\db\/plugins/boardmanager/
2024-05-10 09:53:27,391 [WARN] ApiDb:259 - Overriding images path with different value:  => C:\ST\STM32CubeIDE_1.14.1\STM32CubeIDE\plugins\com.st.stm32cube.common.mx_6.11.1.202404110753\\db\/plugins/mcufinder/images/
2024-05-10 09:53:27,409 [INFO] ApiDb:250 - Set database path to: C:\Users\andre\.stmcufinder\plugins\mcufinder//mcu/
2024-05-10 09:53:27,410 [INFO] DbMcusAds:125 - Set database path to: C:\Users\andre\.stmcufinder\plugins\mcufinder//mcu/
2024-05-10 09:53:27,411 [INFO] CrossReferenceDbSqlite:203 - Set database path to: C:\Users\andre\.stmcufinder\plugins\mcufinder//mcu/cs/
2024-05-10 09:53:27,503 [INFO] RulesReader:64 - Compatibility file has been processed (297 Rules)
2024-05-10 09:53:27,573 [INFO] DbMcusXml:78 - Set database path to: C:\ST\STM32CubeIDE_1.14.1\STM32CubeIDE\plugins\com.st.stm32cube.common.mx_6.11.1.202404110753\\db\/mcu/
2024-05-10 09:53:27,573 [INFO] ApiDb:274 - Set plugin database path to: C:\ST\STM32CubeIDE_1.14.1\STM32CubeIDE\plugins\com.st.stm32cube.common.mx_6.11.1.202404110753\\db\/plugins/boardmanager/
2024-05-10 09:53:27,574 [INFO] ApiDb:261 - Set plugin images path to: C:\ST\STM32CubeIDE_1.14.1\STM32CubeIDE\plugins\com.st.stm32cube.common.mx_6.11.1.202404110753\\db\/plugins/mcufinder/images/
2024-05-10 09:53:27,574 [WARN] DbFile:41 - Overriding database path with different value: C:\Users\andre\.stmcufinder\plugins\mcufinder/ => C:\Users\andre\.stmcufinder\plugins\mcufinder
2024-05-10 09:53:27,574 [INFO] ApiDb:250 - Set database path to: C:\Users\andre\.stmcufinder\plugins\mcufinder//mcu/
2024-05-10 09:53:27,574 [WARN] DbFile:41 - Overriding database path with different value: C:\Users\andre\.stmcufinder\plugins\mcufinder/ => C:\Users\andre\.stmcufinder\plugins\mcufinder
2024-05-10 09:53:27,574 [INFO] DbMcusAds:125 - Set database path to: C:\Users\andre\.stmcufinder\plugins\mcufinder//mcu/
2024-05-10 09:53:27,574 [WARN] DbFile:41 - Overriding database path with different value: C:\Users\andre\.stmcufinder\plugins\mcufinder/ => C:\Users\andre\.stmcufinder\plugins\mcufinder
2024-05-10 09:53:27,574 [WARN] DbFile:41 - Overriding database path with different value: C:\Users\andre\.stmcufinder\plugins\mcufinder/ => C:\Users\andre\.stmcufinder\plugins\mcufinder
2024-05-10 09:53:27,574 [INFO] CrossReferenceDbSqlite:203 - Set database path to: C:\Users\andre\.stmcufinder\plugins\mcufinder//mcu/cs/
2024-05-10 09:53:27,643 [INFO] MainPanel:264 - HeapMemory: 268435456
2024-05-10 09:53:27,715 [INFO] DbMcusXml:78 - Set database path to: C:\ST\STM32CubeIDE_1.14.1\STM32CubeIDE\plugins\com.st.stm32cube.common.mx_6.11.1.202404110753\\db\/mcu/
2024-05-10 09:53:27,716 [INFO] ApiDb:274 - Set plugin database path to: C:\ST\STM32CubeIDE_1.14.1\STM32CubeIDE\plugins\com.st.stm32cube.common.mx_6.11.1.202404110753\\db\/plugins/boardmanager/
2024-05-10 09:53:27,716 [INFO] ApiDb:261 - Set plugin images path to: C:\ST\STM32CubeIDE_1.14.1\STM32CubeIDE\plugins\com.st.stm32cube.common.mx_6.11.1.202404110753\\db\/plugins/mcufinder/images/
2024-05-10 09:53:27,716 [WARN] DbFile:41 - Overriding database path with different value: C:\Users\andre\.stmcufinder\plugins\mcufinder/ => C:\Users\andre\.stmcufinder\plugins\mcufinder
2024-05-10 09:53:27,716 [INFO] ApiDb:250 - Set database path to: C:\Users\andre\.stmcufinder\plugins\mcufinder//mcu/
2024-05-10 09:53:27,716 [WARN] DbFile:41 - Overriding database path with different value: C:\Users\andre\.stmcufinder\plugins\mcufinder/ => C:\Users\andre\.stmcufinder\plugins\mcufinder
2024-05-10 09:53:27,716 [INFO] DbMcusAds:125 - Set database path to: C:\Users\andre\.stmcufinder\plugins\mcufinder//mcu/
2024-05-10 09:53:27,716 [WARN] DbFile:41 - Overriding database path with different value: C:\Users\andre\.stmcufinder\plugins\mcufinder/ => C:\Users\andre\.stmcufinder\plugins\mcufinder
2024-05-10 09:53:27,716 [WARN] DbFile:41 - Overriding database path with different value: C:\Users\andre\.stmcufinder\plugins\mcufinder/ => C:\Users\andre\.stmcufinder\plugins\mcufinder
2024-05-10 09:53:27,716 [INFO] CrossReferenceDbSqlite:203 - Set database path to: C:\Users\andre\.stmcufinder\plugins\mcufinder//mcu/cs/
2024-05-10 09:53:27,730 [INFO] ApplicationProperties:184 - Using Application install path: C:\ST\STM32CubeIDE_1.14.1\STM32CubeIDE\plugins\com.st.stm32cube.common.mx_6.11.1.202404110753
2024-05-10 09:53:27,732 [INFO] PluginManage:196 - Search for loadable plugins [exclusion list=, ]
2024-05-10 09:53:27,733 [INFO] PluginManage:310 - Check plugin analytics
2024-05-10 09:53:27,876 [INFO] AnalyticsPlugin:253 - Accepted Software Licenses: STM32CubeMX.6.10.0
2024-05-10 09:53:27,876 [INFO] AnalyticsPlugin:255 - Accepted CMSIS Pack Licenses: STMicroelectronics.X-CUBE-AZRTOS-H7.3.2.0
2024-05-10 09:53:27,877 [INFO] AnalyticsPlugin:257 - Accepted Firmware Licenses: FW.H7.1.11.0
2024-05-10 09:53:27,879 [INFO] PluginManage:359 - Loaded plugin analytics (category:tool,tabindex:-1)
2024-05-10 09:53:27,880 [INFO] PluginManage:310 - Check plugin cadmodel
2024-05-10 09:53:27,918 [INFO] CADModel:105 - Init CAD model plugin
2024-05-10 09:53:27,919 [INFO] PluginManage:359 - Loaded plugin cadmodel (category:power,tabindex:5)
2024-05-10 09:53:27,919 [INFO] PluginManage:310 - Check plugin clock
2024-05-10 09:53:27,936 [INFO] PluginManage:359 - Loaded plugin clock (category:base,tabindex:2)
2024-05-10 09:53:27,936 [INFO] PluginManage:310 - Check plugin ddr
2024-05-10 09:53:27,938 [INFO] PluginManage:359 - Loaded plugin ddr (category:tool,tabindex:6)
2024-05-10 09:53:27,939 [INFO] PluginManage:310 - Check plugin filemanager
2024-05-10 09:53:28,052 [INFO] PluginManage:359 - Loaded plugin filemanager (category:base,tabindex:10)
2024-05-10 09:53:28,053 [INFO] PluginManage:310 - Check plugin ipmanager
2024-05-10 09:53:28,059 [INFO] PluginManage:359 - Loaded plugin ipmanager (category:base,tabindex:5)
2024-05-10 09:53:28,059 [INFO] PluginManage:310 - Check plugin lpbam
2024-05-10 09:53:28,073 [INFO] PluginManage:359 - Loaded plugin lpbam (category:base,tabindex:0)
2024-05-10 09:53:28,073 [INFO] PluginManage:310 - Check plugin memorymap
2024-05-10 09:53:28,092 [INFO] PluginManage:359 - Loaded plugin memorymap (category:base,tabindex:4)
2024-05-10 09:53:28,092 [INFO] PluginManage:310 - Check plugin pinoutandconfiguration
2024-05-10 09:53:28,106 [INFO] PluginManage:359 - Loaded plugin pinoutandconfiguration (category:base,tabindex:1)
2024-05-10 09:53:28,106 [INFO] PluginManage:310 - Check plugin pinoutconfig
2024-05-10 09:53:28,181 [WARN] SupportedApi:132 - Cannot load RTOS API schema: s4s-elt-must-match.1: The content of 'definitions' must match (annotation?, (simpleType | complexType)?, (unique | key | keyref)*)). A problem was found starting at: attribute.
2024-05-10 09:53:28,285 [INFO] PluginManage:359 - Loaded plugin pinoutconfig (category:base,tabindex:0)
2024-05-10 09:53:28,285 [INFO] PluginManage:310 - Check plugin power
2024-05-10 09:53:28,301 [INFO] PluginManage:359 - Loaded plugin power (category:power,tabindex:4)
2024-05-10 09:53:28,301 [INFO] PluginManage:310 - Check plugin projectmanager
2024-05-10 09:53:28,313 [INFO] PluginManage:359 - Loaded plugin projectmanager (category:projectmanager,tabindex:3)
2024-05-10 09:53:28,313 [INFO] PluginManage:310 - Check plugin thirdparty
2024-05-10 09:53:28,550 [INFO] PluginManage:359 - Loaded plugin thirdparty (category:base,tabindex:-1)
2024-05-10 09:53:28,550 [WARN] IntegrityCheckThread:84 - waiting for thirdparty lock release [integrity check]
2024-05-10 09:53:28,550 [INFO] PluginManage:310 - Check plugin tools
2024-05-10 09:53:28,550 [INFO] IntegrityCheckThread:86 - entering critical section [integrity check]
2024-05-10 09:53:28,551 [INFO] ThirdPartyUpdaterWithRetryManager:70 - Updater plugin not ready yet. [1/15]
2024-05-10 09:53:28,575 [INFO] PluginManage:359 - Loaded plugin tools (category:base,tabindex:7)
2024-05-10 09:53:28,576 [INFO] PluginManage:310 - Check plugin tutovideos
2024-05-10 09:53:28,719 [INFO] PluginManage:359 - Loaded plugin tutovideos (category:base,tabindex:-1)
2024-05-10 09:53:28,719 [INFO] PluginManage:310 - Check plugin updater
2024-05-10 09:53:28,728 [INFO] PluginManage:359 - Loaded plugin updater (category:base,tabindex:12)
2024-05-10 09:53:28,728 [INFO] PluginManage:310 - Check plugin userauth
2024-05-10 09:53:28,733 [INFO] UserAuth:114 - Init User Auth plugin
2024-05-10 09:53:28,733 [INFO] PluginManage:359 - Loaded plugin userauth (category:base,tabindex:14)
2024-05-10 09:53:28,734 [INFO] PluginManage:283 - PluginManage : Loaded plugins [17]
2024-05-10 09:53:28,919 [INFO] PinOutPanel:1561 - setPackage(No Configuration,No Configuration)
2024-05-10 09:53:28,992 [INFO] CADModel:165 - CPN selected for project level
2024-05-10 09:53:28,993 [INFO] CADModel:114 - Register for checkConnection events
2024-05-10 09:53:29,014 [INFO] IPUIPlugin:80 - create IPUIPlugin
2024-05-10 09:53:29,014 [INFO] PluginManager:220 - loadIPPluginJar : add adc
2024-05-10 09:53:29,040 [INFO] IPUIPlugin:80 - create IPUIPlugin
2024-05-10 09:53:29,040 [INFO] PluginManager:220 - loadIPPluginJar : add aes
2024-05-10 09:53:29,069 [INFO] IPUIPlugin:80 - create IPUIPlugin
2024-05-10 09:53:29,069 [INFO] PluginManager:220 - loadIPPluginJar : add can
2024-05-10 09:53:29,085 [INFO] IPUIPlugin:80 - create IPUIPlugin
2024-05-10 09:53:29,086 [INFO] PluginManager:220 - loadIPPluginJar : add comp
2024-05-10 09:53:29,109 [INFO] IPUIPlugin:80 - create IPUIPlugin
2024-05-10 09:53:29,109 [INFO] PluginManager:220 - loadIPPluginJar : add cryp
2024-05-10 09:53:29,130 [INFO] IPUIPlugin:80 - create IPUIPlugin
2024-05-10 09:53:29,131 [INFO] PluginManager:220 - loadIPPluginJar : add dfsdm
2024-05-10 09:53:29,141 [INFO] IPUIPlugin:80 - create IPUIPlugin
2024-05-10 09:53:29,141 [INFO] PluginManager:220 - loadIPPluginJar : add dma
2024-05-10 09:53:29,171 [INFO] IPUIPlugin:80 - create IPUIPlugin
2024-05-10 09:53:29,171 [INFO] PluginManager:220 - loadIPPluginJar : add dma3
2024-05-10 09:53:29,203 [INFO] IPUIPlugin:80 - create IPUIPlugin
2024-05-10 09:53:29,203 [INFO] PluginManager:220 - loadIPPluginJar : add extmemmanager
2024-05-10 09:53:29,218 [INFO] IPUIPlugin:80 - create IPUIPlugin
2024-05-10 09:53:29,218 [INFO] PluginManager:220 - loadIPPluginJar : add fatfs
2024-05-10 09:53:29,250 [INFO] IPUIPlugin:80 - create IPUIPlugin
2024-05-10 09:53:29,250 [INFO] PluginManager:220 - loadIPPluginJar : add fmc
2024-05-10 09:53:29,261 [INFO] IPUIPlugin:80 - create IPUIPlugin
2024-05-10 09:53:29,262 [INFO] PluginManager:220 - loadIPPluginJar : add freertos
2024-05-10 09:53:29,277 [INFO] IPUIPlugin:80 - create IPUIPlugin
2024-05-10 09:53:29,277 [INFO] PluginManager:220 - loadIPPluginJar : add genericplugin
2024-05-10 09:53:29,345 [INFO] IPUIPlugin:80 - create IPUIPlugin
2024-05-10 09:53:29,345 [INFO] PluginManager:220 - loadIPPluginJar : add gfxmmu
2024-05-10 09:53:29,434 [INFO] IPUIPlugin:80 - create IPUIPlugin
2024-05-10 09:53:29,435 [INFO] PluginManager:220 - loadIPPluginJar : add gic
2024-05-10 09:53:29,446 [INFO] IPUIPlugin:80 - create IPUIPlugin
2024-05-10 09:53:29,446 [INFO] PluginManager:220 - loadIPPluginJar : add gpio
2024-05-10 09:53:29,509 [INFO] IPUIPlugin:80 - create IPUIPlugin
2024-05-10 09:53:29,509 [INFO] PluginManager:220 - loadIPPluginJar : add gtzc
2024-05-10 09:53:29,533 [INFO] IPUIPlugin:80 - create IPUIPlugin
2024-05-10 09:53:29,533 [INFO] PluginManager:220 - loadIPPluginJar : add hash
2024-05-10 09:53:29,570 [INFO] IPUIPlugin:80 - create IPUIPlugin
2024-05-10 09:53:29,570 [INFO] PluginManager:220 - loadIPPluginJar : add i2c
2024-05-10 09:53:29,597 [INFO] IPUIPlugin:80 - create IPUIPlugin
2024-05-10 09:53:29,597 [INFO] PluginManager:220 - loadIPPluginJar : add i2s
2024-05-10 09:53:29,626 [INFO] IPUIPlugin:80 - create IPUIPlugin
2024-05-10 09:53:29,626 [INFO] PluginManager:220 - loadIPPluginJar : add i3c
2024-05-10 09:53:29,699 [INFO] IPUIPlugin:80 - create IPUIPlugin
2024-05-10 09:53:29,699 [INFO] PluginManager:220 - loadIPPluginJar : add ipddr
2024-05-10 09:53:29,762 [INFO] IPUIPlugin:80 - create IPUIPlugin
2024-05-10 09:53:29,762 [INFO] PluginManager:220 - loadIPPluginJar : add linkedlist
2024-05-10 09:53:29,787 [INFO] IPUIPlugin:80 - create IPUIPlugin
2024-05-10 09:53:29,787 [INFO] PluginManager:220 - loadIPPluginJar : add lorawan
2024-05-10 09:53:29,811 [INFO] IPUIPlugin:80 - create IPUIPlugin
2024-05-10 09:53:29,811 [INFO] PluginManager:220 - loadIPPluginJar : add ltdc
2024-05-10 09:53:29,823 [INFO] IPUIPlugin:80 - create IPUIPlugin
2024-05-10 09:53:29,824 [INFO] PluginManager:220 - loadIPPluginJar : add mdma
2024-05-10 09:53:29,832 [INFO] IPUIPlugin:80 - create IPUIPlugin
2024-05-10 09:53:29,832 [INFO] PluginManager:220 - loadIPPluginJar : add nvic
2024-05-10 09:53:29,858 [INFO] IPUIPlugin:80 - create IPUIPlugin
2024-05-10 09:53:29,858 [INFO] PluginManager:220 - loadIPPluginJar : add opamp
2024-05-10 09:53:29,898 [INFO] IPUIPlugin:80 - create IPUIPlugin
2024-05-10 09:53:29,898 [INFO] PluginManager:220 - loadIPPluginJar : add openamp
2024-05-10 09:53:29,928 [INFO] IPUIPlugin:80 - create IPUIPlugin
2024-05-10 09:53:29,928 [INFO] PluginManager:220 - loadIPPluginJar : add pdm2pcm
2024-05-10 09:53:29,939 [INFO] IPUIPlugin:80 - create IPUIPlugin
2024-05-10 09:53:29,941 [INFO] PluginManager:220 - loadIPPluginJar : add plateformsettings
2024-05-10 09:53:29,956 [INFO] IPUIPlugin:80 - create IPUIPlugin
2024-05-10 09:53:29,956 [INFO] PluginManager:220 - loadIPPluginJar : add quadspi
2024-05-10 09:53:29,966 [INFO] IPUIPlugin:80 - create IPUIPlugin
2024-05-10 09:53:29,966 [INFO] PluginManager:220 - loadIPPluginJar : add resmgrutility
2024-05-10 09:53:29,999 [INFO] IPUIPlugin:80 - create IPUIPlugin
2024-05-10 09:53:29,999 [INFO] PluginManager:220 - loadIPPluginJar : add sai
2024-05-10 09:53:30,027 [INFO] IPUIPlugin:80 - create IPUIPlugin
2024-05-10 09:53:30,027 [INFO] PluginManager:220 - loadIPPluginJar : add spi
2024-05-10 09:53:30,075 [INFO] IPUIPlugin:80 - create IPUIPlugin
2024-05-10 09:53:30,075 [INFO] PluginManager:220 - loadIPPluginJar : add stm32_wpan
2024-05-10 09:53:30,090 [INFO] IPUIPlugin:80 - create IPUIPlugin
2024-05-10 09:53:30,091 [INFO] PluginManager:220 - loadIPPluginJar : add tim
2024-05-10 09:53:30,132 [INFO] IPUIPlugin:80 - create IPUIPlugin
2024-05-10 09:53:30,132 [INFO] PluginManager:220 - loadIPPluginJar : add touchsensing
2024-05-10 09:53:30,149 [INFO] IPUIPlugin:80 - create IPUIPlugin
2024-05-10 09:53:30,149 [INFO] PluginManager:220 - loadIPPluginJar : add tracer_emb
2024-05-10 09:53:30,165 [INFO] IPUIPlugin:80 - create IPUIPlugin
2024-05-10 09:53:30,165 [INFO] PluginManager:220 - loadIPPluginJar : add ts
2024-05-10 09:53:30,181 [INFO] IPUIPlugin:80 - create IPUIPlugin
2024-05-10 09:53:30,181 [INFO] PluginManager:220 - loadIPPluginJar : add tsc
2024-05-10 09:53:30,196 [INFO] IPUIPlugin:80 - create IPUIPlugin
2024-05-10 09:53:30,197 [INFO] PluginManager:220 - loadIPPluginJar : add ucpd
2024-05-10 09:53:30,228 [INFO] IPUIPlugin:80 - create IPUIPlugin
2024-05-10 09:53:30,228 [INFO] PluginManager:220 - loadIPPluginJar : add usart
2024-05-10 09:53:30,266 [INFO] IPUIPlugin:80 - create IPUIPlugin
2024-05-10 09:53:30,266 [INFO] PluginManager:220 - loadIPPluginJar : add usbx
2024-05-10 09:53:30,389 [INFO] CADModel:165 - CPN selected for project level
2024-05-10 09:53:30,389 [INFO] CADModel:114 - Register for checkConnection events
2024-05-10 09:53:30,389 [FATAL] Updater:308 - Updater called before beeing initialized
2024-05-10 09:53:30,390 [ERROR] CADModel:125 - Updater not yet initialized, retry later 
2024-05-10 09:53:30,499 [INFO] CADModel:165 - CPN selected for project level
2024-05-10 09:53:30,499 [INFO] CADModel:114 - Register for checkConnection events
2024-05-10 09:53:30,499 [FATAL] Updater:308 - Updater called before beeing initialized
2024-05-10 09:53:30,499 [ERROR] CADModel:125 - Updater not yet initialized, retry later 
2024-05-10 09:53:30,502 [FATAL] Updater:308 - Updater called before beeing initialized
2024-05-10 09:53:30,584 [FATAL] Updater:308 - Updater called before beeing initialized
2024-05-10 09:53:30,591 [INFO] DbMcusAds:53 - JSON generation date=Wed Nov 29 11:52:27 CET 2023 (1701255147349)
2024-05-10 09:53:30,591 [FATAL] Updater:308 - Updater called before beeing initialized
2024-05-10 09:53:30,621 [WARN] DetailPanel:346 - Failed to get advertising image, set to default
2024-05-10 09:53:30,699 [FATAL] Updater:308 - Updater called before beeing initialized
2024-05-10 09:53:30,700 [FATAL] Updater:308 - Updater called before beeing initialized
2024-05-10 09:53:30,701 [FATAL] Updater:308 - Updater called before beeing initialized
2024-05-10 09:53:30,701 [WARN] DetailPanel:346 - Failed to get advertising image, set to default
2024-05-10 09:53:30,701 [FATAL] Updater:308 - Updater called before beeing initialized
2024-05-10 09:53:30,749 [ERROR] Updater:1120 - MainUpdater not yet initialized. External WinMGr cannot be set.
2024-05-10 09:53:30,759 [INFO] Updater:1056 - Updater Version found : 6.11.1
2024-05-10 09:53:30,781 [INFO] ApplicationProperties:184 - Using Application install path: C:\ST\STM32CubeIDE_1.14.1\STM32CubeIDE\plugins\com.st.stm32cube.common.mx_6.11.1.202404110753
2024-05-10 09:53:31,552 [INFO] ThirdPartyUpdaterWithRetryManager:70 - Updater plugin not ready yet. [2/15]
2024-05-10 09:53:32,365 [ERROR] LogOutputStream:75 - [STDERR_REDIRECT] May 10, 2024 9:53:32 AM java.util.prefs.WindowsPreferences <init>
2024-05-10 09:53:32,366 [ERROR] LogOutputStream:75 - [STDERR_REDIRECT] WARNING: Could not open/create prefs root node Software\JavaSoft\Prefs at root 0xffffffff80000002. Windows RegCreateKeyEx(...) returned error code 5.
2024-05-10 09:53:32,366 [ERROR] LogOutputStream:75 - [STDERR_REDIRECT] 
2024-05-10 09:53:32,692 [INFO] MainUpdater:2873 - connection check result : 10
2024-05-10 09:53:32,692 [INFO] MainUpdater:290 - Updater Check For Update Now.
2024-05-10 09:53:32,692 [INFO] MicroXplorer:498 - Change Database Version : DB.6.0.111
2024-05-10 09:53:32,707 [INFO] McuFinderGlobals:63 - Set McuFinder mode to 2 (CubeIDE integrated)
2024-05-10 09:53:32,717 [INFO] UserAuth:415 - Internet connection configuration mode: 1
2024-05-10 09:53:32,747 [INFO] JxBrowserEngine:152 - Initiate JxBrowser Engine with user profile folder
2024-05-10 09:53:32,881 [INFO] CheckServerUpdateThread:120 - End of CheckServer Thread
2024-05-10 09:53:34,693 [WARN] PackLoader:240 - Cannot read IP mode file for STMicroelectronics.FP-SNS-MOTENVWB1.1.4.0
2024-05-10 09:53:34,709 [WARN] PackLoader:240 - Cannot read IP mode file for STMicroelectronics.X-CUBE-SMBUS.2.1.0
2024-05-10 09:53:34,720 [WARN] PackLoader:240 - Cannot read IP mode file for STMicroelectronics.X-CUBE-TOUCHGFX.4.23.1
2024-05-10 09:53:34,728 [WARN] PackLoader:240 - Cannot read IP mode file for STMicroelectronics.X-CUBE-TOUCHGFX.4.23.0
2024-05-10 09:53:34,736 [WARN] PackLoader:240 - Cannot read IP mode file for STMicroelectronics.X-CUBE-TOUCHGFX.4.23.2
2024-05-10 09:53:34,770 [WARN] PackLoader:240 - Cannot read IP mode file for STMicroelectronics.X-CUBE-AZRTOS-F7.1.1.0
2024-05-10 09:53:34,786 [WARN] PackLoader:240 - Cannot read IP mode file for STMicroelectronics.FP-SNS-MOTENV1.4.3.2
2024-05-10 09:53:34,801 [WARN] PackLoader:240 - Cannot read IP mode file for STMicroelectronics.FP-SNS-FLIGHT1.5.0.2
2024-05-10 09:53:34,815 [WARN] PackLoader:240 - Cannot read IP mode file for STMicroelectronics.X-CUBE-DISPLAY.3.0.0
2024-05-10 09:53:34,832 [WARN] PackLoader:240 - Cannot read IP mode file for STMicroelectronics.X-CUBE-BLE1.7.0.0
2024-05-10 09:53:34,845 [WARN] PackLoader:240 - Cannot read IP mode file for emotas.I-CUBE-CANOPEN.1.3.0
2024-05-10 09:53:34,861 [WARN] PackLoader:240 - Cannot read IP mode file for STMicroelectronics.X-CUBE-BLEMGR.3.1.0
2024-05-10 09:53:34,876 [WARN] PackLoader:240 - Cannot read IP mode file for STMicroelectronics.FP-SNS-SMARTAG2.1.2.0
2024-05-10 09:53:34,891 [INFO] LogOutputStream:77 - [STDOUT_REDIRECT] 1 : Invalid condition id : UX_CORESTACK_Condition cause : null
2024-05-10 09:53:34,892 [INFO] LogOutputStream:77 - [STDOUT_REDIRECT] 1 : Invalid condition id : UX_CORESTACK_Condition cause : null
2024-05-10 09:53:34,892 [INFO] LogOutputStream:77 - [STDOUT_REDIRECT] 1 : Invalid condition id : UX_CORESTACK_Condition cause : null
2024-05-10 09:53:34,893 [INFO] LogOutputStream:77 - [STDOUT_REDIRECT] 1 : Invalid condition id : UX_CORESTACK_Condition cause : null
2024-05-10 09:53:34,893 [INFO] LogOutputStream:77 - [STDOUT_REDIRECT] 1 : Invalid condition id : UX_CORESTACK_Condition cause : null
2024-05-10 09:53:34,895 [WARN] PackLoader:240 - Cannot read IP mode file for STMicroelectronics.X-CUBE-AZRTOS-WL.2.0.0
2024-05-10 09:53:34,906 [WARN] PackLoader:240 - Cannot read IP mode file for STMicroelectronics.FP-SNS-MOTENV1.5.0.0
2024-05-10 09:53:34,917 [WARN] PackLoader:240 - Cannot read IP mode file for WES.I-CUBE-Cesium.1.3.0
2024-05-10 09:53:34,926 [WARN] PackLoader:240 - Cannot read IP mode file for STMicroelectronics.X-CUBE-BLE2.3.3.0
2024-05-10 09:53:34,935 [WARN] PackLoader:240 - Cannot read IP mode file for STMicroelectronics.X-CUBE-TCPP.4.1.0
2024-05-10 09:53:34,945 [WARN] PackLoader:240 - Cannot read IP mode file for STMicroelectronics.X-CUBE-ALGOBUILD.1.3.0
2024-05-10 09:53:34,969 [WARN] PackLoader:240 - Cannot read IP mode file for STMicroelectronics.X-CUBE-AZRTOS-G0.1.1.0
2024-05-10 09:53:34,986 [WARN] PackLoader:240 - Cannot read IP mode file for STMicroelectronics.X-CUBE-SAFEA1.1.2.2
2024-05-10 09:53:34,999 [WARN] PackLoader:240 - Cannot read IP mode file for STMicroelectronics.X-CUBE-NFC4.3.0.0
2024-05-10 09:53:35,008 [WARN] PackLoader:240 - Cannot read IP mode file for STMicroelectronics.FP-ATR-SIGFOX1.3.2.0
2024-05-10 09:53:35,023 [WARN] PackLoader:240 - Cannot read IP mode file for STMicroelectronics.X-CUBE-EEPRMA1.5.1.0
2024-05-10 09:53:35,067 [WARN] PackLoader:240 - Cannot read IP mode file for SEGGER.I-CUBE-embOS.1.3.1
2024-05-10 09:53:35,143 [WARN] PackLoader:240 - Cannot read IP mode file for STMicroelectronics.X-CUBE-GNSS1.6.0.0
2024-05-10 09:53:35,175 [WARN] PackLoader:240 - Cannot read IP mode file for STMicroelectronics.X-CUBE-AZRTOS-F4.1.1.0
2024-05-10 09:53:35,189 [WARN] PackLoader:240 - Cannot read IP mode file for STMicroelectronics.X-CUBE-FREERTOS.1.2.0
2024-05-10 09:53:35,202 [WARN] PackLoader:240 - Cannot read IP mode file for wolfSSL.I-CUBE-wolfSSL.5.6.6
2024-05-10 09:53:35,233 [WARN] PackLoader:240 - Cannot read IP mode file for STMicroelectronics.X-CUBE-AZRTOS-L5.2.0.0
2024-05-10 09:53:35,250 [WARN] PackLoader:240 - Cannot read IP mode file for STMicroelectronics.X-CUBE-NFC6.3.1.0
2024-05-10 09:53:35,266 [WARN] PackLoader:240 - Cannot read IP mode file for ITTIA_DB.I-CUBE-ITTIADB.8.8.0
2024-05-10 09:53:35,276 [WARN] PackLoader:240 - Cannot read IP mode file for STMicroelectronics.X-CUBE-AI.9.0.0
2024-05-10 09:53:35,287 [WARN] PackLoader:240 - Cannot read IP mode file for STMicroelectronics.X-CUBE-NFC7.1.0.1
2024-05-10 09:53:35,299 [WARN] PackLoader:240 - Cannot read IP mode file for STMicroelectronics.X-CUBE-NFC6.3.0.0
2024-05-10 09:53:35,313 [WARN] PackLoader:240 - Cannot read IP mode file for STMicroelectronics.X-CUBE-AI.8.1.0
2024-05-10 09:53:35,338 [WARN] ConditionMgr:438 - getConditionDescription Invalid condition id : LAN8742 Phy interface Condition cause : null
2024-05-10 09:53:35,339 [WARN] PackLoader:240 - Cannot read IP mode file for STMicroelectronics.X-CUBE-AZRTOS-L4.2.0.0
2024-05-10 09:53:35,340 [WARN] ConditionMgr:1039 - genDependencies : Invalid condition id : LAN8742 Phy interface Condition cause : null
2024-05-10 09:53:35,340 [WARN] ConditionMgr:1039 - genDependencies : Invalid condition id : LAN8742 Phy interface Condition cause : null
2024-05-10 09:53:35,341 [WARN] ConditionMgr:1039 - genDependencies : Invalid condition id : LAN8742 Phy interface Condition cause : null
2024-05-10 09:53:35,353 [WARN] PackLoader:240 - Cannot read IP mode file for STMicroelectronics.X-CUBE-SFXS2LP1.4.0.0
2024-05-10 09:53:35,370 [WARN] ConditionMgr:438 - getConditionDescription Invalid condition id : UX DEVICE CLASS RTOS Condition cause : null
2024-05-10 09:53:35,370 [WARN] ConditionMgr:438 - getConditionDescription Invalid condition id : UX DEVICE CLASS RTOS Condition cause : null
2024-05-10 09:53:35,371 [WARN] PackLoader:240 - Cannot read IP mode file for STMicroelectronics.X-CUBE-AZRTOS-WB.2.0.0
2024-05-10 09:53:35,372 [WARN] ConditionMgr:1039 - genDependencies : Invalid condition id : UX DEVICE CLASS RTOS Condition cause : null
2024-05-10 09:53:35,372 [WARN] ConditionMgr:1039 - genDependencies : Invalid condition id : UX DEVICE CLASS RTOS Condition cause : null
2024-05-10 09:53:35,372 [WARN] ConditionMgr:1039 - genDependencies : Invalid condition id : UX DEVICE CLASS RTOS Condition cause : null
2024-05-10 09:53:35,373 [WARN] ConditionMgr:1039 - genDependencies : Invalid condition id : UX DEVICE CLASS RTOS Condition cause : null
2024-05-10 09:53:35,373 [WARN] ConditionMgr:1039 - genDependencies : Invalid condition id : UX DEVICE CLASS RTOS Condition cause : null
2024-05-10 09:53:35,392 [WARN] PackLoader:240 - Cannot read IP mode file for STMicroelectronics.X-CUBE-SUBG2.5.0.0
2024-05-10 09:53:35,426 [WARN] PackLoader:240 - Cannot read IP mode file for STMicroelectronics.X-CUBE-AZRTOS-G4.2.0.0
2024-05-10 09:53:35,448 [WARN] PackLoader:240 - Cannot read IP mode file for Infineon.AIROC-Wi-Fi-Bluetooth-STM32.1.5.1
2024-05-10 09:53:35,460 [WARN] PackLoader:240 - Cannot read IP mode file for STMicroelectronics.FP-SNS-MOTENVWB1.1.3.1
2024-05-10 09:53:35,470 [WARN] PackLoader:240 - Cannot read IP mode file for STMicroelectronics.X-CUBE-ISPU.2.0.0
2024-05-10 09:53:35,510 [WARN] PackLoader:240 - Cannot read IP mode file for STMicroelectronics.X-CUBE-MEMS1.10.0.0
2024-05-10 09:53:35,585 [WARN] PackLoader:240 - Cannot read IP mode file for STMicroelectronics.X-CUBE-FREERTOS.1.1.0
2024-05-10 09:53:35,597 [WARN] PackLoader:240 - Cannot read IP mode file for portGmbH.I-Cube-SoM-uGOAL.1.1.0
2024-05-10 09:53:35,642 [WARN] PackLoader:240 - Cannot read IP mode file for STMicroelectronics.X-CUBE-ALS.1.0.1
2024-05-10 09:53:35,670 [WARN] PackLoader:240 - Cannot read IP mode file for STMicroelectronics.X-CUBE-AZRTOS-H7RS.1.0.0
2024-05-10 09:53:35,685 [WARN] PackLoader:240 - Cannot read IP mode file for STMicroelectronics.FP-ATR-ASTRA1.2.0.0
2024-05-10 09:53:35,843 [WARN] PackLoader:240 - Cannot read IP mode file for STMicroelectronics.X-CUBE-TOF1.3.4.1
2024-05-10 09:53:35,884 [WARN] PackLoader:240 - Cannot read IP mode file for STMicroelectronics.X-CUBE-AZRTOS-H7.3.2.0
2024-05-10 09:53:36,186 [INFO] ThirdParty:978 - Integrity check success = true
2024-05-10 09:53:36,186 [INFO] IntegrityCheckThread:100 - exiting critical section [integrity check]
2024-05-10 09:53:36,186 [INFO] IntegrityCheckThread:103 - End integrity checks thread
2024-05-10 09:53:36,402 [INFO] WebApp:161 - Instantiating new browser for Auth
2024-05-10 09:53:37,112 [INFO] WebApp:779 - Register for checkConnection events
2024-05-10 09:53:37,113 [INFO] WebApp:414 - Apply proxy settings
2024-05-10 09:53:37,113 [INFO] WebApp:499 - Chromium requires no authentication
2024-05-10 09:53:37,120 [INFO] WebApp:442 - Direct internet connection detected
2024-05-10 09:53:37,245 [INFO] WebApp:192 - Starting web application
2024-05-10 09:53:37,245 [INFO] WebApp:544 - Web application path used C:\ST\STM32CubeIDE_1.14.1\STM32CubeIDE\plugins\com.st.stm32cube.common.mx_6.11.1.202404110753\db\plugins\mcufinder\reactClient1\index.html
2024-05-10 19:30:19,266 [ERROR] LogOutputStream:75 - [STDERR_REDIRECT] 
2024-05-10 19:30:59,119 [INFO] Activator:176 - 


2024-05-10 19:30:59,129 [INFO] Activator:177 - !SESSION log4j initialized
2024-05-10 19:31:04,335 [INFO] LogOutputStream:77 - [STDOUT_REDIRECT] 
2024-05-10 19:31:06,133 [INFO] ApplicationProperties:184 - Using Application install path: C:\ST\STM32CubeIDE_1.14.1\STM32CubeIDE\plugins\com.st.stm32cube.common.mx_6.11.1.202404110753
2024-05-10 19:31:06,149 [INFO] DbMcusXml:78 - Set database path to: C:\ST\STM32CubeIDE_1.14.1\STM32CubeIDE\plugins\com.st.stm32cube.common.mx_6.11.1.202404110753\\db\/mcu/
2024-05-10 19:31:06,150 [INFO] ApiDb:274 - Set plugin database path to: C:\ST\STM32CubeIDE_1.14.1\STM32CubeIDE\plugins\com.st.stm32cube.common.mx_6.11.1.202404110753\\db\/plugins/boardmanager/
2024-05-10 19:31:06,150 [WARN] ApiDb:259 - Overriding images path with different value:  => C:\ST\STM32CubeIDE_1.14.1\STM32CubeIDE\plugins\com.st.stm32cube.common.mx_6.11.1.202404110753\\db\/plugins/mcufinder/images/
2024-05-10 19:31:06,160 [INFO] ApiDb:250 - Set database path to: C:\Users\andre\.stmcufinder\plugins\mcufinder//mcu/
2024-05-10 19:31:06,161 [INFO] DbMcusAds:125 - Set database path to: C:\Users\andre\.stmcufinder\plugins\mcufinder//mcu/
2024-05-10 19:31:06,163 [INFO] CrossReferenceDbSqlite:203 - Set database path to: C:\Users\andre\.stmcufinder\plugins\mcufinder//mcu/cs/
2024-05-10 19:31:06,260 [INFO] RulesReader:64 - Compatibility file has been processed (297 Rules)
2024-05-10 19:31:06,329 [INFO] DbMcusXml:78 - Set database path to: C:\ST\STM32CubeIDE_1.14.1\STM32CubeIDE\plugins\com.st.stm32cube.common.mx_6.11.1.202404110753\\db\/mcu/
2024-05-10 19:31:06,329 [INFO] ApiDb:274 - Set plugin database path to: C:\ST\STM32CubeIDE_1.14.1\STM32CubeIDE\plugins\com.st.stm32cube.common.mx_6.11.1.202404110753\\db\/plugins/boardmanager/
2024-05-10 19:31:06,329 [INFO] ApiDb:261 - Set plugin images path to: C:\ST\STM32CubeIDE_1.14.1\STM32CubeIDE\plugins\com.st.stm32cube.common.mx_6.11.1.202404110753\\db\/plugins/mcufinder/images/
2024-05-10 19:31:06,329 [WARN] DbFile:41 - Overriding database path with different value: C:\Users\andre\.stmcufinder\plugins\mcufinder/ => C:\Users\andre\.stmcufinder\plugins\mcufinder
2024-05-10 19:31:06,329 [INFO] ApiDb:250 - Set database path to: C:\Users\andre\.stmcufinder\plugins\mcufinder//mcu/
2024-05-10 19:31:06,330 [WARN] DbFile:41 - Overriding database path with different value: C:\Users\andre\.stmcufinder\plugins\mcufinder/ => C:\Users\andre\.stmcufinder\plugins\mcufinder
2024-05-10 19:31:06,330 [INFO] DbMcusAds:125 - Set database path to: C:\Users\andre\.stmcufinder\plugins\mcufinder//mcu/
2024-05-10 19:31:06,330 [WARN] DbFile:41 - Overriding database path with different value: C:\Users\andre\.stmcufinder\plugins\mcufinder/ => C:\Users\andre\.stmcufinder\plugins\mcufinder
2024-05-10 19:31:06,330 [WARN] DbFile:41 - Overriding database path with different value: C:\Users\andre\.stmcufinder\plugins\mcufinder/ => C:\Users\andre\.stmcufinder\plugins\mcufinder
2024-05-10 19:31:06,330 [INFO] CrossReferenceDbSqlite:203 - Set database path to: C:\Users\andre\.stmcufinder\plugins\mcufinder//mcu/cs/
2024-05-10 19:31:06,397 [INFO] MainPanel:264 - HeapMemory: 268435456
2024-05-10 19:31:06,475 [INFO] DbMcusXml:78 - Set database path to: C:\ST\STM32CubeIDE_1.14.1\STM32CubeIDE\plugins\com.st.stm32cube.common.mx_6.11.1.202404110753\\db\/mcu/
2024-05-10 19:31:06,475 [INFO] ApiDb:274 - Set plugin database path to: C:\ST\STM32CubeIDE_1.14.1\STM32CubeIDE\plugins\com.st.stm32cube.common.mx_6.11.1.202404110753\\db\/plugins/boardmanager/
2024-05-10 19:31:06,475 [INFO] ApiDb:261 - Set plugin images path to: C:\ST\STM32CubeIDE_1.14.1\STM32CubeIDE\plugins\com.st.stm32cube.common.mx_6.11.1.202404110753\\db\/plugins/mcufinder/images/
2024-05-10 19:31:06,475 [WARN] DbFile:41 - Overriding database path with different value: C:\Users\andre\.stmcufinder\plugins\mcufinder/ => C:\Users\andre\.stmcufinder\plugins\mcufinder
2024-05-10 19:31:06,475 [INFO] ApiDb:250 - Set database path to: C:\Users\andre\.stmcufinder\plugins\mcufinder//mcu/
2024-05-10 19:31:06,475 [WARN] DbFile:41 - Overriding database path with different value: C:\Users\andre\.stmcufinder\plugins\mcufinder/ => C:\Users\andre\.stmcufinder\plugins\mcufinder
2024-05-10 19:31:06,475 [INFO] DbMcusAds:125 - Set database path to: C:\Users\andre\.stmcufinder\plugins\mcufinder//mcu/
2024-05-10 19:31:06,475 [WARN] DbFile:41 - Overriding database path with different value: C:\Users\andre\.stmcufinder\plugins\mcufinder/ => C:\Users\andre\.stmcufinder\plugins\mcufinder
2024-05-10 19:31:06,476 [WARN] DbFile:41 - Overriding database path with different value: C:\Users\andre\.stmcufinder\plugins\mcufinder/ => C:\Users\andre\.stmcufinder\plugins\mcufinder
2024-05-10 19:31:06,476 [INFO] CrossReferenceDbSqlite:203 - Set database path to: C:\Users\andre\.stmcufinder\plugins\mcufinder//mcu/cs/
2024-05-10 19:31:06,489 [INFO] ApplicationProperties:184 - Using Application install path: C:\ST\STM32CubeIDE_1.14.1\STM32CubeIDE\plugins\com.st.stm32cube.common.mx_6.11.1.202404110753
2024-05-10 19:31:06,491 [INFO] PluginManage:196 - Search for loadable plugins [exclusion list=, ]
2024-05-10 19:31:06,492 [INFO] PluginManage:310 - Check plugin analytics
2024-05-10 19:31:06,636 [INFO] AnalyticsPlugin:253 - Accepted Software Licenses: STM32CubeMX.6.10.0
2024-05-10 19:31:06,636 [INFO] AnalyticsPlugin:255 - Accepted CMSIS Pack Licenses: STMicroelectronics.X-CUBE-AZRTOS-H7.3.2.0
2024-05-10 19:31:06,636 [INFO] AnalyticsPlugin:257 - Accepted Firmware Licenses: FW.H7.1.11.0
2024-05-10 19:31:06,639 [INFO] PluginManage:359 - Loaded plugin analytics (category:tool,tabindex:-1)
2024-05-10 19:31:06,639 [INFO] PluginManage:310 - Check plugin cadmodel
2024-05-10 19:31:06,678 [INFO] CADModel:105 - Init CAD model plugin
2024-05-10 19:31:06,678 [INFO] PluginManage:359 - Loaded plugin cadmodel (category:power,tabindex:5)
2024-05-10 19:31:06,678 [INFO] PluginManage:310 - Check plugin clock
2024-05-10 19:31:06,693 [INFO] PluginManage:359 - Loaded plugin clock (category:base,tabindex:2)
2024-05-10 19:31:06,693 [INFO] PluginManage:310 - Check plugin ddr
2024-05-10 19:31:06,694 [INFO] PluginManage:359 - Loaded plugin ddr (category:tool,tabindex:6)
2024-05-10 19:31:06,695 [INFO] PluginManage:310 - Check plugin filemanager
2024-05-10 19:31:06,824 [INFO] PluginManage:359 - Loaded plugin filemanager (category:base,tabindex:10)
2024-05-10 19:31:06,824 [INFO] PluginManage:310 - Check plugin ipmanager
2024-05-10 19:31:06,830 [INFO] PluginManage:359 - Loaded plugin ipmanager (category:base,tabindex:5)
2024-05-10 19:31:06,830 [INFO] PluginManage:310 - Check plugin lpbam
2024-05-10 19:31:06,858 [INFO] PluginManage:359 - Loaded plugin lpbam (category:base,tabindex:0)
2024-05-10 19:31:06,858 [INFO] PluginManage:310 - Check plugin memorymap
2024-05-10 19:31:06,876 [INFO] PluginManage:359 - Loaded plugin memorymap (category:base,tabindex:4)
2024-05-10 19:31:06,877 [INFO] PluginManage:310 - Check plugin pinoutandconfiguration
2024-05-10 19:31:06,891 [INFO] PluginManage:359 - Loaded plugin pinoutandconfiguration (category:base,tabindex:1)
2024-05-10 19:31:06,891 [INFO] PluginManage:310 - Check plugin pinoutconfig
2024-05-10 19:31:06,973 [WARN] SupportedApi:132 - Cannot load RTOS API schema: s4s-elt-must-match.1: The content of 'definitions' must match (annotation?, (simpleType | complexType)?, (unique | key | keyref)*)). A problem was found starting at: attribute.
2024-05-10 19:31:07,098 [INFO] PluginManage:359 - Loaded plugin pinoutconfig (category:base,tabindex:0)
2024-05-10 19:31:07,098 [INFO] PluginManage:310 - Check plugin power
2024-05-10 19:31:07,116 [INFO] PluginManage:359 - Loaded plugin power (category:power,tabindex:4)
2024-05-10 19:31:07,116 [INFO] PluginManage:310 - Check plugin projectmanager
2024-05-10 19:31:07,131 [INFO] PluginManage:359 - Loaded plugin projectmanager (category:projectmanager,tabindex:3)
2024-05-10 19:31:07,131 [INFO] PluginManage:310 - Check plugin thirdparty
2024-05-10 19:31:07,362 [INFO] PluginManage:359 - Loaded plugin thirdparty (category:base,tabindex:-1)
2024-05-10 19:31:07,362 [INFO] PluginManage:310 - Check plugin tools
2024-05-10 19:31:07,362 [WARN] IntegrityCheckThread:84 - waiting for thirdparty lock release [integrity check]
2024-05-10 19:31:07,363 [INFO] IntegrityCheckThread:86 - entering critical section [integrity check]
2024-05-10 19:31:07,363 [INFO] ThirdPartyUpdaterWithRetryManager:70 - Updater plugin not ready yet. [1/15]
2024-05-10 19:31:07,389 [INFO] PluginManage:359 - Loaded plugin tools (category:base,tabindex:7)
2024-05-10 19:31:07,389 [INFO] PluginManage:310 - Check plugin tutovideos
2024-05-10 19:31:07,592 [INFO] PluginManage:359 - Loaded plugin tutovideos (category:base,tabindex:-1)
2024-05-10 19:31:07,592 [INFO] PluginManage:310 - Check plugin updater
2024-05-10 19:31:07,604 [INFO] PluginManage:359 - Loaded plugin updater (category:base,tabindex:12)
2024-05-10 19:31:07,604 [INFO] PluginManage:310 - Check plugin userauth
2024-05-10 19:31:07,614 [INFO] UserAuth:114 - Init User Auth plugin
2024-05-10 19:31:07,614 [INFO] PluginManage:359 - Loaded plugin userauth (category:base,tabindex:14)
2024-05-10 19:31:07,614 [INFO] PluginManage:283 - PluginManage : Loaded plugins [17]
2024-05-10 19:31:07,864 [INFO] PinOutPanel:1561 - setPackage(No Configuration,No Configuration)
2024-05-10 19:31:07,931 [INFO] CADModel:165 - CPN selected for project level
2024-05-10 19:31:07,931 [INFO] CADModel:114 - Register for checkConnection events
2024-05-10 19:31:07,956 [INFO] IPUIPlugin:80 - create IPUIPlugin
2024-05-10 19:31:07,956 [INFO] PluginManager:220 - loadIPPluginJar : add adc
2024-05-10 19:31:07,984 [INFO] IPUIPlugin:80 - create IPUIPlugin
2024-05-10 19:31:07,984 [INFO] PluginManager:220 - loadIPPluginJar : add aes
2024-05-10 19:31:08,015 [INFO] IPUIPlugin:80 - create IPUIPlugin
2024-05-10 19:31:08,015 [INFO] PluginManager:220 - loadIPPluginJar : add can
2024-05-10 19:31:08,034 [INFO] IPUIPlugin:80 - create IPUIPlugin
2024-05-10 19:31:08,034 [INFO] PluginManager:220 - loadIPPluginJar : add comp
2024-05-10 19:31:08,060 [INFO] IPUIPlugin:80 - create IPUIPlugin
2024-05-10 19:31:08,060 [INFO] PluginManager:220 - loadIPPluginJar : add cryp
2024-05-10 19:31:08,084 [INFO] IPUIPlugin:80 - create IPUIPlugin
2024-05-10 19:31:08,085 [INFO] PluginManager:220 - loadIPPluginJar : add dfsdm
2024-05-10 19:31:08,097 [INFO] IPUIPlugin:80 - create IPUIPlugin
2024-05-10 19:31:08,097 [INFO] PluginManager:220 - loadIPPluginJar : add dma
2024-05-10 19:31:08,134 [INFO] IPUIPlugin:80 - create IPUIPlugin
2024-05-10 19:31:08,134 [INFO] PluginManager:220 - loadIPPluginJar : add dma3
2024-05-10 19:31:08,170 [INFO] IPUIPlugin:80 - create IPUIPlugin
2024-05-10 19:31:08,170 [INFO] PluginManager:220 - loadIPPluginJar : add extmemmanager
2024-05-10 19:31:08,186 [INFO] IPUIPlugin:80 - create IPUIPlugin
2024-05-10 19:31:08,186 [INFO] PluginManager:220 - loadIPPluginJar : add fatfs
2024-05-10 19:31:08,225 [INFO] IPUIPlugin:80 - create IPUIPlugin
2024-05-10 19:31:08,225 [INFO] PluginManager:220 - loadIPPluginJar : add fmc
2024-05-10 19:31:08,238 [INFO] IPUIPlugin:80 - create IPUIPlugin
2024-05-10 19:31:08,239 [INFO] PluginManager:220 - loadIPPluginJar : add freertos
2024-05-10 19:31:08,258 [INFO] IPUIPlugin:80 - create IPUIPlugin
2024-05-10 19:31:08,258 [INFO] PluginManager:220 - loadIPPluginJar : add genericplugin
2024-05-10 19:31:08,330 [INFO] IPUIPlugin:80 - create IPUIPlugin
2024-05-10 19:31:08,330 [INFO] PluginManager:220 - loadIPPluginJar : add gfxmmu
2024-05-10 19:31:08,423 [INFO] IPUIPlugin:80 - create IPUIPlugin
2024-05-10 19:31:08,423 [INFO] PluginManager:220 - loadIPPluginJar : add gic
2024-05-10 19:31:08,434 [INFO] IPUIPlugin:80 - create IPUIPlugin
2024-05-10 19:31:08,435 [INFO] PluginManager:220 - loadIPPluginJar : add gpio
2024-05-10 19:31:08,499 [INFO] IPUIPlugin:80 - create IPUIPlugin
2024-05-10 19:31:08,499 [INFO] PluginManager:220 - loadIPPluginJar : add gtzc
2024-05-10 19:31:08,525 [INFO] IPUIPlugin:80 - create IPUIPlugin
2024-05-10 19:31:08,526 [INFO] PluginManager:220 - loadIPPluginJar : add hash
2024-05-10 19:31:08,564 [INFO] IPUIPlugin:80 - create IPUIPlugin
2024-05-10 19:31:08,564 [INFO] PluginManager:220 - loadIPPluginJar : add i2c
2024-05-10 19:31:08,592 [INFO] IPUIPlugin:80 - create IPUIPlugin
2024-05-10 19:31:08,593 [INFO] PluginManager:220 - loadIPPluginJar : add i2s
2024-05-10 19:31:08,622 [INFO] IPUIPlugin:80 - create IPUIPlugin
2024-05-10 19:31:08,622 [INFO] PluginManager:220 - loadIPPluginJar : add i3c
2024-05-10 19:31:08,706 [INFO] IPUIPlugin:80 - create IPUIPlugin
2024-05-10 19:31:08,706 [INFO] PluginManager:220 - loadIPPluginJar : add ipddr
2024-05-10 19:31:08,771 [INFO] IPUIPlugin:80 - create IPUIPlugin
2024-05-10 19:31:08,771 [INFO] PluginManager:220 - loadIPPluginJar : add linkedlist
2024-05-10 19:31:08,797 [INFO] IPUIPlugin:80 - create IPUIPlugin
2024-05-10 19:31:08,797 [INFO] PluginManager:220 - loadIPPluginJar : add lorawan
2024-05-10 19:31:08,823 [INFO] IPUIPlugin:80 - create IPUIPlugin
2024-05-10 19:31:08,823 [INFO] PluginManager:220 - loadIPPluginJar : add ltdc
2024-05-10 19:31:08,833 [INFO] IPUIPlugin:80 - create IPUIPlugin
2024-05-10 19:31:08,834 [INFO] PluginManager:220 - loadIPPluginJar : add mdma
2024-05-10 19:31:08,842 [INFO] IPUIPlugin:80 - create IPUIPlugin
2024-05-10 19:31:08,843 [INFO] PluginManager:220 - loadIPPluginJar : add nvic
2024-05-10 19:31:08,872 [INFO] IPUIPlugin:80 - create IPUIPlugin
2024-05-10 19:31:08,872 [INFO] PluginManager:220 - loadIPPluginJar : add opamp
2024-05-10 19:31:08,914 [INFO] IPUIPlugin:80 - create IPUIPlugin
2024-05-10 19:31:08,914 [INFO] PluginManager:220 - loadIPPluginJar : add openamp
2024-05-10 19:31:08,945 [INFO] IPUIPlugin:80 - create IPUIPlugin
2024-05-10 19:31:08,945 [INFO] PluginManager:220 - loadIPPluginJar : add pdm2pcm
2024-05-10 19:31:08,956 [INFO] IPUIPlugin:80 - create IPUIPlugin
2024-05-10 19:31:08,958 [INFO] PluginManager:220 - loadIPPluginJar : add plateformsettings
2024-05-10 19:31:08,974 [INFO] IPUIPlugin:80 - create IPUIPlugin
2024-05-10 19:31:08,974 [INFO] PluginManager:220 - loadIPPluginJar : add quadspi
2024-05-10 19:31:08,983 [INFO] IPUIPlugin:80 - create IPUIPlugin
2024-05-10 19:31:08,983 [INFO] PluginManager:220 - loadIPPluginJar : add resmgrutility
2024-05-10 19:31:09,021 [INFO] IPUIPlugin:80 - create IPUIPlugin
2024-05-10 19:31:09,021 [INFO] PluginManager:220 - loadIPPluginJar : add sai
2024-05-10 19:31:09,048 [INFO] IPUIPlugin:80 - create IPUIPlugin
2024-05-10 19:31:09,049 [INFO] PluginManager:220 - loadIPPluginJar : add spi
2024-05-10 19:31:09,097 [INFO] IPUIPlugin:80 - create IPUIPlugin
2024-05-10 19:31:09,097 [INFO] PluginManager:220 - loadIPPluginJar : add stm32_wpan
2024-05-10 19:31:09,114 [INFO] IPUIPlugin:80 - create IPUIPlugin
2024-05-10 19:31:09,114 [INFO] PluginManager:220 - loadIPPluginJar : add tim
2024-05-10 19:31:09,160 [INFO] IPUIPlugin:80 - create IPUIPlugin
2024-05-10 19:31:09,160 [INFO] PluginManager:220 - loadIPPluginJar : add touchsensing
2024-05-10 19:31:09,177 [INFO] IPUIPlugin:80 - create IPUIPlugin
2024-05-10 19:31:09,177 [INFO] PluginManager:220 - loadIPPluginJar : add tracer_emb
2024-05-10 19:31:09,194 [INFO] IPUIPlugin:80 - create IPUIPlugin
2024-05-10 19:31:09,194 [INFO] PluginManager:220 - loadIPPluginJar : add ts
2024-05-10 19:31:09,210 [INFO] IPUIPlugin:80 - create IPUIPlugin
2024-05-10 19:31:09,210 [INFO] PluginManager:220 - loadIPPluginJar : add tsc
2024-05-10 19:31:09,225 [INFO] IPUIPlugin:80 - create IPUIPlugin
2024-05-10 19:31:09,225 [INFO] PluginManager:220 - loadIPPluginJar : add ucpd
2024-05-10 19:31:09,267 [INFO] IPUIPlugin:80 - create IPUIPlugin
2024-05-10 19:31:09,267 [INFO] PluginManager:220 - loadIPPluginJar : add usart
2024-05-10 19:31:09,300 [INFO] IPUIPlugin:80 - create IPUIPlugin
2024-05-10 19:31:09,300 [INFO] PluginManager:220 - loadIPPluginJar : add usbx
2024-05-10 19:31:09,415 [INFO] CADModel:165 - CPN selected for project level
2024-05-10 19:31:09,416 [INFO] CADModel:114 - Register for checkConnection events
2024-05-10 19:31:09,416 [FATAL] Updater:308 - Updater called before beeing initialized
2024-05-10 19:31:09,416 [ERROR] CADModel:125 - Updater not yet initialized, retry later 
2024-05-10 19:31:09,533 [INFO] CADModel:165 - CPN selected for project level
2024-05-10 19:31:09,533 [INFO] CADModel:114 - Register for checkConnection events
2024-05-10 19:31:09,533 [FATAL] Updater:308 - Updater called before beeing initialized
2024-05-10 19:31:09,533 [ERROR] CADModel:125 - Updater not yet initialized, retry later 
2024-05-10 19:31:09,536 [FATAL] Updater:308 - Updater called before beeing initialized
2024-05-10 19:31:09,646 [FATAL] Updater:308 - Updater called before beeing initialized
2024-05-10 19:31:09,654 [INFO] DbMcusAds:53 - JSON generation date=Wed Nov 29 11:52:27 CET 2023 (1701255147349)
2024-05-10 19:31:09,654 [FATAL] Updater:308 - Updater called before beeing initialized
2024-05-10 19:31:09,685 [WARN] DetailPanel:346 - Failed to get advertising image, set to default
2024-05-10 19:31:09,754 [FATAL] Updater:308 - Updater called before beeing initialized
2024-05-10 19:31:09,756 [FATAL] Updater:308 - Updater called before beeing initialized
2024-05-10 19:31:09,756 [FATAL] Updater:308 - Updater called before beeing initialized
2024-05-10 19:31:09,756 [WARN] DetailPanel:346 - Failed to get advertising image, set to default
2024-05-10 19:31:09,756 [FATAL] Updater:308 - Updater called before beeing initialized
2024-05-10 19:31:09,803 [ERROR] Updater:1120 - MainUpdater not yet initialized. External WinMGr cannot be set.
2024-05-10 19:31:09,812 [INFO] Updater:1056 - Updater Version found : 6.11.1
2024-05-10 19:31:09,829 [INFO] ApplicationProperties:184 - Using Application install path: C:\ST\STM32CubeIDE_1.14.1\STM32CubeIDE\plugins\com.st.stm32cube.common.mx_6.11.1.202404110753
2024-05-10 19:31:10,365 [INFO] ThirdPartyUpdaterWithRetryManager:70 - Updater plugin not ready yet. [2/15]
2024-05-10 19:31:11,406 [ERROR] LogOutputStream:75 - [STDERR_REDIRECT] May 10, 2024 7:31:11 PM java.util.prefs.WindowsPreferences <init>
2024-05-10 19:31:11,407 [ERROR] LogOutputStream:75 - [STDERR_REDIRECT] WARNING: Could not open/create prefs root node Software\JavaSoft\Prefs at root 0xffffffff80000002. Windows RegCreateKeyEx(...) returned error code 5.
2024-05-10 19:31:11,407 [ERROR] LogOutputStream:75 - [STDERR_REDIRECT] 
2024-05-10 19:31:11,778 [INFO] MainUpdater:2873 - connection check result : 10
2024-05-10 19:31:11,779 [INFO] MainUpdater:290 - Updater Check For Update Now.
2024-05-10 19:31:11,779 [INFO] MicroXplorer:498 - Change Database Version : DB.6.0.111
2024-05-10 19:31:11,796 [INFO] McuFinderGlobals:63 - Set McuFinder mode to 2 (CubeIDE integrated)
2024-05-10 19:31:11,807 [INFO] UserAuth:415 - Internet connection configuration mode: 1
2024-05-10 19:31:11,837 [INFO] JxBrowserEngine:152 - Initiate JxBrowser Engine with user profile folder
2024-05-10 19:31:11,972 [INFO] CheckServerUpdateThread:120 - End of CheckServer Thread
2024-05-10 19:31:13,493 [WARN] PackLoader:240 - Cannot read IP mode file for STMicroelectronics.FP-SNS-MOTENVWB1.1.4.0
2024-05-10 19:31:13,508 [WARN] PackLoader:240 - Cannot read IP mode file for STMicroelectronics.X-CUBE-SMBUS.2.1.0
2024-05-10 19:31:13,520 [WARN] PackLoader:240 - Cannot read IP mode file for STMicroelectronics.X-CUBE-TOUCHGFX.4.23.1
2024-05-10 19:31:13,530 [WARN] PackLoader:240 - Cannot read IP mode file for STMicroelectronics.X-CUBE-TOUCHGFX.4.23.0
2024-05-10 19:31:13,539 [WARN] PackLoader:240 - Cannot read IP mode file for STMicroelectronics.X-CUBE-TOUCHGFX.4.23.2
2024-05-10 19:31:13,580 [WARN] PackLoader:240 - Cannot read IP mode file for STMicroelectronics.X-CUBE-AZRTOS-F7.1.1.0
2024-05-10 19:31:13,596 [WARN] PackLoader:240 - Cannot read IP mode file for STMicroelectronics.FP-SNS-MOTENV1.4.3.2
2024-05-10 19:31:13,609 [WARN] PackLoader:240 - Cannot read IP mode file for STMicroelectronics.FP-SNS-FLIGHT1.5.0.2
2024-05-10 19:31:13,627 [WARN] PackLoader:240 - Cannot read IP mode file for STMicroelectronics.X-CUBE-DISPLAY.3.0.0
2024-05-10 19:31:13,648 [WARN] PackLoader:240 - Cannot read IP mode file for STMicroelectronics.X-CUBE-BLE1.7.0.0
2024-05-10 19:31:13,661 [WARN] PackLoader:240 - Cannot read IP mode file for emotas.I-CUBE-CANOPEN.1.3.0
2024-05-10 19:31:13,682 [WARN] PackLoader:240 - Cannot read IP mode file for STMicroelectronics.X-CUBE-BLEMGR.3.1.0
2024-05-10 19:31:13,703 [WARN] PackLoader:240 - Cannot read IP mode file for STMicroelectronics.FP-SNS-SMARTAG2.1.2.0
2024-05-10 19:31:13,722 [INFO] LogOutputStream:77 - [STDOUT_REDIRECT] 1 : Invalid condition id : UX_CORESTACK_Condition cause : null
2024-05-10 19:31:13,722 [INFO] LogOutputStream:77 - [STDOUT_REDIRECT] 1 : Invalid condition id : UX_CORESTACK_Condition cause : null
2024-05-10 19:31:13,723 [INFO] LogOutputStream:77 - [STDOUT_REDIRECT] 1 : Invalid condition id : UX_CORESTACK_Condition cause : null
2024-05-10 19:31:13,725 [INFO] LogOutputStream:77 - [STDOUT_REDIRECT] 1 : Invalid condition id : UX_CORESTACK_Condition cause : null
2024-05-10 19:31:13,725 [INFO] LogOutputStream:77 - [STDOUT_REDIRECT] 1 : Invalid condition id : UX_CORESTACK_Condition cause : null
2024-05-10 19:31:13,728 [WARN] PackLoader:240 - Cannot read IP mode file for STMicroelectronics.X-CUBE-AZRTOS-WL.2.0.0
2024-05-10 19:31:13,741 [WARN] PackLoader:240 - Cannot read IP mode file for STMicroelectronics.FP-SNS-MOTENV1.5.0.0
2024-05-10 19:31:13,758 [WARN] PackLoader:240 - Cannot read IP mode file for WES.I-CUBE-Cesium.1.3.0
2024-05-10 19:31:13,768 [WARN] PackLoader:240 - Cannot read IP mode file for STMicroelectronics.X-CUBE-BLE2.3.3.0
2024-05-10 19:31:13,783 [WARN] PackLoader:240 - Cannot read IP mode file for STMicroelectronics.X-CUBE-TCPP.4.1.0
2024-05-10 19:31:13,798 [WARN] PackLoader:240 - Cannot read IP mode file for STMicroelectronics.X-CUBE-ALGOBUILD.1.3.0
2024-05-10 19:31:13,823 [WARN] PackLoader:240 - Cannot read IP mode file for STMicroelectronics.X-CUBE-AZRTOS-G0.1.1.0
2024-05-10 19:31:13,837 [WARN] PackLoader:240 - Cannot read IP mode file for STMicroelectronics.X-CUBE-SAFEA1.1.2.2
2024-05-10 19:31:13,850 [WARN] PackLoader:240 - Cannot read IP mode file for STMicroelectronics.X-CUBE-NFC4.3.0.0
2024-05-10 19:31:13,864 [WARN] PackLoader:240 - Cannot read IP mode file for STMicroelectronics.FP-ATR-SIGFOX1.3.2.0
2024-05-10 19:31:13,880 [WARN] PackLoader:240 - Cannot read IP mode file for STMicroelectronics.X-CUBE-EEPRMA1.5.1.0
2024-05-10 19:31:13,915 [WARN] PackLoader:240 - Cannot read IP mode file for SEGGER.I-CUBE-embOS.1.3.1
2024-05-10 19:31:13,968 [WARN] PackLoader:240 - Cannot read IP mode file for STMicroelectronics.X-CUBE-GNSS1.6.0.0
2024-05-10 19:31:13,993 [WARN] PackLoader:240 - Cannot read IP mode file for STMicroelectronics.X-CUBE-AZRTOS-F4.1.1.0
2024-05-10 19:31:14,010 [WARN] PackLoader:240 - Cannot read IP mode file for STMicroelectronics.X-CUBE-FREERTOS.1.2.0
2024-05-10 19:31:14,023 [WARN] PackLoader:240 - Cannot read IP mode file for wolfSSL.I-CUBE-wolfSSL.5.6.6
2024-05-10 19:31:14,048 [WARN] PackLoader:240 - Cannot read IP mode file for STMicroelectronics.X-CUBE-AZRTOS-L5.2.0.0
2024-05-10 19:31:14,064 [WARN] PackLoader:240 - Cannot read IP mode file for STMicroelectronics.X-CUBE-NFC6.3.1.0
2024-05-10 19:31:14,076 [WARN] PackLoader:240 - Cannot read IP mode file for ITTIA_DB.I-CUBE-ITTIADB.8.8.0
2024-05-10 19:31:14,088 [WARN] PackLoader:240 - Cannot read IP mode file for STMicroelectronics.X-CUBE-AI.9.0.0
2024-05-10 19:31:14,100 [WARN] PackLoader:240 - Cannot read IP mode file for STMicroelectronics.X-CUBE-NFC7.1.0.1
2024-05-10 19:31:14,113 [WARN] PackLoader:240 - Cannot read IP mode file for STMicroelectronics.X-CUBE-NFC6.3.0.0
2024-05-10 19:31:14,125 [WARN] PackLoader:240 - Cannot read IP mode file for STMicroelectronics.X-CUBE-AI.8.1.0
2024-05-10 19:31:14,154 [WARN] ConditionMgr:438 - getConditionDescription Invalid condition id : LAN8742 Phy interface Condition cause : null
2024-05-10 19:31:14,155 [WARN] PackLoader:240 - Cannot read IP mode file for STMicroelectronics.X-CUBE-AZRTOS-L4.2.0.0
2024-05-10 19:31:14,157 [WARN] ConditionMgr:1039 - genDependencies : Invalid condition id : LAN8742 Phy interface Condition cause : null
2024-05-10 19:31:14,157 [WARN] ConditionMgr:1039 - genDependencies : Invalid condition id : LAN8742 Phy interface Condition cause : null
2024-05-10 19:31:14,157 [WARN] ConditionMgr:1039 - genDependencies : Invalid condition id : LAN8742 Phy interface Condition cause : null
2024-05-10 19:31:14,170 [WARN] PackLoader:240 - Cannot read IP mode file for STMicroelectronics.X-CUBE-SFXS2LP1.4.0.0
2024-05-10 19:31:14,191 [WARN] ConditionMgr:438 - getConditionDescription Invalid condition id : UX DEVICE CLASS RTOS Condition cause : null
2024-05-10 19:31:14,191 [WARN] ConditionMgr:438 - getConditionDescription Invalid condition id : UX DEVICE CLASS RTOS Condition cause : null
2024-05-10 19:31:14,193 [WARN] PackLoader:240 - Cannot read IP mode file for STMicroelectronics.X-CUBE-AZRTOS-WB.2.0.0
2024-05-10 19:31:14,193 [WARN] ConditionMgr:1039 - genDependencies : Invalid condition id : UX DEVICE CLASS RTOS Condition cause : null
2024-05-10 19:31:14,193 [WARN] ConditionMgr:1039 - genDependencies : Invalid condition id : UX DEVICE CLASS RTOS Condition cause : null
2024-05-10 19:31:14,193 [WARN] ConditionMgr:1039 - genDependencies : Invalid condition id : UX DEVICE CLASS RTOS Condition cause : null
2024-05-10 19:31:14,193 [WARN] ConditionMgr:1039 - genDependencies : Invalid condition id : UX DEVICE CLASS RTOS Condition cause : null
2024-05-10 19:31:14,194 [WARN] ConditionMgr:1039 - genDependencies : Invalid condition id : UX DEVICE CLASS RTOS Condition cause : null
2024-05-10 19:31:14,210 [WARN] PackLoader:240 - Cannot read IP mode file for STMicroelectronics.X-CUBE-SUBG2.5.0.0
2024-05-10 19:31:14,238 [WARN] PackLoader:240 - Cannot read IP mode file for STMicroelectronics.X-CUBE-AZRTOS-G4.2.0.0
2024-05-10 19:31:14,261 [WARN] PackLoader:240 - Cannot read IP mode file for Infineon.AIROC-Wi-Fi-Bluetooth-STM32.1.5.1
2024-05-10 19:31:14,276 [WARN] PackLoader:240 - Cannot read IP mode file for STMicroelectronics.FP-SNS-MOTENVWB1.1.3.1
2024-05-10 19:31:14,289 [WARN] PackLoader:240 - Cannot read IP mode file for STMicroelectronics.X-CUBE-ISPU.2.0.0
2024-05-10 19:31:14,336 [WARN] PackLoader:240 - Cannot read IP mode file for STMicroelectronics.X-CUBE-MEMS1.10.0.0
2024-05-10 19:31:14,442 [WARN] PackLoader:240 - Cannot read IP mode file for STMicroelectronics.X-CUBE-FREERTOS.1.1.0
2024-05-10 19:31:14,459 [WARN] PackLoader:240 - Cannot read IP mode file for portGmbH.I-Cube-SoM-uGOAL.1.1.0
2024-05-10 19:31:14,474 [WARN] PackLoader:240 - Cannot read IP mode file for STMicroelectronics.X-CUBE-ALS.1.0.1
2024-05-10 19:31:14,519 [WARN] PackLoader:240 - Cannot read IP mode file for STMicroelectronics.X-CUBE-AZRTOS-H7RS.1.0.0
2024-05-10 19:31:14,536 [WARN] PackLoader:240 - Cannot read IP mode file for STMicroelectronics.FP-ATR-ASTRA1.2.0.0
2024-05-10 19:31:14,559 [WARN] PackLoader:240 - Cannot read IP mode file for STMicroelectronics.X-CUBE-TOF1.3.4.1
2024-05-10 19:31:14,605 [WARN] PackLoader:240 - Cannot read IP mode file for STMicroelectronics.X-CUBE-AZRTOS-H7.3.2.0
2024-05-10 19:31:14,849 [INFO] ThirdParty:978 - Integrity check success = true
2024-05-10 19:31:14,849 [INFO] IntegrityCheckThread:100 - exiting critical section [integrity check]
2024-05-10 19:31:14,849 [INFO] IntegrityCheckThread:103 - End integrity checks thread
2024-05-10 19:31:15,588 [INFO] WebApp:161 - Instantiating new browser for Auth
2024-05-10 19:31:16,262 [INFO] WebApp:779 - Register for checkConnection events
2024-05-10 19:31:16,262 [INFO] WebApp:414 - Apply proxy settings
2024-05-10 19:31:16,262 [INFO] WebApp:499 - Chromium requires no authentication
2024-05-10 19:31:16,270 [INFO] WebApp:442 - Direct internet connection detected
2024-05-10 19:31:16,402 [INFO] WebApp:192 - Starting web application
2024-05-10 19:31:16,402 [INFO] WebApp:544 - Web application path used C:\ST\STM32CubeIDE_1.14.1\STM32CubeIDE\plugins\com.st.stm32cube.common.mx_6.11.1.202404110753\db\plugins\mcufinder\reactClient1\index.html
